<?xml version="1.0" encoding="UTF-8"?>
<coverage generated="1777430775021" clover="3.2.0">
  <project timestamp="1777430775022" name="All files">
    <metrics statements="1133" coveredstatements="873" conditionals="463" coveredconditionals="276" methods="135" coveredmethods="110" elements="1731" coveredelements="1259" complexity="0" loc="1133" ncloc="1133" packages="7" files="31" classes="31"/>
    <package name="server">
      <metrics statements="67" coveredstatements="50" conditionals="17" coveredconditionals="6" methods="5" coveredmethods="3"/>
      <file name="app.js" path="C:\Users\bhisma\.gemini\antigravity\sistem_voice\server\app.js">
        <metrics statements="67" coveredstatements="50" conditionals="17" coveredconditionals="6" methods="5" coveredmethods="3"/>
        <line num="1" count="8" type="stmt"/>
        <line num="2" count="8" type="stmt"/>
        <line num="3" count="8" type="stmt"/>
        <line num="4" count="8" type="stmt"/>
        <line num="5" count="8" type="stmt"/>
        <line num="6" count="8" type="stmt"/>
        <line num="7" count="8" type="stmt"/>
        <line num="10" count="8" type="stmt"/>
        <line num="11" count="8" type="stmt"/>
        <line num="14" count="8" type="stmt"/>
        <line num="15" count="8" type="stmt"/>
        <line num="16" count="8" type="stmt"/>
        <line num="17" count="8" type="stmt"/>
        <line num="18" count="8" type="stmt"/>
        <line num="19" count="8" type="stmt"/>
        <line num="20" count="8" type="stmt"/>
        <line num="21" count="8" type="stmt"/>
        <line num="22" count="8" type="stmt"/>
        <line num="24" count="8" type="stmt"/>
        <line num="27" count="8" type="stmt"/>
        <line num="28" count="8" type="stmt"/>
        <line num="34" count="8" type="stmt"/>
        <line num="35" count="153" type="stmt"/>
        <line num="36" count="8" type="cond" truecount="1" falsecount="1"/>
        <line num="37" count="8" type="cond" truecount="1" falsecount="1"/>
        <line num="39" count="8" type="stmt"/>
        <line num="42" count="8" type="stmt"/>
        <line num="43" count="8" type="stmt"/>
        <line num="46" count="8" type="cond" truecount="1" falsecount="1"/>
        <line num="47" count="8" type="cond" truecount="1" falsecount="1"/>
        <line num="48" count="8" type="stmt"/>
        <line num="53" count="8" type="stmt"/>
        <line num="54" count="8" type="stmt"/>
        <line num="57" count="8" type="stmt"/>
        <line num="58" count="1" type="stmt"/>
        <line num="62" count="8" type="stmt"/>
        <line num="63" count="8" type="stmt"/>
        <line num="64" count="8" type="stmt"/>
        <line num="65" count="8" type="stmt"/>
        <line num="66" count="8" type="stmt"/>
        <line num="67" count="8" type="stmt"/>
        <line num="68" count="8" type="stmt"/>
        <line num="69" count="8" type="stmt"/>
        <line num="70" count="8" type="stmt"/>
        <line num="71" count="8" type="stmt"/>
        <line num="74" count="8" type="cond" truecount="1" falsecount="1"/>
        <line num="75" count="0" type="stmt"/>
        <line num="76" count="0" type="stmt"/>
        <line num="78" count="0" type="stmt"/>
        <line num="79" count="0" type="stmt"/>
        <line num="80" count="0" type="stmt"/>
        <line num="81" count="0" type="stmt"/>
        <line num="82" count="0" type="stmt"/>
        <line num="83" count="0" type="cond" truecount="0" falsecount="5"/>
        <line num="84" count="0" type="stmt"/>
        <line num="87" count="0" type="stmt"/>
        <line num="91" count="0" type="stmt"/>
        <line num="92" count="0" type="stmt"/>
        <line num="93" count="0" type="stmt"/>
        <line num="94" count="0" type="stmt"/>
        <line num="95" count="0" type="stmt"/>
        <line num="96" count="0" type="stmt"/>
        <line num="98" count="0" type="stmt"/>
        <line num="104" count="8" type="stmt"/>
        <line num="105" count="1" type="stmt"/>
        <line num="107" count="8" type="stmt"/>
        <line num="109" count="8" type="stmt"/>
      </file>
    </package>
    <package name="server.config">
      <metrics statements="31" coveredstatements="31" conditionals="16" coveredconditionals="9" methods="2" coveredmethods="2"/>
      <file name="database.js" path="C:\Users\bhisma\.gemini\antigravity\sistem_voice\server\config\database.js">
        <metrics statements="31" coveredstatements="31" conditionals="16" coveredconditionals="9" methods="2" coveredmethods="2"/>
        <line num="1" count="8" type="stmt"/>
        <line num="2" count="8" type="stmt"/>
        <line num="3" count="8" type="stmt"/>
        <line num="5" count="8" type="stmt"/>
        <line num="21" count="8" type="stmt"/>
        <line num="27" count="8" type="stmt"/>
        <line num="28" count="8" type="stmt"/>
        <line num="31" count="8" type="stmt"/>
        <line num="34" count="8" type="stmt"/>
        <line num="35" count="8" type="stmt"/>
        <line num="36" count="8" type="stmt"/>
        <line num="56" count="8" type="stmt"/>
        <line num="67" count="8" type="stmt"/>
        <line num="83" count="8" type="stmt"/>
        <line num="99" count="8" type="stmt"/>
        <line num="126" count="8" type="stmt"/>
        <line num="140" count="8" type="stmt"/>
        <line num="156" count="8" type="stmt"/>
        <line num="170" count="8" type="stmt"/>
        <line num="171" count="8" type="stmt"/>
        <line num="173" count="8" type="cond" truecount="1" falsecount="1"/>
        <line num="177" count="8" type="stmt"/>
        <line num="178" count="8" type="stmt"/>
        <line num="180" count="8" type="cond" truecount="1" falsecount="1"/>
        <line num="183" count="8" type="stmt"/>
        <line num="201" count="8" type="stmt"/>
        <line num="203" count="8" type="stmt"/>
        <line num="206" count="8" type="stmt"/>
        <line num="210" count="672" type="cond" truecount="1" falsecount="1"/>
        <line num="211" count="672" type="stmt"/>
        <line num="214" count="8" type="stmt"/>
      </file>
    </package>
    <package name="server.controllers">
      <metrics statements="425" coveredstatements="268" conditionals="177" coveredconditionals="93" methods="56" coveredmethods="44"/>
      <file name="authController.js" path="C:\Users\bhisma\.gemini\antigravity\sistem_voice\server\controllers\authController.js">
        <metrics statements="84" coveredstatements="56" conditionals="24" coveredconditionals="15" methods="8" coveredmethods="7"/>
        <line num="1" count="8" type="stmt"/>
        <line num="2" count="8" type="stmt"/>
        <line num="3" count="8" type="stmt"/>
        <line num="6" count="7" type="cond" truecount="1" falsecount="1"/>
        <line num="10" count="6" type="cond" truecount="1" falsecount="1"/>
        <line num="13" count="8" type="stmt"/>
        <line num="15" count="6" type="stmt"/>
        <line num="16" count="6" type="stmt"/>
        <line num="17" count="6" type="stmt"/>
        <line num="18" count="6" type="cond" truecount="2" falsecount="0"/>
        <line num="19" count="1" type="stmt"/>
        <line num="21" count="5" type="stmt"/>
        <line num="22" count="5" type="stmt"/>
        <line num="23" count="5" type="stmt"/>
        <line num="24" count="5" type="stmt"/>
        <line num="26" count="5" type="stmt"/>
        <line num="27" count="5" type="stmt"/>
        <line num="28" count="5" type="stmt"/>
        <line num="30" count="5" type="stmt"/>
        <line num="31" count="0" type="stmt"/>
        <line num="35" count="3" type="stmt"/>
        <line num="36" count="3" type="stmt"/>
        <line num="37" count="3" type="stmt"/>
        <line num="38" count="3" type="cond" truecount="2" falsecount="0"/>
        <line num="39" count="1" type="stmt"/>
        <line num="41" count="2" type="stmt"/>
        <line num="42" count="2" type="cond" truecount="2" falsecount="0"/>
        <line num="43" count="1" type="stmt"/>
        <line num="45" count="1" type="stmt"/>
        <line num="46" count="1" type="stmt"/>
        <line num="48" count="1" type="stmt"/>
        <line num="49" count="1" type="stmt"/>
        <line num="50" count="1" type="stmt"/>
        <line num="52" count="1" type="stmt"/>
        <line num="53" count="1" type="stmt"/>
        <line num="54" count="0" type="stmt"/>
        <line num="58" count="0" type="stmt"/>
        <line num="59" count="0" type="stmt"/>
        <line num="60" count="0" type="cond" truecount="0" falsecount="2"/>
        <line num="62" count="0" type="stmt"/>
        <line num="63" count="0" type="stmt"/>
        <line num="64" count="0" type="stmt"/>
        <line num="68" count="0" type="stmt"/>
        <line num="69" count="0" type="stmt"/>
        <line num="70" count="0" type="stmt"/>
        <line num="72" count="0" type="stmt"/>
        <line num="73" count="0" type="cond" truecount="0" falsecount="2"/>
        <line num="74" count="0" type="stmt"/>
        <line num="75" count="0" type="stmt"/>
        <line num="78" count="0" type="stmt"/>
        <line num="79" count="0" type="stmt"/>
        <line num="81" count="0" type="stmt"/>
        <line num="82" count="0" type="stmt"/>
        <line num="83" count="0" type="stmt"/>
        <line num="85" count="0" type="stmt"/>
        <line num="86" count="0" type="stmt"/>
        <line num="87" count="0" type="stmt"/>
        <line num="91" count="4" type="stmt"/>
        <line num="92" count="4" type="stmt"/>
        <line num="93" count="4" type="cond" truecount="2" falsecount="0"/>
        <line num="94" count="1" type="stmt"/>
        <line num="96" count="3" type="stmt"/>
        <line num="97" count="3" type="cond" truecount="2" falsecount="0"/>
        <line num="98" count="2" type="stmt"/>
        <line num="100" count="1" type="stmt"/>
        <line num="101" count="1" type="stmt"/>
        <line num="102" count="1" type="stmt"/>
        <line num="103" count="1" type="cond" truecount="1" falsecount="1"/>
        <line num="104" count="1" type="stmt"/>
        <line num="105" count="1" type="stmt"/>
        <line num="107" count="0" type="stmt"/>
        <line num="108" count="0" type="stmt"/>
        <line num="110" count="0" type="stmt"/>
        <line num="114" count="2" type="stmt"/>
        <line num="115" count="2" type="stmt"/>
        <line num="116" count="2" type="cond" truecount="1" falsecount="1"/>
        <line num="117" count="2" type="stmt"/>
        <line num="118" count="0" type="stmt"/>
        <line num="122" count="1" type="stmt"/>
        <line num="123" count="1" type="stmt"/>
        <line num="124" count="1" type="cond" truecount="1" falsecount="1"/>
        <line num="125" count="1" type="stmt"/>
        <line num="126" count="0" type="stmt"/>
        <line num="130" count="8" type="stmt"/>
      </file>
      <file name="contactController.js" path="C:\Users\bhisma\.gemini\antigravity\sistem_voice\server\controllers\contactController.js">
        <metrics statements="26" coveredstatements="21" conditionals="6" coveredconditionals="5" methods="5" coveredmethods="5"/>
        <line num="1" count="8" type="stmt"/>
        <line num="3" count="8" type="stmt"/>
        <line num="5" count="5" type="stmt"/>
        <line num="6" count="5" type="stmt"/>
        <line num="7" count="5" type="stmt"/>
        <line num="8" count="0" type="stmt"/>
        <line num="11" count="3" type="stmt"/>
        <line num="12" count="3" type="stmt"/>
        <line num="13" count="3" type="cond" truecount="2" falsecount="0"/>
        <line num="14" count="1" type="stmt"/>
        <line num="15" count="0" type="stmt"/>
        <line num="18" count="2" type="stmt"/>
        <line num="19" count="2" type="stmt"/>
        <line num="20" count="2" type="stmt"/>
        <line num="21" count="0" type="stmt"/>
        <line num="24" count="1" type="stmt"/>
        <line num="25" count="1" type="stmt"/>
        <line num="26" count="1" type="cond" truecount="1" falsecount="1"/>
        <line num="27" count="1" type="stmt"/>
        <line num="28" count="0" type="stmt"/>
        <line num="31" count="2" type="stmt"/>
        <line num="32" count="2" type="stmt"/>
        <line num="33" count="2" type="cond" truecount="2" falsecount="0"/>
        <line num="34" count="1" type="stmt"/>
        <line num="35" count="0" type="stmt"/>
        <line num="39" count="8" type="stmt"/>
      </file>
      <file name="dashboardController.js" path="C:\Users\bhisma\.gemini\antigravity\sistem_voice\server\controllers\dashboardController.js">
        <metrics statements="44" coveredstatements="36" conditionals="8" coveredconditionals="8" methods="8" coveredmethods="8"/>
        <line num="1" count="8" type="stmt"/>
        <line num="2" count="8" type="stmt"/>
        <line num="4" count="8" type="stmt"/>
        <line num="6" count="1" type="stmt"/>
        <line num="7" count="1" type="stmt"/>
        <line num="8" count="1" type="stmt"/>
        <line num="9" count="1" type="stmt"/>
        <line num="10" count="0" type="stmt"/>
        <line num="14" count="1" type="stmt"/>
        <line num="15" count="1" type="cond" truecount="2" falsecount="0"/>
        <line num="16" count="1" type="stmt"/>
        <line num="17" count="1" type="stmt"/>
        <line num="18" count="0" type="stmt"/>
        <line num="22" count="1" type="stmt"/>
        <line num="23" count="1" type="stmt"/>
        <line num="24" count="1" type="stmt"/>
        <line num="25" count="0" type="stmt"/>
        <line num="29" count="8" type="stmt"/>
        <line num="31" count="1" type="stmt"/>
        <line num="32" count="1" type="stmt"/>
        <line num="33" count="1" type="stmt"/>
        <line num="34" count="0" type="stmt"/>
        <line num="38" count="1" type="stmt"/>
        <line num="39" count="1" type="stmt"/>
        <line num="40" count="1" type="cond" truecount="2" falsecount="0"/>
        <line num="41" count="1" type="cond" truecount="2" falsecount="0"/>
        <line num="42" count="1" type="stmt"/>
        <line num="43" count="1" type="stmt"/>
        <line num="44" count="0" type="stmt"/>
        <line num="48" count="1" type="stmt"/>
        <line num="49" count="1" type="cond" truecount="2" falsecount="0"/>
        <line num="50" count="1" type="stmt"/>
        <line num="51" count="1" type="stmt"/>
        <line num="52" count="0" type="stmt"/>
        <line num="56" count="8" type="stmt"/>
        <line num="58" count="2" type="stmt"/>
        <line num="59" count="2" type="stmt"/>
        <line num="60" count="2" type="stmt"/>
        <line num="61" count="0" type="stmt"/>
        <line num="65" count="2" type="stmt"/>
        <line num="66" count="2" type="stmt"/>
        <line num="67" count="2" type="stmt"/>
        <line num="68" count="0" type="stmt"/>
        <line num="72" count="8" type="stmt"/>
      </file>
      <file name="debtController.js" path="C:\Users\bhisma\.gemini\antigravity\sistem_voice\server\controllers\debtController.js">
        <metrics statements="41" coveredstatements="34" conditionals="14" coveredconditionals="10" methods="7" coveredmethods="7"/>
        <line num="1" count="8" type="stmt"/>
        <line num="2" count="8" type="stmt"/>
        <line num="3" count="8" type="stmt"/>
        <line num="5" count="8" type="stmt"/>
        <line num="8" count="4" type="stmt"/>
        <line num="9" count="4" type="stmt"/>
        <line num="10" count="4" type="stmt"/>
        <line num="11" count="0" type="stmt"/>
        <line num="16" count="3" type="stmt"/>
        <line num="17" count="3" type="stmt"/>
        <line num="18" count="3" type="stmt"/>
        <line num="19" count="3" type="stmt"/>
        <line num="20" count="0" type="stmt"/>
        <line num="25" count="1" type="stmt"/>
        <line num="26" count="1" type="cond" truecount="1" falsecount="1"/>
        <line num="27" count="1" type="stmt"/>
        <line num="28" count="1" type="stmt"/>
        <line num="29" count="0" type="stmt"/>
        <line num="34" count="2" type="stmt"/>
        <line num="35" count="2" type="stmt"/>
        <line num="38" count="2" type="stmt"/>
        <line num="39" count="2" type="cond" truecount="2" falsecount="0"/>
        <line num="41" count="1" type="stmt"/>
        <line num="50" count="1" type="stmt"/>
        <line num="51" count="1" type="stmt"/>
        <line num="52" count="0" type="stmt"/>
        <line num="57" count="1" type="stmt"/>
        <line num="58" count="1" type="stmt"/>
        <line num="59" count="1" type="stmt"/>
        <line num="60" count="0" type="stmt"/>
        <line num="65" count="2" type="stmt"/>
        <line num="66" count="2" type="stmt"/>
        <line num="67" count="2" type="cond" truecount="2" falsecount="0"/>
        <line num="68" count="1" type="stmt"/>
        <line num="69" count="0" type="stmt"/>
        <line num="74" count="1" type="stmt"/>
        <line num="75" count="1" type="stmt"/>
        <line num="76" count="1" type="cond" truecount="1" falsecount="1"/>
        <line num="77" count="1" type="stmt"/>
        <line num="78" count="0" type="stmt"/>
        <line num="82" count="8" type="stmt"/>
      </file>
      <file name="documentController.js" path="C:\Users\bhisma\.gemini\antigravity\sistem_voice\server\controllers\documentController.js">
        <metrics statements="98" coveredstatements="79" conditionals="63" coveredconditionals="49" methods="11" coveredmethods="10"/>
        <line num="1" count="8" type="stmt"/>
        <line num="2" count="8" type="stmt"/>
        <line num="3" count="8" type="stmt"/>
        <line num="4" count="8" type="stmt"/>
        <line num="5" count="8" type="stmt"/>
        <line num="7" count="8" type="stmt"/>
        <line num="9" count="5" type="stmt"/>
        <line num="10" count="5" type="stmt"/>
        <line num="13" count="5" type="cond" truecount="1" falsecount="1"/>
        <line num="14" count="5" type="cond" truecount="2" falsecount="0"/>
        <line num="17" count="5" type="stmt"/>
        <line num="18" count="5" type="stmt"/>
        <line num="21" count="5" type="cond" truecount="5" falsecount="0"/>
        <line num="22" count="4" type="stmt"/>
        <line num="25" count="5" type="stmt"/>
        <line num="26" count="5" type="stmt"/>
        <line num="29" count="5" type="cond" truecount="3" falsecount="1"/>
        <line num="30" count="0" type="stmt"/>
        <line num="33" count="5" type="stmt"/>
        <line num="35" count="0" type="cond" truecount="0" falsecount="2"/>
        <line num="36" count="0" type="stmt"/>
        <line num="38" count="0" type="stmt"/>
        <line num="43" count="5" type="stmt"/>
        <line num="44" count="5" type="stmt"/>
        <line num="45" count="5" type="stmt"/>
        <line num="46" count="5" type="stmt"/>
        <line num="47" count="0" type="stmt"/>
        <line num="51" count="3" type="stmt"/>
        <line num="52" count="3" type="stmt"/>
        <line num="53" count="3" type="cond" truecount="2" falsecount="0"/>
        <line num="54" count="2" type="stmt"/>
        <line num="55" count="0" type="stmt"/>
        <line num="59" count="0" type="stmt"/>
        <line num="60" count="0" type="stmt"/>
        <line num="61" count="0" type="cond" truecount="0" falsecount="2"/>
        <line num="63" count="0" type="stmt"/>
        <line num="84" count="0" type="stmt"/>
        <line num="85" count="0" type="stmt"/>
        <line num="89" count="2" type="stmt"/>
        <line num="90" count="2" type="stmt"/>
        <line num="91" count="2" type="cond" truecount="1" falsecount="1"/>
        <line num="93" count="2" type="cond" truecount="4" falsecount="0"/>
        <line num="94" count="1" type="stmt"/>
        <line num="97" count="1" type="stmt"/>
        <line num="98" count="1" type="stmt"/>
        <line num="99" count="1" type="stmt"/>
        <line num="100" count="0" type="stmt"/>
        <line num="104" count="2" type="stmt"/>
        <line num="105" count="2" type="stmt"/>
        <line num="106" count="2" type="stmt"/>
        <line num="107" count="2" type="cond" truecount="1" falsecount="1"/>
        <line num="109" count="2" type="stmt"/>
        <line num="110" count="2" type="stmt"/>
        <line num="113" count="2" type="cond" truecount="3" falsecount="1"/>
        <line num="114" count="2" type="stmt"/>
        <line num="117" count="2" type="stmt"/>
        <line num="118" count="0" type="stmt"/>
        <line num="123" count="18" type="stmt"/>
        <line num="124" count="18" type="stmt"/>
        <line num="125" count="18" type="stmt"/>
        <line num="126" count="18" type="cond" truecount="2" falsecount="0"/>
        <line num="128" count="17" type="cond" truecount="2" falsecount="0"/>
        <line num="129" count="1" type="stmt"/>
        <line num="131" count="16" type="cond" truecount="2" falsecount="0"/>
        <line num="132" count="1" type="stmt"/>
        <line num="136" count="15" type="stmt"/>
        <line num="137" count="15" type="stmt"/>
        <line num="148" count="15" type="stmt"/>
        <line num="150" count="15" type="stmt"/>
        <line num="153" count="15" type="cond" truecount="2" falsecount="0"/>
        <line num="157" count="15" type="stmt"/>
        <line num="162" count="0" type="stmt"/>
        <line num="167" count="4" type="stmt"/>
        <line num="168" count="4" type="stmt"/>
        <line num="169" count="4" type="cond" truecount="1" falsecount="1"/>
        <line num="171" count="4" type="cond" truecount="2" falsecount="0"/>
        <line num="172" count="1" type="stmt"/>
        <line num="175" count="3" type="stmt"/>
        <line num="176" count="3" type="stmt"/>
        <line num="178" count="3" type="stmt"/>
        <line num="183" count="0" type="stmt"/>
        <line num="188" count="4" type="stmt"/>
        <line num="189" count="4" type="stmt"/>
        <line num="190" count="4" type="cond" truecount="2" falsecount="0"/>
        <line num="191" count="3" type="stmt"/>
        <line num="192" count="0" type="stmt"/>
        <line num="196" count="2" type="stmt"/>
        <line num="197" count="2" type="stmt"/>
        <line num="198" count="2" type="cond" truecount="2" falsecount="0"/>
        <line num="199" count="1" type="stmt"/>
        <line num="200" count="0" type="stmt"/>
        <line num="204" count="1" type="stmt"/>
        <line num="205" count="1" type="stmt"/>
        <line num="206" count="1" type="cond" truecount="3" falsecount="1"/>
        <line num="207" count="1" type="stmt"/>
        <line num="208" count="1" type="stmt"/>
        <line num="209" count="0" type="stmt"/>
        <line num="213" count="8" type="stmt"/>
      </file>
      <file name="paymentController.js" path="C:\Users\bhisma\.gemini\antigravity\sistem_voice\server\controllers\paymentController.js">
        <metrics statements="76" coveredstatements="7" conditionals="48" coveredconditionals="0" methods="8" coveredmethods="0"/>
        <line num="1" count="8" type="stmt"/>
        <line num="2" count="8" type="stmt"/>
        <line num="3" count="8" type="stmt"/>
        <line num="4" count="8" type="stmt"/>
        <line num="7" count="8" type="stmt"/>
        <line num="13" count="8" type="stmt"/>
        <line num="15" count="0" type="stmt"/>
        <line num="16" count="0" type="stmt"/>
        <line num="17" count="0" type="stmt"/>
        <line num="19" count="0" type="cond" truecount="0" falsecount="2"/>
        <line num="20" count="0" type="stmt"/>
        <line num="23" count="0" type="stmt"/>
        <line num="24" count="0" type="stmt"/>
        <line num="26" count="0" type="stmt"/>
        <line num="31" count="0" type="stmt"/>
        <line num="32" count="0" type="stmt"/>
        <line num="33" count="0" type="cond" truecount="0" falsecount="2"/>
        <line num="35" count="0" type="stmt"/>
        <line num="37" count="0" type="cond" truecount="0" falsecount="2"/>
        <line num="38" count="0" type="stmt"/>
        <line num="41" count="0" type="stmt"/>
        <line num="42" count="0" type="stmt"/>
        <line num="44" count="0" type="stmt"/>
        <line num="49" count="0" type="stmt"/>
        <line num="50" count="0" type="stmt"/>
        <line num="51" count="0" type="stmt"/>
        <line num="52" count="0" type="stmt"/>
        <line num="53" count="0" type="stmt"/>
        <line num="56" count="0" type="stmt"/>
        <line num="57" count="0" type="cond" truecount="0" falsecount="2"/>
        <line num="58" count="0" type="stmt"/>
        <line num="60" count="0" type="cond" truecount="0" falsecount="2"/>
        <line num="61" count="0" type="cond" truecount="0" falsecount="2"/>
        <line num="62" count="0" type="stmt"/>
        <line num="65" count="0" type="cond" truecount="0" falsecount="2"/>
        <line num="66" count="0" type="stmt"/>
        <line num="70" count="0" type="stmt"/>
        <line num="72" count="0" type="stmt"/>
        <line num="73" count="0" type="stmt"/>
        <line num="78" count="0" type="stmt"/>
        <line num="79" count="0" type="stmt"/>
        <line num="80" count="0" type="stmt"/>
        <line num="83" count="0" type="cond" truecount="0" falsecount="4"/>
        <line num="84" count="0" type="stmt"/>
        <line num="85" count="0" type="cond" truecount="0" falsecount="2"/>
        <line num="86" count="0" type="stmt"/>
        <line num="87" count="0" type="stmt"/>
        <line num="91" count="0" type="stmt"/>
        <line num="93" count="0" type="cond" truecount="0" falsecount="2"/>
        <line num="94" count="0" type="stmt"/>
        <line num="96" count="0" type="stmt"/>
        <line num="102" count="0" type="cond" truecount="0" falsecount="2"/>
        <line num="103" count="0" type="stmt"/>
        <line num="108" count="0" type="cond" truecount="0" falsecount="2"/>
        <line num="109" count="0" type="stmt"/>
        <line num="113" count="0" type="stmt"/>
        <line num="121" count="0" type="cond" truecount="0" falsecount="4"/>
        <line num="122" count="0" type="stmt"/>
        <line num="131" count="0" type="cond" truecount="0" falsecount="4"/>
        <line num="132" count="0" type="stmt"/>
        <line num="140" count="0" type="stmt"/>
        <line num="141" count="0" type="stmt"/>
        <line num="142" count="0" type="stmt"/>
        <line num="145" count="0" type="cond" truecount="0" falsecount="2"/>
        <line num="146" count="0" type="stmt"/>
        <line num="154" count="0" type="stmt"/>
        <line num="166" count="0" type="stmt"/>
        <line num="169" count="0" type="stmt"/>
        <line num="170" count="0" type="stmt"/>
        <line num="172" count="0" type="stmt"/>
        <line num="176" count="0" type="stmt"/>
        <line num="177" count="0" type="stmt"/>
        <line num="178" count="0" type="stmt"/>
        <line num="179" count="0" type="cond" truecount="0" falsecount="4"/>
        <line num="180" count="0" type="stmt"/>
        <line num="192" count="8" type="stmt"/>
      </file>
      <file name="productController.js" path="C:\Users\bhisma\.gemini\antigravity\sistem_voice\server\controllers\productController.js">
        <metrics statements="26" coveredstatements="21" conditionals="6" coveredconditionals="5" methods="5" coveredmethods="5"/>
        <line num="1" count="8" type="stmt"/>
        <line num="3" count="8" type="stmt"/>
        <line num="5" count="4" type="stmt"/>
        <line num="6" count="4" type="stmt"/>
        <line num="7" count="4" type="stmt"/>
        <line num="8" count="0" type="stmt"/>
        <line num="11" count="3" type="stmt"/>
        <line num="12" count="3" type="stmt"/>
        <line num="13" count="3" type="cond" truecount="2" falsecount="0"/>
        <line num="14" count="1" type="stmt"/>
        <line num="15" count="0" type="stmt"/>
        <line num="18" count="1" type="stmt"/>
        <line num="19" count="1" type="stmt"/>
        <line num="20" count="1" type="stmt"/>
        <line num="21" count="0" type="stmt"/>
        <line num="24" count="2" type="stmt"/>
        <line num="25" count="2" type="stmt"/>
        <line num="26" count="2" type="cond" truecount="1" falsecount="1"/>
        <line num="27" count="2" type="stmt"/>
        <line num="28" count="0" type="stmt"/>
        <line num="31" count="2" type="stmt"/>
        <line num="32" count="2" type="stmt"/>
        <line num="33" count="2" type="cond" truecount="2" falsecount="0"/>
        <line num="34" count="1" type="stmt"/>
        <line num="35" count="0" type="stmt"/>
        <line num="39" count="8" type="stmt"/>
      </file>
      <file name="receiptController.js" path="C:\Users\bhisma\.gemini\antigravity\sistem_voice\server\controllers\receiptController.js">
        <metrics statements="30" coveredstatements="14" conditionals="8" coveredconditionals="1" methods="4" coveredmethods="2"/>
        <line num="1" count="8" type="stmt"/>
        <line num="2" count="8" type="stmt"/>
        <line num="4" count="8" type="stmt"/>
        <line num="6" count="2" type="stmt"/>
        <line num="7" count="2" type="stmt"/>
        <line num="9" count="2" type="cond" truecount="1" falsecount="1"/>
        <line num="10" count="0" type="stmt"/>
        <line num="11" count="0" type="stmt"/>
        <line num="14" count="2" type="stmt"/>
        <line num="15" count="2" type="stmt"/>
        <line num="17" count="2" type="stmt"/>
        <line num="19" count="0" type="cond" truecount="0" falsecount="2"/>
        <line num="20" count="0" type="stmt"/>
        <line num="22" count="0" type="stmt"/>
        <line num="27" count="5" type="stmt"/>
        <line num="28" count="5" type="stmt"/>
        <line num="29" count="5" type="stmt"/>
        <line num="30" count="5" type="stmt"/>
        <line num="31" count="0" type="stmt"/>
        <line num="35" count="0" type="stmt"/>
        <line num="36" count="0" type="stmt"/>
        <line num="37" count="0" type="cond" truecount="0" falsecount="2"/>
        <line num="38" count="0" type="stmt"/>
        <line num="39" count="0" type="stmt"/>
        <line num="43" count="0" type="stmt"/>
        <line num="44" count="0" type="stmt"/>
        <line num="45" count="0" type="cond" truecount="0" falsecount="2"/>
        <line num="46" count="0" type="stmt"/>
        <line num="47" count="0" type="stmt"/>
        <line num="51" count="8" type="stmt"/>
      </file>
    </package>
    <package name="server.middleware">
      <metrics statements="37" coveredstatements="20" conditionals="28" coveredconditionals="7" methods="5" coveredmethods="3"/>
      <file name="auth.js" path="C:\Users\bhisma\.gemini\antigravity\sistem_voice\server\middleware\auth.js">
        <metrics statements="20" coveredstatements="12" conditionals="10" coveredconditionals="5" methods="2" coveredmethods="1"/>
        <line num="1" count="8" type="stmt"/>
        <line num="8" count="116" type="stmt"/>
        <line num="10" count="116" type="cond" truecount="4" falsecount="0"/>
        <line num="11" count="6" type="stmt"/>
        <line num="17" count="110" type="stmt"/>
        <line num="19" count="110" type="stmt"/>
        <line num="20" count="110" type="stmt"/>
        <line num="21" count="109" type="stmt"/>
        <line num="22" count="109" type="stmt"/>
        <line num="24" count="1" type="cond" truecount="1" falsecount="1"/>
        <line num="25" count="0" type="stmt"/>
        <line num="31" count="1" type="stmt"/>
        <line num="42" count="0" type="stmt"/>
        <line num="43" count="0" type="cond" truecount="0" falsecount="4"/>
        <line num="44" count="0" type="stmt"/>
        <line num="45" count="0" type="stmt"/>
        <line num="46" count="0" type="stmt"/>
        <line num="47" count="0" type="stmt"/>
        <line num="52" count="0" type="stmt"/>
        <line num="55" count="8" type="stmt"/>
      </file>
      <file name="errorHandler.js" path="C:\Users\bhisma\.gemini\antigravity\sistem_voice\server\middleware\errorHandler.js">
        <metrics statements="10" coveredstatements="1" conditionals="16" coveredconditionals="0" methods="1" coveredmethods="0"/>
        <line num="5" count="0" type="stmt"/>
        <line num="6" count="0" type="stmt"/>
        <line num="9" count="0" type="cond" truecount="0" falsecount="4"/>
        <line num="10" count="0" type="stmt"/>
        <line num="17" count="0" type="cond" truecount="0" falsecount="4"/>
        <line num="18" count="0" type="stmt"/>
        <line num="26" count="0" type="cond" truecount="0" falsecount="2"/>
        <line num="27" count="0" type="stmt"/>
        <line num="34" count="0" type="cond" truecount="0" falsecount="2"/>
        <line num="41" count="8" type="stmt"/>
      </file>
      <file name="validate.js" path="C:\Users\bhisma\.gemini\antigravity\sistem_voice\server\middleware\validate.js">
        <metrics statements="7" coveredstatements="7" conditionals="2" coveredconditionals="2" methods="2" coveredmethods="2"/>
        <line num="1" count="8" type="stmt"/>
        <line num="7" count="18" type="stmt"/>
        <line num="8" count="18" type="cond" truecount="2" falsecount="0"/>
        <line num="9" count="6" type="stmt"/>
        <line num="12" count="7" type="stmt"/>
        <line num="18" count="12" type="stmt"/>
        <line num="21" count="8" type="stmt"/>
      </file>
    </package>
    <package name="server.models">
      <metrics statements="432" coveredstatements="363" conditionals="219" coveredconditionals="156" methods="59" coveredmethods="50"/>
      <file name="ActivityLog.js" path="C:\Users\bhisma\.gemini\antigravity\sistem_voice\server\models\ActivityLog.js">
        <metrics statements="14" coveredstatements="6" conditionals="8" coveredconditionals="4" methods="4" coveredmethods="2"/>
        <line num="1" count="8" type="stmt"/>
        <line num="3" count="8" type="stmt"/>
        <line num="5" count="29" type="stmt"/>
        <line num="6" count="29" type="stmt"/>
        <line num="13" count="29" type="stmt"/>
        <line num="17" count="0" type="stmt"/>
        <line num="18" count="0" type="stmt"/>
        <line num="27" count="0" type="stmt"/>
        <line num="31" count="0" type="stmt"/>
        <line num="32" count="0" type="stmt"/>
        <line num="33" count="0" type="cond" truecount="0" falsecount="2"/>
        <line num="34" count="0" type="stmt"/>
        <line num="38" count="0" type="stmt"/>
        <line num="42" count="8" type="stmt"/>
      </file>
      <file name="Contact.js" path="C:\Users\bhisma\.gemini\antigravity\sistem_voice\server\models\Contact.js">
        <metrics statements="44" coveredstatements="42" conditionals="25" coveredconditionals="21" methods="5" coveredmethods="5"/>
        <line num="1" count="8" type="stmt"/>
        <line num="3" count="8" type="stmt"/>
        <line num="5" count="2" type="stmt"/>
        <line num="6" count="2" type="stmt"/>
        <line num="10" count="2" type="stmt"/>
        <line num="14" count="6" type="stmt"/>
        <line num="15" count="6" type="stmt"/>
        <line num="16" count="6" type="cond" truecount="2" falsecount="0"/>
        <line num="20" count="5" type="stmt"/>
        <line num="21" count="5" type="stmt"/>
        <line num="22" count="5" type="stmt"/>
        <line num="24" count="5" type="cond" truecount="2" falsecount="0"/>
        <line num="25" count="5" type="cond" truecount="2" falsecount="0"/>
        <line num="27" count="5" type="stmt"/>
        <line num="28" count="5" type="stmt"/>
        <line num="29" count="5" type="stmt"/>
        <line num="31" count="5" type="cond" truecount="2" falsecount="0"/>
        <line num="32" count="5" type="cond" truecount="2" falsecount="0"/>
        <line num="33" count="5" type="stmt"/>
        <line num="34" count="5" type="stmt"/>
        <line num="36" count="5" type="stmt"/>
        <line num="39" count="5" type="stmt"/>
        <line num="40" count="6" type="stmt"/>
        <line num="47" count="6" type="stmt"/>
        <line num="48" count="6" type="stmt"/>
        <line num="49" count="6" type="cond" truecount="1" falsecount="1"/>
        <line num="50" count="0" type="stmt"/>
        <line num="51" count="0" type="stmt"/>
        <line num="53" count="6" type="stmt"/>
        <line num="57" count="5" type="stmt"/>
        <line num="61" count="1" type="stmt"/>
        <line num="62" count="1" type="stmt"/>
        <line num="63" count="1" type="stmt"/>
        <line num="64" count="1" type="stmt"/>
        <line num="65" count="1" type="stmt"/>
        <line num="66" count="6" type="cond" truecount="2" falsecount="0"/>
        <line num="68" count="1" type="cond" truecount="1" falsecount="1"/>
        <line num="69" count="1" type="stmt"/>
        <line num="70" count="1" type="stmt"/>
        <line num="71" count="1" type="stmt"/>
        <line num="75" count="2" type="stmt"/>
        <line num="76" count="2" type="stmt"/>
        <line num="77" count="2" type="stmt"/>
        <line num="81" count="8" type="stmt"/>
      </file>
      <file name="Document.js" path="C:\Users\bhisma\.gemini\antigravity\sistem_voice\server\models\Document.js">
        <metrics statements="143" coveredstatements="109" conditionals="81" coveredconditionals="58" methods="15" coveredmethods="13"/>
        <line num="1" count="8" type="stmt"/>
        <line num="3" count="8" type="stmt"/>
        <line num="8" count="5" type="stmt"/>
        <line num="9" count="5" type="stmt"/>
        <line num="11" count="5" type="stmt"/>
        <line num="12" count="5" type="stmt"/>
        <line num="14" count="5" type="stmt"/>
        <line num="24" count="5" type="stmt"/>
        <line num="26" count="5" type="cond" truecount="4" falsecount="0"/>
        <line num="27" count="4" type="stmt"/>
        <line num="28" count="4" type="stmt"/>
        <line num="33" count="4" type="cond" truecount="1" falsecount="1"/>
        <line num="34" count="0" type="cond" truecount="0" falsecount="2"/>
        <line num="35" count="0" type="stmt"/>
        <line num="39" count="0" type="cond" truecount="0" falsecount="2"/>
        <line num="40" count="0" type="stmt"/>
        <line num="49" count="5" type="stmt"/>
        <line num="50" count="5" type="stmt"/>
        <line num="52" count="0" type="stmt"/>
        <line num="53" count="0" type="stmt"/>
        <line num="55" count="5" type="stmt"/>
        <line num="60" count="62" type="stmt"/>
        <line num="61" count="62" type="stmt"/>
        <line num="69" count="62" type="cond" truecount="2" falsecount="0"/>
        <line num="70" count="58" type="stmt"/>
        <line num="72" count="58" type="stmt"/>
        <line num="79" count="58" type="stmt"/>
        <line num="81" count="58" type="stmt"/>
        <line num="85" count="0" type="stmt"/>
        <line num="86" count="0" type="stmt"/>
        <line num="96" count="0" type="cond" truecount="0" falsecount="2"/>
        <line num="97" count="0" type="stmt"/>
        <line num="99" count="0" type="stmt"/>
        <line num="106" count="0" type="stmt"/>
        <line num="108" count="0" type="stmt"/>
        <line num="112" count="5" type="stmt"/>
        <line num="113" count="5" type="stmt"/>
        <line num="119" count="5" type="stmt"/>
        <line num="121" count="5" type="cond" truecount="2" falsecount="0"/>
        <line num="122" count="1" type="stmt"/>
        <line num="123" count="1" type="stmt"/>
        <line num="125" count="5" type="cond" truecount="2" falsecount="0"/>
        <line num="126" count="1" type="stmt"/>
        <line num="127" count="1" type="stmt"/>
        <line num="129" count="5" type="cond" truecount="4" falsecount="0"/>
        <line num="130" count="1" type="stmt"/>
        <line num="131" count="1" type="stmt"/>
        <line num="133" count="5" type="cond" truecount="1" falsecount="1"/>
        <line num="134" count="0" type="stmt"/>
        <line num="135" count="0" type="stmt"/>
        <line num="139" count="5" type="stmt"/>
        <line num="140" count="5" type="stmt"/>
        <line num="141" count="5" type="stmt"/>
        <line num="144" count="5" type="cond" truecount="2" falsecount="0"/>
        <line num="145" count="5" type="cond" truecount="1" falsecount="1"/>
        <line num="146" count="5" type="stmt"/>
        <line num="147" count="5" type="cond" truecount="1" falsecount="1"/>
        <line num="148" count="5" type="stmt"/>
        <line num="150" count="5" type="cond" truecount="2" falsecount="0"/>
        <line num="151" count="5" type="cond" truecount="2" falsecount="0"/>
        <line num="152" count="5" type="stmt"/>
        <line num="153" count="5" type="stmt"/>
        <line num="155" count="5" type="stmt"/>
        <line num="156" count="5" type="stmt"/>
        <line num="160" count="1" type="stmt"/>
        <line num="161" count="1" type="stmt"/>
        <line num="162" count="1" type="stmt"/>
        <line num="163" count="1" type="stmt"/>
        <line num="166" count="1" type="stmt"/>
        <line num="167" count="11" type="cond" truecount="2" falsecount="0"/>
        <line num="168" count="2" type="stmt"/>
        <line num="169" count="2" type="stmt"/>
        <line num="172" count="1" type="cond" truecount="1" falsecount="1"/>
        <line num="173" count="0" type="stmt"/>
        <line num="175" count="1" type="stmt"/>
        <line num="177" count="1" type="stmt"/>
        <line num="180" count="1" type="cond" truecount="1" falsecount="1"/>
        <line num="181" count="0" type="stmt"/>
        <line num="182" count="0" type="stmt"/>
        <line num="183" count="0" type="stmt"/>
        <line num="190" count="1" type="stmt"/>
        <line num="194" count="2" type="stmt"/>
        <line num="195" count="2" type="stmt"/>
        <line num="196" count="2" type="stmt"/>
        <line num="197" count="2" type="cond" truecount="1" falsecount="1"/>
        <line num="198" count="0" type="stmt"/>
        <line num="200" count="2" type="stmt"/>
        <line num="201" count="2" type="stmt"/>
        <line num="203" count="2" type="stmt"/>
        <line num="204" count="2" type="stmt"/>
        <line num="208" count="2" type="stmt"/>
        <line num="209" count="2" type="stmt"/>
        <line num="210" count="2" type="stmt"/>
        <line num="214" count="1" type="stmt"/>
        <line num="215" count="1" type="stmt"/>
        <line num="225" count="1" type="stmt"/>
        <line num="226" count="1" type="cond" truecount="1" falsecount="1"/>
        <line num="227" count="0" type="stmt"/>
        <line num="228" count="0" type="stmt"/>
        <line num="230" count="1" type="cond" truecount="1" falsecount="1"/>
        <line num="231" count="1" type="stmt"/>
        <line num="232" count="1" type="stmt"/>
        <line num="234" count="1" type="stmt"/>
        <line num="235" count="1" type="stmt"/>
        <line num="239" count="1" type="stmt"/>
        <line num="240" count="1" type="stmt"/>
        <line num="249" count="1" type="stmt"/>
        <line num="254" count="3" type="stmt"/>
        <line num="255" count="3" type="stmt"/>
        <line num="259" count="3" type="stmt"/>
        <line num="264" count="0" type="stmt"/>
        <line num="265" count="0" type="stmt"/>
        <line num="266" count="0" type="stmt"/>
        <line num="268" count="0" type="cond" truecount="0" falsecount="2"/>
        <line num="269" count="0" type="stmt"/>
        <line num="270" count="0" type="cond" truecount="0" falsecount="2"/>
        <line num="271" count="0" type="stmt"/>
        <line num="273" count="0" type="stmt"/>
        <line num="275" count="0" type="stmt"/>
        <line num="276" count="0" type="stmt"/>
        <line num="278" count="0" type="stmt"/>
        <line num="279" count="0" type="stmt"/>
        <line num="284" count="2" type="stmt"/>
        <line num="285" count="2" type="stmt"/>
        <line num="292" count="2" type="stmt"/>
        <line num="293" count="1" type="stmt"/>
        <line num="294" count="1" type="stmt"/>
        <line num="296" count="2" type="stmt"/>
        <line num="301" count="3" type="stmt"/>
        <line num="302" count="3" type="stmt"/>
        <line num="306" count="3" type="stmt"/>
        <line num="311" count="5" type="stmt"/>
        <line num="312" count="5" type="stmt"/>
        <line num="313" count="5" type="cond" truecount="2" falsecount="0"/>
        <line num="316" count="4" type="stmt"/>
        <line num="322" count="4" type="stmt"/>
        <line num="327" count="4" type="stmt"/>
        <line num="328" count="4" type="stmt"/>
        <line num="329" count="4" type="stmt"/>
        <line num="330" count="4" type="stmt"/>
        <line num="331" count="4" type="stmt"/>
        <line num="333" count="4" type="stmt"/>
        <line num="347" count="8" type="stmt"/>
      </file>
      <file name="PaymentReminder.js" path="C:\Users\bhisma\.gemini\antigravity\sistem_voice\server\models\PaymentReminder.js">
        <metrics statements="70" coveredstatements="63" conditionals="28" coveredconditionals="18" methods="10" coveredmethods="9"/>
        <line num="1" count="8" type="stmt"/>
        <line num="3" count="8" type="stmt"/>
        <line num="5" count="1" type="stmt"/>
        <line num="6" count="1" type="stmt"/>
        <line num="10" count="1" type="stmt"/>
        <line num="14" count="1" type="stmt"/>
        <line num="15" count="1" type="stmt"/>
        <line num="24" count="1" type="cond" truecount="1" falsecount="1"/>
        <line num="28" count="3" type="stmt"/>
        <line num="29" count="3" type="stmt"/>
        <line num="37" count="3" type="stmt"/>
        <line num="39" count="3" type="cond" truecount="1" falsecount="1"/>
        <line num="40" count="0" type="stmt"/>
        <line num="41" count="0" type="stmt"/>
        <line num="43" count="3" type="cond" truecount="1" falsecount="1"/>
        <line num="44" count="0" type="stmt"/>
        <line num="45" count="3" type="cond" truecount="1" falsecount="1"/>
        <line num="46" count="0" type="stmt"/>
        <line num="49" count="3" type="stmt"/>
        <line num="50" count="3" type="stmt"/>
        <line num="51" count="3" type="stmt"/>
        <line num="53" count="3" type="stmt"/>
        <line num="54" count="3" type="cond" truecount="2" falsecount="0"/>
        <line num="55" count="3" type="cond" truecount="2" falsecount="0"/>
        <line num="56" count="3" type="stmt"/>
        <line num="57" count="3" type="stmt"/>
        <line num="59" count="3" type="stmt"/>
        <line num="60" count="3" type="stmt"/>
        <line num="65" count="1" type="stmt"/>
        <line num="66" count="1" type="stmt"/>
        <line num="77" count="1" type="stmt"/>
        <line num="82" count="4" type="stmt"/>
        <line num="83" count="4" type="stmt"/>
        <line num="96" count="4" type="stmt"/>
        <line num="101" count="4" type="stmt"/>
        <line num="102" count="3" type="stmt"/>
        <line num="103" count="3" type="stmt"/>
        <line num="104" count="3" type="stmt"/>
        <line num="106" count="3" type="cond" truecount="2" falsecount="0"/>
        <line num="107" count="1" type="stmt"/>
        <line num="108" count="1" type="stmt"/>
        <line num="110" count="2" type="stmt"/>
        <line num="114" count="4" type="stmt"/>
        <line num="118" count="0" type="stmt"/>
        <line num="119" count="0" type="stmt"/>
        <line num="123" count="0" type="stmt"/>
        <line num="127" count="1" type="stmt"/>
        <line num="128" count="1" type="stmt"/>
        <line num="135" count="2" type="stmt"/>
        <line num="136" count="2" type="stmt"/>
        <line num="137" count="2" type="stmt"/>
        <line num="142" count="5" type="stmt"/>
        <line num="143" count="5" type="stmt"/>
        <line num="144" count="5" type="cond" truecount="1" falsecount="1"/>
        <line num="146" count="5" type="stmt"/>
        <line num="147" count="5" type="stmt"/>
        <line num="149" count="5" type="stmt"/>
        <line num="155" count="5" type="stmt"/>
        <line num="156" count="15" type="stmt"/>
        <line num="157" count="15" type="stmt"/>
        <line num="160" count="15" type="cond" truecount="1" falsecount="1"/>
        <line num="162" count="15" type="stmt"/>
        <line num="166" count="15" type="cond" truecount="2" falsecount="0"/>
        <line num="167" count="12" type="stmt"/>
        <line num="178" count="2" type="stmt"/>
        <line num="179" count="2" type="stmt"/>
        <line num="187" count="2" type="stmt"/>
        <line num="188" count="1" type="stmt"/>
        <line num="193" count="2" type="stmt"/>
        <line num="197" count="8" type="stmt"/>
      </file>
      <file name="Product.js" path="C:\Users\bhisma\.gemini\antigravity\sistem_voice\server\models\Product.js">
        <metrics statements="36" coveredstatements="36" conditionals="23" coveredconditionals="17" methods="5" coveredmethods="5"/>
        <line num="1" count="8" type="stmt"/>
        <line num="3" count="8" type="stmt"/>
        <line num="5" count="1" type="stmt"/>
        <line num="6" count="1" type="stmt"/>
        <line num="10" count="1" type="stmt"/>
        <line num="14" count="6" type="stmt"/>
        <line num="15" count="6" type="stmt"/>
        <line num="16" count="6" type="cond" truecount="2" falsecount="0"/>
        <line num="20" count="4" type="stmt"/>
        <line num="21" count="4" type="stmt"/>
        <line num="22" count="4" type="stmt"/>
        <line num="23" count="4" type="cond" truecount="2" falsecount="0"/>
        <line num="24" count="4" type="cond" truecount="2" falsecount="0"/>
        <line num="26" count="4" type="stmt"/>
        <line num="27" count="4" type="stmt"/>
        <line num="28" count="4" type="stmt"/>
        <line num="30" count="4" type="cond" truecount="2" falsecount="0"/>
        <line num="31" count="4" type="cond" truecount="2" falsecount="0"/>
        <line num="32" count="4" type="stmt"/>
        <line num="33" count="4" type="stmt"/>
        <line num="35" count="4" type="stmt"/>
        <line num="36" count="4" type="stmt"/>
        <line num="40" count="2" type="stmt"/>
        <line num="41" count="2" type="stmt"/>
        <line num="42" count="2" type="stmt"/>
        <line num="43" count="2" type="stmt"/>
        <line num="44" count="2" type="stmt"/>
        <line num="45" count="12" type="cond" truecount="2" falsecount="0"/>
        <line num="47" count="2" type="cond" truecount="1" falsecount="1"/>
        <line num="48" count="2" type="stmt"/>
        <line num="49" count="2" type="stmt"/>
        <line num="50" count="2" type="stmt"/>
        <line num="54" count="2" type="stmt"/>
        <line num="55" count="2" type="stmt"/>
        <line num="56" count="2" type="stmt"/>
        <line num="60" count="8" type="stmt"/>
      </file>
      <file name="Receipt.js" path="C:\Users\bhisma\.gemini\antigravity\sistem_voice\server\models\Receipt.js">
        <metrics statements="48" coveredstatements="38" conditionals="27" coveredconditionals="19" methods="4" coveredmethods="3"/>
        <line num="1" count="8" type="stmt"/>
        <line num="3" count="8" type="stmt"/>
        <line num="5" count="17" type="stmt"/>
        <line num="6" count="17" type="stmt"/>
        <line num="8" count="17" type="stmt"/>
        <line num="9" count="17" type="stmt"/>
        <line num="11" count="17" type="stmt"/>
        <line num="17" count="17" type="stmt"/>
        <line num="18" count="17" type="stmt"/>
        <line num="20" count="17" type="cond" truecount="3" falsecount="1"/>
        <line num="21" count="17" type="stmt"/>
        <line num="23" count="0" type="stmt"/>
        <line num="26" count="17" type="stmt"/>
        <line num="27" count="17" type="stmt"/>
        <line num="29" count="0" type="stmt"/>
        <line num="30" count="0" type="stmt"/>
        <line num="32" count="17" type="stmt"/>
        <line num="37" count="17" type="stmt"/>
        <line num="38" count="17" type="stmt"/>
        <line num="45" count="17" type="cond" truecount="1" falsecount="1"/>
        <line num="49" count="5" type="stmt"/>
        <line num="50" count="5" type="stmt"/>
        <line num="57" count="5" type="stmt"/>
        <line num="59" count="5" type="cond" truecount="2" falsecount="0"/>
        <line num="60" count="3" type="stmt"/>
        <line num="61" count="3" type="stmt"/>
        <line num="63" count="5" type="cond" truecount="1" falsecount="1"/>
        <line num="64" count="0" type="stmt"/>
        <line num="65" count="0" type="stmt"/>
        <line num="67" count="5" type="cond" truecount="1" falsecount="1"/>
        <line num="68" count="0" type="stmt"/>
        <line num="69" count="0" type="stmt"/>
        <line num="72" count="5" type="stmt"/>
        <line num="73" count="5" type="stmt"/>
        <line num="74" count="5" type="stmt"/>
        <line num="76" count="5" type="cond" truecount="2" falsecount="0"/>
        <line num="77" count="5" type="cond" truecount="1" falsecount="1"/>
        <line num="78" count="5" type="cond" truecount="1" falsecount="1"/>
        <line num="80" count="5" type="cond" truecount="2" falsecount="0"/>
        <line num="81" count="5" type="cond" truecount="2" falsecount="0"/>
        <line num="82" count="5" type="stmt"/>
        <line num="83" count="5" type="stmt"/>
        <line num="85" count="5" type="stmt"/>
        <line num="86" count="5" type="stmt"/>
        <line num="90" count="0" type="stmt"/>
        <line num="91" count="0" type="stmt"/>
        <line num="92" count="0" type="stmt"/>
        <line num="96" count="8" type="stmt"/>
      </file>
      <file name="Report.js" path="C:\Users\bhisma\.gemini\antigravity\sistem_voice\server\models\Report.js">
        <metrics statements="37" coveredstatements="37" conditionals="15" coveredconditionals="10" methods="6" coveredmethods="6"/>
        <line num="1" count="8" type="stmt"/>
        <line num="3" count="8" type="stmt"/>
        <line num="5" count="1" type="stmt"/>
        <line num="6" count="1" type="stmt"/>
        <line num="20" count="1" type="stmt"/>
        <line num="23" count="1" type="cond" truecount="1" falsecount="1"/>
        <line num="24" count="1" type="cond" truecount="2" falsecount="0"/>
        <line num="25" count="1" type="cond" truecount="1" falsecount="1"/>
        <line num="26" count="1" type="cond" truecount="2" falsecount="0"/>
        <line num="27" count="1" type="cond" truecount="2" falsecount="0"/>
        <line num="28" count="1" type="cond" truecount="2" falsecount="0"/>
        <line num="30" count="1" type="stmt"/>
        <line num="31" count="1" type="stmt"/>
        <line num="32" count="1" type="stmt"/>
        <line num="34" count="1" type="stmt"/>
        <line num="38" count="1" type="stmt"/>
        <line num="39" count="1" type="stmt"/>
        <line num="49" count="1" type="stmt"/>
        <line num="53" count="1" type="stmt"/>
        <line num="54" count="1" type="stmt"/>
        <line num="61" count="1" type="stmt"/>
        <line num="62" count="1" type="stmt"/>
        <line num="63" count="4" type="stmt"/>
        <line num="69" count="4" type="stmt"/>
        <line num="71" count="1" type="stmt"/>
        <line num="75" count="1" type="stmt"/>
        <line num="76" count="1" type="stmt"/>
        <line num="82" count="1" type="stmt"/>
        <line num="88" count="1" type="stmt"/>
        <line num="96" count="1" type="stmt"/>
        <line num="97" count="1" type="stmt"/>
        <line num="104" count="1" type="stmt"/>
        <line num="111" count="1" type="stmt"/>
        <line num="115" count="1" type="stmt"/>
        <line num="116" count="1" type="stmt"/>
        <line num="122" count="1" type="stmt"/>
        <line num="126" count="8" type="stmt"/>
      </file>
      <file name="User.js" path="C:\Users\bhisma\.gemini\antigravity\sistem_voice\server\models\User.js">
        <metrics statements="40" coveredstatements="32" conditionals="12" coveredconditionals="9" methods="10" coveredmethods="7"/>
        <line num="1" count="8" type="stmt"/>
        <line num="3" count="8" type="stmt"/>
        <line num="5" count="5" type="stmt"/>
        <line num="6" count="5" type="stmt"/>
        <line num="10" count="5" type="stmt"/>
        <line num="14" count="12" type="stmt"/>
        <line num="15" count="12" type="stmt"/>
        <line num="22" count="12" type="cond" truecount="1" falsecount="1"/>
        <line num="26" count="9" type="stmt"/>
        <line num="27" count="9" type="stmt"/>
        <line num="28" count="9" type="cond" truecount="2" falsecount="0"/>
        <line num="32" count="2" type="stmt"/>
        <line num="33" count="2" type="stmt"/>
        <line num="34" count="2" type="stmt"/>
        <line num="35" count="2" type="stmt"/>
        <line num="38" count="2" type="stmt"/>
        <line num="39" count="16" type="cond" truecount="2" falsecount="0"/>
        <line num="40" count="5" type="stmt"/>
        <line num="41" count="5" type="stmt"/>
        <line num="44" count="2" type="cond" truecount="1" falsecount="1"/>
        <line num="46" count="2" type="stmt"/>
        <line num="47" count="2" type="stmt"/>
        <line num="48" count="2" type="stmt"/>
        <line num="52" count="0" type="stmt"/>
        <line num="53" count="0" type="stmt"/>
        <line num="54" count="0" type="stmt"/>
        <line num="55" count="0" type="stmt"/>
        <line num="59" count="0" type="stmt"/>
        <line num="60" count="0" type="stmt"/>
        <line num="65" count="8" type="stmt"/>
        <line num="67" count="6" type="stmt"/>
        <line num="68" count="6" type="stmt"/>
        <line num="71" count="3" type="stmt"/>
        <line num="72" count="3" type="stmt"/>
        <line num="73" count="3" type="cond" truecount="2" falsecount="0"/>
        <line num="76" count="2" type="stmt"/>
        <line num="77" count="2" type="stmt"/>
        <line num="80" count="0" type="stmt"/>
        <line num="81" count="0" type="stmt"/>
        <line num="85" count="8" type="stmt"/>
      </file>
    </package>
    <package name="server.routes">
      <metrics statements="90" coveredstatements="90" conditionals="0" coveredconditionals="0" methods="0" coveredmethods="0"/>
      <file name="auth.js" path="C:\Users\bhisma\.gemini\antigravity\sistem_voice\server\routes\auth.js">
        <metrics statements="13" coveredstatements="13" conditionals="0" coveredconditionals="0" methods="0" coveredmethods="0"/>
        <line num="1" count="8" type="stmt"/>
        <line num="2" count="8" type="stmt"/>
        <line num="3" count="8" type="stmt"/>
        <line num="4" count="8" type="stmt"/>
        <line num="5" count="8" type="stmt"/>
        <line num="7" count="8" type="stmt"/>
        <line num="9" count="8" type="stmt"/>
        <line num="16" count="8" type="stmt"/>
        <line num="21" count="8" type="stmt"/>
        <line num="23" count="8" type="stmt"/>
        <line num="24" count="8" type="stmt"/>
        <line num="25" count="8" type="stmt"/>
        <line num="27" count="8" type="stmt"/>
      </file>
      <file name="contacts.js" path="C:\Users\bhisma\.gemini\antigravity\sistem_voice\server\routes\contacts.js">
        <metrics statements="11" coveredstatements="11" conditionals="0" coveredconditionals="0" methods="0" coveredmethods="0"/>
        <line num="1" count="8" type="stmt"/>
        <line num="2" count="8" type="stmt"/>
        <line num="3" count="8" type="stmt"/>
        <line num="4" count="8" type="stmt"/>
        <line num="6" count="8" type="stmt"/>
        <line num="8" count="8" type="stmt"/>
        <line num="9" count="8" type="stmt"/>
        <line num="10" count="8" type="stmt"/>
        <line num="14" count="8" type="stmt"/>
        <line num="15" count="8" type="stmt"/>
        <line num="17" count="8" type="stmt"/>
      </file>
      <file name="dashboard.js" path="C:\Users\bhisma\.gemini\antigravity\sistem_voice\server\routes\dashboard.js">
        <metrics statements="14" coveredstatements="14" conditionals="0" coveredconditionals="0" methods="0" coveredmethods="0"/>
        <line num="1" count="8" type="stmt"/>
        <line num="2" count="8" type="stmt"/>
        <line num="4" count="8" type="stmt"/>
        <line num="5" count="8" type="stmt"/>
        <line num="6" count="8" type="stmt"/>
        <line num="7" count="8" type="stmt"/>
        <line num="9" count="8" type="stmt"/>
        <line num="10" count="8" type="stmt"/>
        <line num="11" count="8" type="stmt"/>
        <line num="12" count="8" type="stmt"/>
        <line num="14" count="8" type="stmt"/>
        <line num="15" count="8" type="stmt"/>
        <line num="16" count="8" type="stmt"/>
        <line num="18" count="8" type="stmt"/>
      </file>
      <file name="debts.js" path="C:\Users\bhisma\.gemini\antigravity\sistem_voice\server\routes\debts.js">
        <metrics statements="11" coveredstatements="11" conditionals="0" coveredconditionals="0" methods="0" coveredmethods="0"/>
        <line num="1" count="8" type="stmt"/>
        <line num="2" count="8" type="stmt"/>
        <line num="4" count="8" type="stmt"/>
        <line num="6" count="8" type="stmt"/>
        <line num="7" count="8" type="stmt"/>
        <line num="8" count="8" type="stmt"/>
        <line num="9" count="8" type="stmt"/>
        <line num="10" count="8" type="stmt"/>
        <line num="11" count="8" type="stmt"/>
        <line num="12" count="8" type="stmt"/>
        <line num="14" count="8" type="stmt"/>
      </file>
      <file name="documents.js" path="C:\Users\bhisma\.gemini\antigravity\sistem_voice\server\routes\documents.js">
        <metrics statements="13" coveredstatements="13" conditionals="0" coveredconditionals="0" methods="0" coveredmethods="0"/>
        <line num="1" count="8" type="stmt"/>
        <line num="2" count="8" type="stmt"/>
        <line num="4" count="8" type="stmt"/>
        <line num="6" count="8" type="stmt"/>
        <line num="7" count="8" type="stmt"/>
        <line num="8" count="8" type="stmt"/>
        <line num="9" count="8" type="stmt"/>
        <line num="10" count="8" type="stmt"/>
        <line num="11" count="8" type="stmt"/>
        <line num="12" count="8" type="stmt"/>
        <line num="13" count="8" type="stmt"/>
        <line num="14" count="8" type="stmt"/>
        <line num="16" count="8" type="stmt"/>
      </file>
      <file name="payments.js" path="C:\Users\bhisma\.gemini\antigravity\sistem_voice\server\routes\payments.js">
        <metrics statements="9" coveredstatements="9" conditionals="0" coveredconditionals="0" methods="0" coveredmethods="0"/>
        <line num="1" count="8" type="stmt"/>
        <line num="2" count="8" type="stmt"/>
        <line num="3" count="8" type="stmt"/>
        <line num="5" count="8" type="stmt"/>
        <line num="7" count="8" type="stmt"/>
        <line num="8" count="8" type="stmt"/>
        <line num="9" count="8" type="stmt"/>
        <line num="10" count="8" type="stmt"/>
        <line num="12" count="8" type="stmt"/>
      </file>
      <file name="products.js" path="C:\Users\bhisma\.gemini\antigravity\sistem_voice\server\routes\products.js">
        <metrics statements="11" coveredstatements="11" conditionals="0" coveredconditionals="0" methods="0" coveredmethods="0"/>
        <line num="1" count="8" type="stmt"/>
        <line num="2" count="8" type="stmt"/>
        <line num="3" count="8" type="stmt"/>
        <line num="4" count="8" type="stmt"/>
        <line num="6" count="8" type="stmt"/>
        <line num="8" count="8" type="stmt"/>
        <line num="9" count="8" type="stmt"/>
        <line num="10" count="8" type="stmt"/>
        <line num="14" count="8" type="stmt"/>
        <line num="15" count="8" type="stmt"/>
        <line num="17" count="8" type="stmt"/>
      </file>
      <file name="receipts.js" path="C:\Users\bhisma\.gemini\antigravity\sistem_voice\server\routes\receipts.js">
        <metrics statements="8" coveredstatements="8" conditionals="0" coveredconditionals="0" methods="0" coveredmethods="0"/>
        <line num="1" count="8" type="stmt"/>
        <line num="2" count="8" type="stmt"/>
        <line num="4" count="8" type="stmt"/>
        <line num="6" count="8" type="stmt"/>
        <line num="7" count="8" type="stmt"/>
        <line num="8" count="8" type="stmt"/>
        <line num="9" count="8" type="stmt"/>
        <line num="11" count="8" type="stmt"/>
      </file>
    </package>
    <package name="server.tests">
      <metrics statements="51" coveredstatements="51" conditionals="6" coveredconditionals="5" methods="8" coveredmethods="8"/>
      <file name="helpers.js" path="C:\Users\bhisma\.gemini\antigravity\sistem_voice\server\tests\helpers.js">
        <metrics statements="31" coveredstatements="31" conditionals="4" coveredconditionals="4" methods="5" coveredmethods="5"/>
        <line num="4" count="8" type="stmt"/>
        <line num="5" count="8" type="stmt"/>
        <line num="6" count="8" type="stmt"/>
        <line num="8" count="8" type="stmt"/>
        <line num="15" count="8" type="stmt"/>
        <line num="26" count="117" type="stmt"/>
        <line num="27" count="117" type="stmt"/>
        <line num="28" count="117" type="stmt"/>
        <line num="32" count="117" type="stmt"/>
        <line num="34" count="117" type="stmt"/>
        <line num="39" count="117" type="stmt"/>
        <line num="46" count="117" type="stmt"/>
        <line num="48" count="117" type="stmt"/>
        <line num="53" count="117" type="stmt"/>
        <line num="65" count="79" type="stmt"/>
        <line num="66" count="79" type="stmt"/>
        <line num="76" count="79" type="stmt"/>
        <line num="80" count="79" type="stmt"/>
        <line num="87" count="11" type="stmt"/>
        <line num="88" count="11" type="stmt"/>
        <line num="98" count="11" type="stmt"/>
        <line num="102" count="11" type="stmt"/>
        <line num="109" count="63" type="stmt"/>
        <line num="110" count="63" type="stmt"/>
        <line num="111" count="63" type="stmt"/>
        <line num="113" count="63" type="stmt"/>
        <line num="133" count="63" type="stmt"/>
        <line num="145" count="63" type="stmt"/>
        <line num="150" count="63" type="stmt"/>
        <line num="157" count="110" type="stmt"/>
        <line num="160" count="8" type="stmt"/>
      </file>
      <file name="setup.js" path="C:\Users\bhisma\.gemini\antigravity\sistem_voice\server\tests\setup.js">
        <metrics statements="20" coveredstatements="20" conditionals="2" coveredconditionals="1" methods="3" coveredmethods="3"/>
        <line num="5" count="8" type="stmt"/>
        <line num="14" count="8" type="cond" truecount="1" falsecount="1"/>
        <line num="15" count="8" type="stmt"/>
        <line num="16" count="8" type="stmt"/>
        <line num="17" count="8" type="stmt"/>
        <line num="18" count="8" type="stmt"/>
        <line num="20" count="8" type="stmt"/>
        <line num="21" count="8" type="stmt"/>
        <line num="28" count="125" type="stmt"/>
        <line num="29" count="125" type="stmt"/>
        <line num="30" count="125" type="stmt"/>
        <line num="31" count="125" type="stmt"/>
        <line num="32" count="125" type="stmt"/>
        <line num="37" count="125" type="stmt"/>
        <line num="38" count="1125" type="stmt"/>
        <line num="40" count="125" type="stmt"/>
        <line num="42" count="125" type="stmt"/>
        <line num="50" count="8" type="stmt"/>
        <line num="51" count="8" type="stmt"/>
        <line num="54" count="8" type="stmt"/>
      </file>
    </package>
  </project>
</coverage>
