{"C:\\Users\\bhisma\\.gemini\\antigravity\\sistem_voice\\server\\app.js": {"path":"C:\\Users\\bhisma\\.gemini\\antigravity\\sistem_voice\\server\\app.js","statementMap":{"0":{"start":{"line":1,"column":16},"end":{"line":1,"column":34}},"1":{"start":{"line":2,"column":13},"end":{"line":2,"column":28}},"2":{"start":{"line":3,"column":15},"end":{"line":3,"column":32}},"3":{"start":{"line":4,"column":18},"end":{"line":4,"column":47}},"4":{"start":{"line":5,"column":13},"end":{"line":5,"column":28}},"5":{"start":{"line":6,"column":11},"end":{"line":6,"column":24}},"6":{"start":{"line":7,"column":0},"end":{"line":7,"column":65}},"7":{"start":{"line":10,"column":25},"end":{"line":10,"column":53}},"8":{"start":{"line":11,"column":25},"end":{"line":11,"column":61}},"9":{"start":{"line":14,"column":19},"end":{"line":14,"column":43}},"10":{"start":{"line":15,"column":23},"end":{"line":15,"column":52}},"11":{"start":{"line":16,"column":22},"end":{"line":16,"column":50}},"12":{"start":{"line":17,"column":22},"end":{"line":17,"column":50}},"13":{"start":{"line":18,"column":22},"end":{"line":18,"column":50}},"14":{"start":{"line":19,"column":22},"end":{"line":19,"column":50}},"15":{"start":{"line":20,"column":19},"end":{"line":20,"column":44}},"16":{"start":{"line":21,"column":58},"end":{"line":21,"column":87}},"17":{"start":{"line":22,"column":27},"end":{"line":22,"column":70}},"18":{"start":{"line":24,"column":12},"end":{"line":24,"column":21}},"19":{"start":{"line":27,"column":0},"end":{"line":27,"column":75}},"20":{"start":{"line":28,"column":0},"end":{"line":31,"column":4}},"21":{"start":{"line":34,"column":15},"end":{"line":34,"column":46}},"22":{"start":{"line":35,"column":20},"end":{"line":35,"column":46}},"23":{"start":{"line":35,"column":40},"end":{"line":35,"column":46}},"24":{"start":{"line":36,"column":23},"end":{"line":36,"column":177}},"25":{"start":{"line":37,"column":20},"end":{"line":37,"column":175}},"26":{"start":{"line":39,"column":0},"end":{"line":39,"column":24}},"27":{"start":{"line":42,"column":0},"end":{"line":42,"column":41}},"28":{"start":{"line":43,"column":0},"end":{"line":43,"column":48}},"29":{"start":{"line":46,"column":18},"end":{"line":46,"column":80}},"30":{"start":{"line":47,"column":0},"end":{"line":47,"column":76}},"31":{"start":{"line":47,"column":31},"end":{"line":47,"column":76}},"32":{"start":{"line":48,"column":0},"end":{"line":48,"column":47}},"33":{"start":{"line":53,"column":0},"end":{"line":53,"column":46}},"34":{"start":{"line":54,"column":0},"end":{"line":54,"column":76}},"35":{"start":{"line":57,"column":0},"end":{"line":59,"column":3}},"36":{"start":{"line":58,"column":2},"end":{"line":58,"column":107}},"37":{"start":{"line":62,"column":0},"end":{"line":62,"column":64}},"38":{"start":{"line":63,"column":0},"end":{"line":63,"column":40}},"39":{"start":{"line":64,"column":0},"end":{"line":64,"column":56}},"40":{"start":{"line":65,"column":0},"end":{"line":65,"column":54}},"41":{"start":{"line":66,"column":0},"end":{"line":66,"column":54}},"42":{"start":{"line":67,"column":0},"end":{"line":67,"column":54}},"43":{"start":{"line":68,"column":0},"end":{"line":68,"column":48}},"44":{"start":{"line":69,"column":0},"end":{"line":69,"column":57}},"45":{"start":{"line":70,"column":0},"end":{"line":70,"column":52}},"46":{"start":{"line":71,"column":0},"end":{"line":71,"column":55}},"47":{"start":{"line":74,"column":0},"end":{"line":101,"column":1}},"48":{"start":{"line":75,"column":19},"end":{"line":75,"column":47}},"49":{"start":{"line":76,"column":26},"end":{"line":76,"column":61}},"50":{"start":{"line":78,"column":2},"end":{"line":89,"column":21}},"51":{"start":{"line":79,"column":4},"end":{"line":88,"column":5}},"52":{"start":{"line":80,"column":22},"end":{"line":80,"column":64}},"53":{"start":{"line":81,"column":22},"end":{"line":81,"column":59}},"54":{"start":{"line":82,"column":24},"end":{"line":82,"column":71}},"55":{"start":{"line":83,"column":6},"end":{"line":85,"column":7}},"56":{"start":{"line":84,"column":8},"end":{"line":84,"column":126}},"57":{"start":{"line":87,"column":6},"end":{"line":87,"column":53}},"58":{"start":{"line":91,"column":2},"end":{"line":100,"column":11}},"59":{"start":{"line":92,"column":4},"end":{"line":99,"column":5}},"60":{"start":{"line":93,"column":6},"end":{"line":93,"column":49}},"61":{"start":{"line":94,"column":6},"end":{"line":94,"column":44}},"62":{"start":{"line":95,"column":6},"end":{"line":95,"column":54}},"63":{"start":{"line":96,"column":6},"end":{"line":96,"column":54}},"64":{"start":{"line":98,"column":6},"end":{"line":98,"column":61}},"65":{"start":{"line":104,"column":0},"end":{"line":106,"column":3}},"66":{"start":{"line":105,"column":2},"end":{"line":105,"column":81}},"67":{"start":{"line":107,"column":0},"end":{"line":107,"column":22}},"68":{"start":{"line":109,"column":0},"end":{"line":109,"column":21}}},"fnMap":{"0":{"name":"(anonymous_0)","decl":{"start":{"line":35,"column":20},"end":{"line":35,"column":21}},"loc":{"start":{"line":35,"column":40},"end":{"line":35,"column":46}},"line":35},"1":{"name":"(anonymous_1)","decl":{"start":{"line":57,"column":23},"end":{"line":57,"column":24}},"loc":{"start":{"line":57,"column":37},"end":{"line":59,"column":1}},"line":57},"2":{"name":"(anonymous_2)","decl":{"start":{"line":78,"column":14},"end":{"line":78,"column":15}},"loc":{"start":{"line":78,"column":26},"end":{"line":89,"column":3}},"line":78},"3":{"name":"(anonymous_3)","decl":{"start":{"line":91,"column":13},"end":{"line":91,"column":14}},"loc":{"start":{"line":91,"column":25},"end":{"line":100,"column":3}},"line":91},"4":{"name":"(anonymous_4)","decl":{"start":{"line":104,"column":8},"end":{"line":104,"column":9}},"loc":{"start":{"line":104,"column":22},"end":{"line":106,"column":1}},"line":104}},"branchMap":{"0":{"loc":{"start":{"line":29,"column":10},"end":{"line":29,"column":60}},"type":"binary-expr","locations":[{"start":{"line":29,"column":10},"end":{"line":29,"column":33}},{"start":{"line":29,"column":37},"end":{"line":29,"column":60}}],"line":29},"1":{"loc":{"start":{"line":36,"column":23},"end":{"line":36,"column":177}},"type":"cond-expr","locations":[{"start":{"line":36,"column":32},"end":{"line":36,"column":43}},{"start":{"line":36,"column":46},"end":{"line":36,"column":177}}],"line":36},"2":{"loc":{"start":{"line":37,"column":20},"end":{"line":37,"column":175}},"type":"cond-expr","locations":[{"start":{"line":37,"column":29},"end":{"line":37,"column":40}},{"start":{"line":37,"column":43},"end":{"line":37,"column":175}}],"line":37},"3":{"loc":{"start":{"line":46,"column":42},"end":{"line":46,"column":79}},"type":"binary-expr","locations":[{"start":{"line":46,"column":42},"end":{"line":46,"column":64}},{"start":{"line":46,"column":68},"end":{"line":46,"column":79}}],"line":46},"4":{"loc":{"start":{"line":47,"column":0},"end":{"line":47,"column":76}},"type":"if","locations":[{"start":{"line":47,"column":0},"end":{"line":47,"column":76}},{"start":{},"end":{}}],"line":47},"5":{"loc":{"start":{"line":74,"column":0},"end":{"line":101,"column":1}},"type":"if","locations":[{"start":{"line":74,"column":0},"end":{"line":101,"column":1}},{"start":{},"end":{}}],"line":74},"6":{"loc":{"start":{"line":83,"column":6},"end":{"line":85,"column":7}},"type":"if","locations":[{"start":{"line":83,"column":6},"end":{"line":85,"column":7}},{"start":{},"end":{}}],"line":83},"7":{"loc":{"start":{"line":83,"column":10},"end":{"line":83,"column":53}},"type":"binary-expr","locations":[{"start":{"line":83,"column":10},"end":{"line":83,"column":21}},{"start":{"line":83,"column":25},"end":{"line":83,"column":36}},{"start":{"line":83,"column":40},"end":{"line":83,"column":53}}],"line":83}},"s":{"0":8,"1":8,"2":8,"3":8,"4":8,"5":8,"6":8,"7":8,"8":8,"9":8,"10":8,"11":8,"12":8,"13":8,"14":8,"15":8,"16":8,"17":8,"18":8,"19":8,"20":8,"21":8,"22":8,"23":153,"24":8,"25":8,"26":8,"27":8,"28":8,"29":8,"30":8,"31":0,"32":8,"33":8,"34":8,"35":8,"36":1,"37":8,"38":8,"39":8,"40":8,"41":8,"42":8,"43":8,"44":8,"45":8,"46":8,"47":8,"48":0,"49":0,"50":0,"51":0,"52":0,"53":0,"54":0,"55":0,"56":0,"57":0,"58":0,"59":0,"60":0,"61":0,"62":0,"63":0,"64":0,"65":8,"66":1,"67":8,"68":8},"f":{"0":153,"1":1,"2":0,"3":0,"4":1},"b":{"0":[8,0],"1":[8,0],"2":[8,0],"3":[8,0],"4":[0,8],"5":[0,8],"6":[0,0],"7":[0,0,0]},"_coverageSchema":"1a1c01bbd47fc00a2c39e90264f33305004495a9","hash":"4e36b7f7cf4a7b4bf55757fb29aa814368d62346"}
,"C:\\Users\\bhisma\\.gemini\\antigravity\\sistem_voice\\server\\config\\database.js": {"path":"C:\\Users\\bhisma\\.gemini\\antigravity\\sistem_voice\\server\\config\\database.js","statementMap":{"0":{"start":{"line":1,"column":14},"end":{"line":1,"column":39}},"1":{"start":{"line":2,"column":13},"end":{"line":2,"column":28}},"2":{"start":{"line":3,"column":0},"end":{"line":3,"column":71}},"3":{"start":{"line":5,"column":17},"end":{"line":15,"column":1}},"4":{"start":{"line":21,"column":19},"end":{"line":26,"column":4}},"5":{"start":{"line":27,"column":2},"end":{"line":27,"column":132}},"6":{"start":{"line":28,"column":2},"end":{"line":28,"column":23}},"7":{"start":{"line":31,"column":2},"end":{"line":31,"column":36}},"8":{"start":{"line":34,"column":15},"end":{"line":34,"column":41}},"9":{"start":{"line":35,"column":2},"end":{"line":204,"column":3}},"10":{"start":{"line":36,"column":4},"end":{"line":54,"column":7}},"11":{"start":{"line":56,"column":4},"end":{"line":65,"column":7}},"12":{"start":{"line":67,"column":4},"end":{"line":81,"column":7}},"13":{"start":{"line":83,"column":4},"end":{"line":97,"column":7}},"14":{"start":{"line":99,"column":4},"end":{"line":124,"column":7}},"15":{"start":{"line":126,"column":4},"end":{"line":138,"column":7}},"16":{"start":{"line":140,"column":4},"end":{"line":154,"column":7}},"17":{"start":{"line":156,"column":4},"end":{"line":167,"column":7}},"18":{"start":{"line":170,"column":4},"end":{"line":174,"column":5}},"19":{"start":{"line":171,"column":6},"end":{"line":171,"column":96}},"20":{"start":{"line":173,"column":6},"end":{"line":173,"column":101}},"21":{"start":{"line":173,"column":51},"end":{"line":173,"column":101}},"22":{"start":{"line":177,"column":4},"end":{"line":181,"column":5}},"23":{"start":{"line":178,"column":6},"end":{"line":178,"column":102}},"24":{"start":{"line":180,"column":6},"end":{"line":180,"column":103}},"25":{"start":{"line":180,"column":51},"end":{"line":180,"column":103}},"26":{"start":{"line":183,"column":4},"end":{"line":199,"column":7}},"27":{"start":{"line":201,"column":4},"end":{"line":201,"column":55}},"28":{"start":{"line":203,"column":4},"end":{"line":203,"column":19}},"29":{"start":{"line":206,"column":2},"end":{"line":206,"column":14}},"30":{"start":{"line":210,"column":2},"end":{"line":210,"column":79}},"31":{"start":{"line":210,"column":13},"end":{"line":210,"column":79}},"32":{"start":{"line":211,"column":2},"end":{"line":211,"column":14}},"33":{"start":{"line":214,"column":0},"end":{"line":214,"column":37}}},"fnMap":{"0":{"name":"initDB","decl":{"start":{"line":19,"column":15},"end":{"line":19,"column":21}},"loc":{"start":{"line":19,"column":24},"end":{"line":207,"column":1}},"line":19},"1":{"name":"getPool","decl":{"start":{"line":209,"column":9},"end":{"line":209,"column":16}},"loc":{"start":{"line":209,"column":19},"end":{"line":212,"column":1}},"line":209}},"branchMap":{"0":{"loc":{"start":{"line":6,"column":8},"end":{"line":6,"column":42}},"type":"binary-expr","locations":[{"start":{"line":6,"column":8},"end":{"line":6,"column":27}},{"start":{"line":6,"column":31},"end":{"line":6,"column":42}}],"line":6},"1":{"loc":{"start":{"line":7,"column":8},"end":{"line":7,"column":45}},"type":"binary-expr","locations":[{"start":{"line":7,"column":8},"end":{"line":7,"column":37}},{"start":{"line":7,"column":41},"end":{"line":7,"column":45}}],"line":7},"2":{"loc":{"start":{"line":8,"column":8},"end":{"line":8,"column":37}},"type":"binary-expr","locations":[{"start":{"line":8,"column":8},"end":{"line":8,"column":27}},{"start":{"line":8,"column":31},"end":{"line":8,"column":37}}],"line":8},"3":{"loc":{"start":{"line":9,"column":12},"end":{"line":9,"column":41}},"type":"binary-expr","locations":[{"start":{"line":9,"column":12},"end":{"line":9,"column":35}},{"start":{"line":9,"column":39},"end":{"line":9,"column":41}}],"line":9},"4":{"loc":{"start":{"line":10,"column":12},"end":{"line":10,"column":48}},"type":"binary-expr","locations":[{"start":{"line":10,"column":12},"end":{"line":10,"column":31}},{"start":{"line":10,"column":35},"end":{"line":10,"column":48}}],"line":10},"5":{"loc":{"start":{"line":173,"column":6},"end":{"line":173,"column":101}},"type":"if","locations":[{"start":{"line":173,"column":6},"end":{"line":173,"column":101}},{"start":{},"end":{}}],"line":173},"6":{"loc":{"start":{"line":180,"column":6},"end":{"line":180,"column":103}},"type":"if","locations":[{"start":{"line":180,"column":6},"end":{"line":180,"column":103}},{"start":{},"end":{}}],"line":180},"7":{"loc":{"start":{"line":210,"column":2},"end":{"line":210,"column":79}},"type":"if","locations":[{"start":{"line":210,"column":2},"end":{"line":210,"column":79}},{"start":{},"end":{}}],"line":210}},"s":{"0":8,"1":8,"2":8,"3":8,"4":8,"5":8,"6":8,"7":8,"8":8,"9":8,"10":8,"11":8,"12":8,"13":8,"14":8,"15":8,"16":8,"17":8,"18":8,"19":8,"20":8,"21":0,"22":8,"23":8,"24":8,"25":0,"26":8,"27":8,"28":8,"29":8,"30":672,"31":0,"32":672,"33":8},"f":{"0":8,"1":672},"b":{"0":[8,0],"1":[8,0],"2":[8,0],"3":[8,8],"4":[8,0],"5":[0,8],"6":[0,8],"7":[0,672]},"_coverageSchema":"1a1c01bbd47fc00a2c39e90264f33305004495a9","hash":"be66cc30f7ad4d14e0b572f71a96fb4e94b18834"}
,"C:\\Users\\bhisma\\.gemini\\antigravity\\sistem_voice\\server\\controllers\\authController.js": {"path":"C:\\Users\\bhisma\\.gemini\\antigravity\\sistem_voice\\server\\controllers\\authController.js","statementMap":{"0":{"start":{"line":1,"column":15},"end":{"line":1,"column":32}},"1":{"start":{"line":2,"column":12},"end":{"line":2,"column":35}},"2":{"start":{"line":3,"column":31},"end":{"line":3,"column":56}},"3":{"start":{"line":6,"column":2},"end":{"line":6,"column":130}},"4":{"start":{"line":10,"column":2},"end":{"line":10,"column":126}},"5":{"start":{"line":13,"column":23},"end":{"line":128,"column":1}},"6":{"start":{"line":15,"column":4},"end":{"line":31,"column":36}},"7":{"start":{"line":16,"column":47},"end":{"line":16,"column":55}},"8":{"start":{"line":17,"column":23},"end":{"line":17,"column":52}},"9":{"start":{"line":18,"column":6},"end":{"line":20,"column":7}},"10":{"start":{"line":19,"column":8},"end":{"line":19,"column":91}},"11":{"start":{"line":21,"column":28},"end":{"line":21,"column":59}},"12":{"start":{"line":22,"column":19},"end":{"line":22,"column":75}},"13":{"start":{"line":23,"column":26},"end":{"line":23,"column":51}},"14":{"start":{"line":24,"column":27},"end":{"line":24,"column":53}},"15":{"start":{"line":26,"column":24},"end":{"line":26,"column":70}},"16":{"start":{"line":27,"column":27},"end":{"line":27,"column":81}},"17":{"start":{"line":28,"column":6},"end":{"line":28,"column":69}},"18":{"start":{"line":30,"column":6},"end":{"line":30,"column":122}},"19":{"start":{"line":31,"column":22},"end":{"line":31,"column":34}},"20":{"start":{"line":35,"column":4},"end":{"line":54,"column":36}},"21":{"start":{"line":36,"column":34},"end":{"line":36,"column":42}},"22":{"start":{"line":37,"column":19},"end":{"line":37,"column":48}},"23":{"start":{"line":38,"column":6},"end":{"line":40,"column":7}},"24":{"start":{"line":39,"column":8},"end":{"line":39,"column":95}},"25":{"start":{"line":41,"column":20},"end":{"line":41,"column":70}},"26":{"start":{"line":42,"column":6},"end":{"line":44,"column":7}},"27":{"start":{"line":43,"column":8},"end":{"line":43,"column":95}},"28":{"start":{"line":45,"column":26},"end":{"line":45,"column":51}},"29":{"start":{"line":46,"column":27},"end":{"line":46,"column":53}},"30":{"start":{"line":48,"column":24},"end":{"line":48,"column":70}},"31":{"start":{"line":49,"column":27},"end":{"line":49,"column":81}},"32":{"start":{"line":50,"column":6},"end":{"line":50,"column":69}},"33":{"start":{"line":52,"column":23},"end":{"line":52,"column":51}},"34":{"start":{"line":53,"column":6},"end":{"line":53,"column":115}},"35":{"start":{"line":54,"column":22},"end":{"line":54,"column":34}},"36":{"start":{"line":58,"column":4},"end":{"line":87,"column":36}},"37":{"start":{"line":59,"column":24},"end":{"line":59,"column":32}},"38":{"start":{"line":60,"column":6},"end":{"line":60,"column":96}},"39":{"start":{"line":60,"column":18},"end":{"line":60,"column":96}},"40":{"start":{"line":62,"column":31},"end":{"line":62,"column":61}},"41":{"start":{"line":63,"column":21},"end":{"line":63,"column":67}},"42":{"start":{"line":64,"column":21},"end":{"line":67,"column":8}},"43":{"start":{"line":68,"column":22},"end":{"line":68,"column":41}},"44":{"start":{"line":69,"column":20},"end":{"line":69,"column":33}},"45":{"start":{"line":70,"column":19},"end":{"line":70,"column":31}},"46":{"start":{"line":72,"column":17},"end":{"line":72,"column":46}},"47":{"start":{"line":73,"column":6},"end":{"line":76,"column":7}},"48":{"start":{"line":74,"column":30},"end":{"line":74,"column":89}},"49":{"start":{"line":75,"column":8},"end":{"line":75,"column":76}},"50":{"start":{"line":78,"column":26},"end":{"line":78,"column":51}},"51":{"start":{"line":79,"column":27},"end":{"line":79,"column":53}},"52":{"start":{"line":81,"column":24},"end":{"line":81,"column":70}},"53":{"start":{"line":82,"column":27},"end":{"line":82,"column":81}},"54":{"start":{"line":83,"column":6},"end":{"line":83,"column":69}},"55":{"start":{"line":85,"column":23},"end":{"line":85,"column":51}},"56":{"start":{"line":86,"column":6},"end":{"line":86,"column":122}},"57":{"start":{"line":87,"column":22},"end":{"line":87,"column":34}},"58":{"start":{"line":91,"column":4},"end":{"line":110,"column":36}},"59":{"start":{"line":92,"column":31},"end":{"line":92,"column":39}},"60":{"start":{"line":93,"column":6},"end":{"line":95,"column":7}},"61":{"start":{"line":94,"column":8},"end":{"line":94,"column":94}},"62":{"start":{"line":96,"column":21},"end":{"line":96,"column":58}},"63":{"start":{"line":97,"column":6},"end":{"line":99,"column":7}},"64":{"start":{"line":98,"column":8},"end":{"line":98,"column":95}},"65":{"start":{"line":100,"column":6},"end":{"line":109,"column":7}},"66":{"start":{"line":101,"column":24},"end":{"line":101,"column":80}},"67":{"start":{"line":102,"column":21},"end":{"line":102,"column":52}},"68":{"start":{"line":103,"column":8},"end":{"line":103,"column":101}},"69":{"start":{"line":103,"column":19},"end":{"line":103,"column":101}},"70":{"start":{"line":104,"column":31},"end":{"line":104,"column":56}},"71":{"start":{"line":105,"column":8},"end":{"line":105,"column":75}},"72":{"start":{"line":107,"column":8},"end":{"line":107,"column":48}},"73":{"start":{"line":108,"column":8},"end":{"line":108,"column":94}},"74":{"start":{"line":110,"column":22},"end":{"line":110,"column":34}},"75":{"start":{"line":114,"column":4},"end":{"line":118,"column":36}},"76":{"start":{"line":115,"column":31},"end":{"line":115,"column":39}},"77":{"start":{"line":116,"column":6},"end":{"line":116,"column":64}},"78":{"start":{"line":116,"column":24},"end":{"line":116,"column":64}},"79":{"start":{"line":117,"column":6},"end":{"line":117,"column":63}},"80":{"start":{"line":118,"column":22},"end":{"line":118,"column":34}},"81":{"start":{"line":122,"column":4},"end":{"line":126,"column":36}},"82":{"start":{"line":123,"column":19},"end":{"line":123,"column":51}},"83":{"start":{"line":124,"column":6},"end":{"line":124,"column":99}},"84":{"start":{"line":124,"column":17},"end":{"line":124,"column":99}},"85":{"start":{"line":125,"column":6},"end":{"line":125,"column":46}},"86":{"start":{"line":126,"column":22},"end":{"line":126,"column":34}},"87":{"start":{"line":130,"column":0},"end":{"line":130,"column":32}}},"fnMap":{"0":{"name":"generateAccessToken","decl":{"start":{"line":5,"column":9},"end":{"line":5,"column":28}},"loc":{"start":{"line":5,"column":35},"end":{"line":7,"column":1}},"line":5},"1":{"name":"generateRefreshToken","decl":{"start":{"line":9,"column":9},"end":{"line":9,"column":29}},"loc":{"start":{"line":9,"column":36},"end":{"line":11,"column":1}},"line":9},"2":{"name":"(anonymous_2)","decl":{"start":{"line":14,"column":2},"end":{"line":14,"column":3}},"loc":{"start":{"line":14,"column":33},"end":{"line":32,"column":3}},"line":14},"3":{"name":"(anonymous_3)","decl":{"start":{"line":34,"column":2},"end":{"line":34,"column":3}},"loc":{"start":{"line":34,"column":30},"end":{"line":55,"column":3}},"line":34},"4":{"name":"(anonymous_4)","decl":{"start":{"line":57,"column":2},"end":{"line":57,"column":3}},"loc":{"start":{"line":57,"column":36},"end":{"line":88,"column":3}},"line":57},"5":{"name":"(anonymous_5)","decl":{"start":{"line":90,"column":2},"end":{"line":90,"column":3}},"loc":{"start":{"line":90,"column":32},"end":{"line":111,"column":3}},"line":90},"6":{"name":"(anonymous_6)","decl":{"start":{"line":113,"column":2},"end":{"line":113,"column":3}},"loc":{"start":{"line":113,"column":31},"end":{"line":119,"column":3}},"line":113},"7":{"name":"(anonymous_7)","decl":{"start":{"line":121,"column":2},"end":{"line":121,"column":3}},"loc":{"start":{"line":121,"column":27},"end":{"line":127,"column":3}},"line":121}},"branchMap":{"0":{"loc":{"start":{"line":6,"column":91},"end":{"line":6,"column":126}},"type":"binary-expr","locations":[{"start":{"line":6,"column":91},"end":{"line":6,"column":117}},{"start":{"line":6,"column":121},"end":{"line":6,"column":126}}],"line":6},"1":{"loc":{"start":{"line":10,"column":80},"end":{"line":10,"column":122}},"type":"binary-expr","locations":[{"start":{"line":10,"column":80},"end":{"line":10,"column":114}},{"start":{"line":10,"column":118},"end":{"line":10,"column":122}}],"line":10},"2":{"loc":{"start":{"line":18,"column":6},"end":{"line":20,"column":7}},"type":"if","locations":[{"start":{"line":18,"column":6},"end":{"line":20,"column":7}},{"start":{},"end":{}}],"line":18},"3":{"loc":{"start":{"line":38,"column":6},"end":{"line":40,"column":7}},"type":"if","locations":[{"start":{"line":38,"column":6},"end":{"line":40,"column":7}},{"start":{},"end":{}}],"line":38},"4":{"loc":{"start":{"line":42,"column":6},"end":{"line":44,"column":7}},"type":"if","locations":[{"start":{"line":42,"column":6},"end":{"line":44,"column":7}},{"start":{},"end":{}}],"line":42},"5":{"loc":{"start":{"line":60,"column":6},"end":{"line":60,"column":96}},"type":"if","locations":[{"start":{"line":60,"column":6},"end":{"line":60,"column":96}},{"start":{},"end":{}}],"line":60},"6":{"loc":{"start":{"line":73,"column":6},"end":{"line":76,"column":7}},"type":"if","locations":[{"start":{"line":73,"column":6},"end":{"line":76,"column":7}},{"start":{},"end":{}}],"line":73},"7":{"loc":{"start":{"line":93,"column":6},"end":{"line":95,"column":7}},"type":"if","locations":[{"start":{"line":93,"column":6},"end":{"line":95,"column":7}},{"start":{},"end":{}}],"line":93},"8":{"loc":{"start":{"line":97,"column":6},"end":{"line":99,"column":7}},"type":"if","locations":[{"start":{"line":97,"column":6},"end":{"line":99,"column":7}},{"start":{},"end":{}}],"line":97},"9":{"loc":{"start":{"line":103,"column":8},"end":{"line":103,"column":101}},"type":"if","locations":[{"start":{"line":103,"column":8},"end":{"line":103,"column":101}},{"start":{},"end":{}}],"line":103},"10":{"loc":{"start":{"line":116,"column":6},"end":{"line":116,"column":64}},"type":"if","locations":[{"start":{"line":116,"column":6},"end":{"line":116,"column":64}},{"start":{},"end":{}}],"line":116},"11":{"loc":{"start":{"line":124,"column":6},"end":{"line":124,"column":99}},"type":"if","locations":[{"start":{"line":124,"column":6},"end":{"line":124,"column":99}},{"start":{},"end":{}}],"line":124}},"s":{"0":8,"1":8,"2":8,"3":7,"4":6,"5":8,"6":6,"7":6,"8":6,"9":6,"10":1,"11":5,"12":5,"13":5,"14":5,"15":5,"16":5,"17":5,"18":5,"19":0,"20":3,"21":3,"22":3,"23":3,"24":1,"25":2,"26":2,"27":1,"28":1,"29":1,"30":1,"31":1,"32":1,"33":1,"34":1,"35":0,"36":0,"37":0,"38":0,"39":0,"40":0,"41":0,"42":0,"43":0,"44":0,"45":0,"46":0,"47":0,"48":0,"49":0,"50":0,"51":0,"52":0,"53":0,"54":0,"55":0,"56":0,"57":0,"58":4,"59":4,"60":4,"61":1,"62":3,"63":3,"64":2,"65":1,"66":1,"67":1,"68":1,"69":0,"70":1,"71":1,"72":0,"73":0,"74":0,"75":2,"76":2,"77":2,"78":2,"79":2,"80":0,"81":1,"82":1,"83":1,"84":0,"85":1,"86":0,"87":8},"f":{"0":7,"1":6,"2":6,"3":3,"4":0,"5":4,"6":2,"7":1},"b":{"0":[7,0],"1":[6,0],"2":[1,5],"3":[1,2],"4":[1,1],"5":[0,0],"6":[0,0],"7":[1,3],"8":[2,1],"9":[0,1],"10":[2,0],"11":[0,1]},"_coverageSchema":"1a1c01bbd47fc00a2c39e90264f33305004495a9","hash":"1ef8a39dfebe41f95699d37ead6cbd684c181d13"}
,"C:\\Users\\bhisma\\.gemini\\antigravity\\sistem_voice\\server\\controllers\\contactController.js": {"path":"C:\\Users\\bhisma\\.gemini\\antigravity\\sistem_voice\\server\\controllers\\contactController.js","statementMap":{"0":{"start":{"line":1,"column":16},"end":{"line":1,"column":44}},"1":{"start":{"line":3,"column":26},"end":{"line":37,"column":1}},"2":{"start":{"line":5,"column":4},"end":{"line":8,"column":36}},"3":{"start":{"line":6,"column":21},"end":{"line":6,"column":66}},"4":{"start":{"line":7,"column":6},"end":{"line":7,"column":155}},"5":{"start":{"line":8,"column":22},"end":{"line":8,"column":34}},"6":{"start":{"line":11,"column":4},"end":{"line":15,"column":36}},"7":{"start":{"line":12,"column":22},"end":{"line":12,"column":72}},"8":{"start":{"line":13,"column":6},"end":{"line":13,"column":104}},"9":{"start":{"line":13,"column":20},"end":{"line":13,"column":104}},"10":{"start":{"line":14,"column":6},"end":{"line":14,"column":49}},"11":{"start":{"line":15,"column":22},"end":{"line":15,"column":34}},"12":{"start":{"line":18,"column":4},"end":{"line":21,"column":36}},"13":{"start":{"line":19,"column":22},"end":{"line":19,"column":81}},"14":{"start":{"line":20,"column":6},"end":{"line":20,"column":102}},"15":{"start":{"line":21,"column":22},"end":{"line":21,"column":34}},"16":{"start":{"line":24,"column":4},"end":{"line":28,"column":36}},"17":{"start":{"line":25,"column":22},"end":{"line":25,"column":80}},"18":{"start":{"line":26,"column":6},"end":{"line":26,"column":104}},"19":{"start":{"line":26,"column":20},"end":{"line":26,"column":104}},"20":{"start":{"line":27,"column":6},"end":{"line":27,"column":87}},"21":{"start":{"line":28,"column":22},"end":{"line":28,"column":34}},"22":{"start":{"line":31,"column":4},"end":{"line":35,"column":36}},"23":{"start":{"line":32,"column":21},"end":{"line":32,"column":69}},"24":{"start":{"line":33,"column":6},"end":{"line":33,"column":116}},"25":{"start":{"line":33,"column":32},"end":{"line":33,"column":116}},"26":{"start":{"line":34,"column":6},"end":{"line":34,"column":71}},"27":{"start":{"line":35,"column":22},"end":{"line":35,"column":34}},"28":{"start":{"line":39,"column":0},"end":{"line":39,"column":35}}},"fnMap":{"0":{"name":"(anonymous_0)","decl":{"start":{"line":4,"column":2},"end":{"line":4,"column":3}},"loc":{"start":{"line":4,"column":29},"end":{"line":9,"column":3}},"line":4},"1":{"name":"(anonymous_1)","decl":{"start":{"line":10,"column":2},"end":{"line":10,"column":3}},"loc":{"start":{"line":10,"column":28},"end":{"line":16,"column":3}},"line":10},"2":{"name":"(anonymous_2)","decl":{"start":{"line":17,"column":2},"end":{"line":17,"column":3}},"loc":{"start":{"line":17,"column":31},"end":{"line":22,"column":3}},"line":17},"3":{"name":"(anonymous_3)","decl":{"start":{"line":23,"column":2},"end":{"line":23,"column":3}},"loc":{"start":{"line":23,"column":31},"end":{"line":29,"column":3}},"line":23},"4":{"name":"(anonymous_4)","decl":{"start":{"line":30,"column":2},"end":{"line":30,"column":3}},"loc":{"start":{"line":30,"column":31},"end":{"line":36,"column":3}},"line":30}},"branchMap":{"0":{"loc":{"start":{"line":13,"column":6},"end":{"line":13,"column":104}},"type":"if","locations":[{"start":{"line":13,"column":6},"end":{"line":13,"column":104}},{"start":{},"end":{}}],"line":13},"1":{"loc":{"start":{"line":26,"column":6},"end":{"line":26,"column":104}},"type":"if","locations":[{"start":{"line":26,"column":6},"end":{"line":26,"column":104}},{"start":{},"end":{}}],"line":26},"2":{"loc":{"start":{"line":33,"column":6},"end":{"line":33,"column":116}},"type":"if","locations":[{"start":{"line":33,"column":6},"end":{"line":33,"column":116}},{"start":{},"end":{}}],"line":33}},"s":{"0":8,"1":8,"2":5,"3":5,"4":5,"5":0,"6":3,"7":3,"8":3,"9":2,"10":1,"11":0,"12":2,"13":2,"14":2,"15":0,"16":1,"17":1,"18":1,"19":0,"20":1,"21":0,"22":2,"23":2,"24":2,"25":1,"26":1,"27":0,"28":8},"f":{"0":5,"1":3,"2":2,"3":1,"4":2},"b":{"0":[2,1],"1":[0,1],"2":[1,1]},"_coverageSchema":"1a1c01bbd47fc00a2c39e90264f33305004495a9","hash":"8a31d3f0426ca47cfa7bb05bb02ccddb5bdb3f29"}
,"C:\\Users\\bhisma\\.gemini\\antigravity\\sistem_voice\\server\\controllers\\dashboardController.js": {"path":"C:\\Users\\bhisma\\.gemini\\antigravity\\sistem_voice\\server\\controllers\\dashboardController.js","statementMap":{"0":{"start":{"line":1,"column":15},"end":{"line":1,"column":42}},"1":{"start":{"line":2,"column":17},"end":{"line":2,"column":42}},"2":{"start":{"line":4,"column":28},"end":{"line":27,"column":1}},"3":{"start":{"line":6,"column":4},"end":{"line":10,"column":36}},"4":{"start":{"line":7,"column":20},"end":{"line":7,"column":63}},"5":{"start":{"line":8,"column":21},"end":{"line":8,"column":102}},"6":{"start":{"line":9,"column":6},"end":{"line":9,"column":59}},"7":{"start":{"line":10,"column":22},"end":{"line":10,"column":34}},"8":{"start":{"line":14,"column":4},"end":{"line":18,"column":36}},"9":{"start":{"line":15,"column":21},"end":{"line":15,"column":52}},"10":{"start":{"line":16,"column":19},"end":{"line":16,"column":68}},"11":{"start":{"line":17,"column":6},"end":{"line":17,"column":40}},"12":{"start":{"line":18,"column":22},"end":{"line":18,"column":34}},"13":{"start":{"line":22,"column":4},"end":{"line":25,"column":36}},"14":{"start":{"line":23,"column":19},"end":{"line":23,"column":65}},"15":{"start":{"line":24,"column":6},"end":{"line":24,"column":40}},"16":{"start":{"line":25,"column":22},"end":{"line":25,"column":34}},"17":{"start":{"line":29,"column":25},"end":{"line":54,"column":1}},"18":{"start":{"line":31,"column":4},"end":{"line":34,"column":36}},"19":{"start":{"line":32,"column":19},"end":{"line":32,"column":59}},"20":{"start":{"line":33,"column":6},"end":{"line":33,"column":40}},"21":{"start":{"line":34,"column":22},"end":{"line":34,"column":34}},"22":{"start":{"line":38,"column":4},"end":{"line":44,"column":36}},"23":{"start":{"line":39,"column":39},"end":{"line":39,"column":48}},"24":{"start":{"line":40,"column":24},"end":{"line":40,"column":106}},"25":{"start":{"line":41,"column":22},"end":{"line":41,"column":72}},"26":{"start":{"line":42,"column":19},"end":{"line":42,"column":78}},"27":{"start":{"line":43,"column":6},"end":{"line":43,"column":40}},"28":{"start":{"line":44,"column":22},"end":{"line":44,"column":34}},"29":{"start":{"line":48,"column":4},"end":{"line":52,"column":36}},"30":{"start":{"line":49,"column":21},"end":{"line":49,"column":52}},"31":{"start":{"line":50,"column":19},"end":{"line":50,"column":64}},"32":{"start":{"line":51,"column":6},"end":{"line":51,"column":40}},"33":{"start":{"line":52,"column":22},"end":{"line":52,"column":34}},"34":{"start":{"line":56,"column":27},"end":{"line":70,"column":1}},"35":{"start":{"line":58,"column":4},"end":{"line":61,"column":36}},"36":{"start":{"line":59,"column":19},"end":{"line":59,"column":51}},"37":{"start":{"line":60,"column":6},"end":{"line":60,"column":46}},"38":{"start":{"line":61,"column":22},"end":{"line":61,"column":34}},"39":{"start":{"line":65,"column":4},"end":{"line":68,"column":36}},"40":{"start":{"line":66,"column":19},"end":{"line":66,"column":59}},"41":{"start":{"line":67,"column":6},"end":{"line":67,"column":88}},"42":{"start":{"line":68,"column":22},"end":{"line":68,"column":34}},"43":{"start":{"line":72,"column":0},"end":{"line":72,"column":79}}},"fnMap":{"0":{"name":"(anonymous_0)","decl":{"start":{"line":5,"column":2},"end":{"line":5,"column":3}},"loc":{"start":{"line":5,"column":33},"end":{"line":11,"column":3}},"line":5},"1":{"name":"(anonymous_1)","decl":{"start":{"line":13,"column":2},"end":{"line":13,"column":3}},"loc":{"start":{"line":13,"column":33},"end":{"line":19,"column":3}},"line":13},"2":{"name":"(anonymous_2)","decl":{"start":{"line":21,"column":2},"end":{"line":21,"column":3}},"loc":{"start":{"line":21,"column":34},"end":{"line":26,"column":3}},"line":21},"3":{"name":"(anonymous_3)","decl":{"start":{"line":30,"column":2},"end":{"line":30,"column":3}},"loc":{"start":{"line":30,"column":30},"end":{"line":35,"column":3}},"line":30},"4":{"name":"(anonymous_4)","decl":{"start":{"line":37,"column":2},"end":{"line":37,"column":3}},"loc":{"start":{"line":37,"column":35},"end":{"line":45,"column":3}},"line":37},"5":{"name":"(anonymous_5)","decl":{"start":{"line":47,"column":2},"end":{"line":47,"column":3}},"loc":{"start":{"line":47,"column":33},"end":{"line":53,"column":3}},"line":47},"6":{"name":"(anonymous_6)","decl":{"start":{"line":57,"column":2},"end":{"line":57,"column":3}},"loc":{"start":{"line":57,"column":28},"end":{"line":62,"column":3}},"line":57},"7":{"name":"(anonymous_7)","decl":{"start":{"line":64,"column":2},"end":{"line":64,"column":3}},"loc":{"start":{"line":64,"column":31},"end":{"line":69,"column":3}},"line":64}},"branchMap":{"0":{"loc":{"start":{"line":15,"column":21},"end":{"line":15,"column":52}},"type":"binary-expr","locations":[{"start":{"line":15,"column":21},"end":{"line":15,"column":47}},{"start":{"line":15,"column":51},"end":{"line":15,"column":52}}],"line":15},"1":{"loc":{"start":{"line":40,"column":24},"end":{"line":40,"column":106}},"type":"binary-expr","locations":[{"start":{"line":40,"column":24},"end":{"line":40,"column":34}},{"start":{"line":40,"column":38},"end":{"line":40,"column":106}}],"line":40},"2":{"loc":{"start":{"line":41,"column":22},"end":{"line":41,"column":72}},"type":"binary-expr","locations":[{"start":{"line":41,"column":22},"end":{"line":41,"column":30}},{"start":{"line":41,"column":34},"end":{"line":41,"column":72}}],"line":41},"3":{"loc":{"start":{"line":49,"column":21},"end":{"line":49,"column":52}},"type":"binary-expr","locations":[{"start":{"line":49,"column":21},"end":{"line":49,"column":47}},{"start":{"line":49,"column":51},"end":{"line":49,"column":52}}],"line":49}},"s":{"0":8,"1":8,"2":8,"3":1,"4":1,"5":1,"6":1,"7":0,"8":1,"9":1,"10":1,"11":1,"12":0,"13":1,"14":1,"15":1,"16":0,"17":8,"18":1,"19":1,"20":1,"21":0,"22":1,"23":1,"24":1,"25":1,"26":1,"27":1,"28":0,"29":1,"30":1,"31":1,"32":1,"33":0,"34":8,"35":2,"36":2,"37":2,"38":0,"39":2,"40":2,"41":2,"42":0,"43":8},"f":{"0":1,"1":1,"2":1,"3":1,"4":1,"5":1,"6":2,"7":2},"b":{"0":[1,1],"1":[1,1],"2":[1,1],"3":[1,1]},"_coverageSchema":"1a1c01bbd47fc00a2c39e90264f33305004495a9","hash":"1acebb74c758862af74a89ae55398e812958486e"}
,"C:\\Users\\bhisma\\.gemini\\antigravity\\sistem_voice\\server\\controllers\\debtController.js": {"path":"C:\\Users\\bhisma\\.gemini\\antigravity\\sistem_voice\\server\\controllers\\debtController.js","statementMap":{"0":{"start":{"line":1,"column":24},"end":{"line":1,"column":60}},"1":{"start":{"line":2,"column":17},"end":{"line":2,"column":46}},"2":{"start":{"line":3,"column":20},"end":{"line":3,"column":52}},"3":{"start":{"line":5,"column":23},"end":{"line":80,"column":1}},"4":{"start":{"line":8,"column":4},"end":{"line":11,"column":36}},"5":{"start":{"line":9,"column":20},"end":{"line":9,"column":69}},"6":{"start":{"line":10,"column":6},"end":{"line":10,"column":47}},"7":{"start":{"line":11,"column":22},"end":{"line":11,"column":34}},"8":{"start":{"line":16,"column":4},"end":{"line":20,"column":36}},"9":{"start":{"line":17,"column":56},"end":{"line":17,"column":65}},"10":{"start":{"line":18,"column":21},"end":{"line":18,"column":106}},"11":{"start":{"line":19,"column":6},"end":{"line":19,"column":45}},"12":{"start":{"line":20,"column":22},"end":{"line":20,"column":34}},"13":{"start":{"line":25,"column":4},"end":{"line":29,"column":36}},"14":{"start":{"line":26,"column":19},"end":{"line":26,"column":48}},"15":{"start":{"line":27,"column":24},"end":{"line":27,"column":76}},"16":{"start":{"line":28,"column":6},"end":{"line":28,"column":51}},"17":{"start":{"line":29,"column":22},"end":{"line":29,"column":34}},"18":{"start":{"line":34,"column":4},"end":{"line":52,"column":36}},"19":{"start":{"line":35,"column":82},"end":{"line":35,"column":90}},"20":{"start":{"line":38,"column":18},"end":{"line":38,"column":67}},"21":{"start":{"line":39,"column":6},"end":{"line":39,"column":101}},"22":{"start":{"line":39,"column":16},"end":{"line":39,"column":101}},"23":{"start":{"line":41,"column":23},"end":{"line":48,"column":8}},"24":{"start":{"line":50,"column":6},"end":{"line":50,"column":103}},"25":{"start":{"line":51,"column":6},"end":{"line":51,"column":101}},"26":{"start":{"line":52,"column":22},"end":{"line":52,"column":34}},"27":{"start":{"line":57,"column":4},"end":{"line":60,"column":36}},"28":{"start":{"line":58,"column":6},"end":{"line":58,"column":65}},"29":{"start":{"line":59,"column":6},"end":{"line":59,"column":79}},"30":{"start":{"line":60,"column":22},"end":{"line":60,"column":34}},"31":{"start":{"line":65,"column":4},"end":{"line":69,"column":36}},"32":{"start":{"line":66,"column":21},"end":{"line":66,"column":77}},"33":{"start":{"line":67,"column":6},"end":{"line":67,"column":119}},"34":{"start":{"line":67,"column":32},"end":{"line":67,"column":119}},"35":{"start":{"line":68,"column":6},"end":{"line":68,"column":74}},"36":{"start":{"line":69,"column":22},"end":{"line":69,"column":34}},"37":{"start":{"line":74,"column":4},"end":{"line":78,"column":36}},"38":{"start":{"line":75,"column":22},"end":{"line":75,"column":90}},"39":{"start":{"line":76,"column":6},"end":{"line":76,"column":105}},"40":{"start":{"line":76,"column":20},"end":{"line":76,"column":105}},"41":{"start":{"line":77,"column":6},"end":{"line":77,"column":49}},"42":{"start":{"line":78,"column":22},"end":{"line":78,"column":34}},"43":{"start":{"line":82,"column":0},"end":{"line":82,"column":32}}},"fnMap":{"0":{"name":"(anonymous_0)","decl":{"start":{"line":7,"column":2},"end":{"line":7,"column":3}},"loc":{"start":{"line":7,"column":35},"end":{"line":12,"column":3}},"line":7},"1":{"name":"(anonymous_1)","decl":{"start":{"line":15,"column":2},"end":{"line":15,"column":3}},"loc":{"start":{"line":15,"column":37},"end":{"line":21,"column":3}},"line":15},"2":{"name":"(anonymous_2)","decl":{"start":{"line":24,"column":2},"end":{"line":24,"column":3}},"loc":{"start":{"line":24,"column":45},"end":{"line":30,"column":3}},"line":24},"3":{"name":"(anonymous_3)","decl":{"start":{"line":33,"column":2},"end":{"line":33,"column":3}},"loc":{"start":{"line":33,"column":39},"end":{"line":53,"column":3}},"line":33},"4":{"name":"(anonymous_4)","decl":{"start":{"line":56,"column":2},"end":{"line":56,"column":3}},"loc":{"start":{"line":56,"column":33},"end":{"line":61,"column":3}},"line":56},"5":{"name":"(anonymous_5)","decl":{"start":{"line":64,"column":2},"end":{"line":64,"column":3}},"loc":{"start":{"line":64,"column":39},"end":{"line":70,"column":3}},"line":64},"6":{"name":"(anonymous_6)","decl":{"start":{"line":73,"column":2},"end":{"line":73,"column":3}},"loc":{"start":{"line":73,"column":35},"end":{"line":79,"column":3}},"line":73}},"branchMap":{"0":{"loc":{"start":{"line":26,"column":19},"end":{"line":26,"column":48}},"type":"binary-expr","locations":[{"start":{"line":26,"column":19},"end":{"line":26,"column":43}},{"start":{"line":26,"column":47},"end":{"line":26,"column":48}}],"line":26},"1":{"loc":{"start":{"line":39,"column":6},"end":{"line":39,"column":101}},"type":"if","locations":[{"start":{"line":39,"column":6},"end":{"line":39,"column":101}},{"start":{},"end":{}}],"line":39},"2":{"loc":{"start":{"line":45,"column":23},"end":{"line":45,"column":48}},"type":"binary-expr","locations":[{"start":{"line":45,"column":23},"end":{"line":45,"column":36}},{"start":{"line":45,"column":40},"end":{"line":45,"column":48}}],"line":45},"3":{"loc":{"start":{"line":46,"column":21},"end":{"line":46,"column":37}},"type":"binary-expr","locations":[{"start":{"line":46,"column":21},"end":{"line":46,"column":32}},{"start":{"line":46,"column":36},"end":{"line":46,"column":37}}],"line":46},"4":{"loc":{"start":{"line":47,"column":17},"end":{"line":47,"column":79}},"type":"binary-expr","locations":[{"start":{"line":47,"column":17},"end":{"line":47,"column":24}},{"start":{"line":47,"column":28},"end":{"line":47,"column":79}}],"line":47},"5":{"loc":{"start":{"line":67,"column":6},"end":{"line":67,"column":119}},"type":"if","locations":[{"start":{"line":67,"column":6},"end":{"line":67,"column":119}},{"start":{},"end":{}}],"line":67},"6":{"loc":{"start":{"line":76,"column":6},"end":{"line":76,"column":105}},"type":"if","locations":[{"start":{"line":76,"column":6},"end":{"line":76,"column":105}},{"start":{},"end":{}}],"line":76}},"s":{"0":8,"1":8,"2":8,"3":8,"4":4,"5":4,"6":4,"7":0,"8":3,"9":3,"10":3,"11":3,"12":0,"13":1,"14":1,"15":1,"16":1,"17":0,"18":2,"19":2,"20":2,"21":2,"22":1,"23":1,"24":1,"25":1,"26":0,"27":1,"28":1,"29":1,"30":0,"31":2,"32":2,"33":2,"34":1,"35":1,"36":0,"37":1,"38":1,"39":1,"40":0,"41":1,"42":0,"43":8},"f":{"0":4,"1":3,"2":1,"3":2,"4":1,"5":2,"6":1},"b":{"0":[1,0],"1":[1,1],"2":[1,0],"3":[1,1],"4":[1,0],"5":[1,1],"6":[0,1]},"_coverageSchema":"1a1c01bbd47fc00a2c39e90264f33305004495a9","hash":"fb4b9e2614805d795c90a8728223e023084478ff"}
,"C:\\Users\\bhisma\\.gemini\\antigravity\\sistem_voice\\server\\controllers\\documentController.js": {"path":"C:\\Users\\bhisma\\.gemini\\antigravity\\sistem_voice\\server\\controllers\\documentController.js","statementMap":{"0":{"start":{"line":1,"column":17},"end":{"line":1,"column":46}},"1":{"start":{"line":2,"column":16},"end":{"line":2,"column":44}},"2":{"start":{"line":3,"column":20},"end":{"line":3,"column":52}},"3":{"start":{"line":4,"column":24},"end":{"line":4,"column":60}},"4":{"start":{"line":5,"column":23},"end":{"line":5,"column":38}},"5":{"start":{"line":7,"column":27},"end":{"line":211,"column":1}},"6":{"start":{"line":9,"column":4},"end":{"line":39,"column":5}},"7":{"start":{"line":10,"column":19},"end":{"line":10,"column":56}},"8":{"start":{"line":13,"column":6},"end":{"line":19,"column":7}},"9":{"start":{"line":14,"column":23},"end":{"line":16,"column":66}},"10":{"start":{"line":17,"column":26},"end":{"line":17,"column":103}},"11":{"start":{"line":18,"column":8},"end":{"line":18,"column":98}},"12":{"start":{"line":21,"column":6},"end":{"line":23,"column":7}},"13":{"start":{"line":22,"column":8},"end":{"line":22,"column":37}},"14":{"start":{"line":25,"column":18},"end":{"line":25,"column":45}},"15":{"start":{"line":26,"column":6},"end":{"line":26,"column":107}},"16":{"start":{"line":29,"column":6},"end":{"line":31,"column":7}},"17":{"start":{"line":30,"column":8},"end":{"line":30,"column":73}},"18":{"start":{"line":33,"column":6},"end":{"line":33,"column":94}},"19":{"start":{"line":35,"column":6},"end":{"line":37,"column":7}},"20":{"start":{"line":36,"column":8},"end":{"line":36,"column":99}},"21":{"start":{"line":38,"column":6},"end":{"line":38,"column":18}},"22":{"start":{"line":43,"column":4},"end":{"line":47,"column":36}},"23":{"start":{"line":44,"column":92},"end":{"line":44,"column":101}},"24":{"start":{"line":45,"column":21},"end":{"line":45,"column":135}},"25":{"start":{"line":46,"column":6},"end":{"line":46,"column":45}},"26":{"start":{"line":47,"column":22},"end":{"line":47,"column":34}},"27":{"start":{"line":51,"column":4},"end":{"line":55,"column":36}},"28":{"start":{"line":52,"column":18},"end":{"line":52,"column":69}},"29":{"start":{"line":53,"column":6},"end":{"line":53,"column":101}},"30":{"start":{"line":53,"column":16},"end":{"line":53,"column":101}},"31":{"start":{"line":54,"column":6},"end":{"line":54,"column":45}},"32":{"start":{"line":55,"column":22},"end":{"line":55,"column":34}},"33":{"start":{"line":59,"column":4},"end":{"line":85,"column":36}},"34":{"start":{"line":60,"column":18},"end":{"line":60,"column":74}},"35":{"start":{"line":61,"column":6},"end":{"line":61,"column":118}},"36":{"start":{"line":61,"column":16},"end":{"line":61,"column":118}},"37":{"start":{"line":63,"column":25},"end":{"line":83,"column":7}},"38":{"start":{"line":84,"column":6},"end":{"line":84,"column":52}},"39":{"start":{"line":85,"column":22},"end":{"line":85,"column":34}},"40":{"start":{"line":89,"column":4},"end":{"line":100,"column":36}},"41":{"start":{"line":90,"column":23},"end":{"line":90,"column":74}},"42":{"start":{"line":91,"column":6},"end":{"line":91,"column":106}},"43":{"start":{"line":91,"column":21},"end":{"line":91,"column":106}},"44":{"start":{"line":93,"column":6},"end":{"line":95,"column":7}},"45":{"start":{"line":94,"column":8},"end":{"line":94,"column":123}},"46":{"start":{"line":97,"column":22},"end":{"line":97,"column":81}},"47":{"start":{"line":98,"column":6},"end":{"line":98,"column":73}},"48":{"start":{"line":99,"column":6},"end":{"line":99,"column":88}},"49":{"start":{"line":100,"column":22},"end":{"line":100,"column":34}},"50":{"start":{"line":104,"column":4},"end":{"line":118,"column":36}},"51":{"start":{"line":105,"column":25},"end":{"line":105,"column":33}},"52":{"start":{"line":106,"column":23},"end":{"line":106,"column":74}},"53":{"start":{"line":107,"column":6},"end":{"line":107,"column":106}},"54":{"start":{"line":107,"column":21},"end":{"line":107,"column":106}},"55":{"start":{"line":109,"column":22},"end":{"line":109,"column":85}},"56":{"start":{"line":110,"column":6},"end":{"line":110,"column":84}},"57":{"start":{"line":113,"column":6},"end":{"line":115,"column":7}},"58":{"start":{"line":114,"column":8},"end":{"line":114,"column":77}},"59":{"start":{"line":117,"column":6},"end":{"line":117,"column":102}},"60":{"start":{"line":118,"column":22},"end":{"line":118,"column":34}},"61":{"start":{"line":123,"column":4},"end":{"line":162,"column":36}},"62":{"start":{"line":124,"column":54},"end":{"line":124,"column":62}},"63":{"start":{"line":125,"column":23},"end":{"line":125,"column":74}},"64":{"start":{"line":126,"column":6},"end":{"line":126,"column":106}},"65":{"start":{"line":126,"column":21},"end":{"line":126,"column":106}},"66":{"start":{"line":128,"column":6},"end":{"line":130,"column":7}},"67":{"start":{"line":129,"column":8},"end":{"line":129,"column":89}},"68":{"start":{"line":131,"column":6},"end":{"line":133,"column":7}},"69":{"start":{"line":132,"column":8},"end":{"line":132,"column":113}},"70":{"start":{"line":136,"column":28},"end":{"line":136,"column":157}},"71":{"start":{"line":137,"column":22},"end":{"line":145,"column":8}},"72":{"start":{"line":148,"column":22},"end":{"line":148,"column":73}},"73":{"start":{"line":150,"column":6},"end":{"line":151,"column":158}},"74":{"start":{"line":153,"column":26},"end":{"line":155,"column":86}},"75":{"start":{"line":157,"column":6},"end":{"line":161,"column":9}},"76":{"start":{"line":162,"column":22},"end":{"line":162,"column":34}},"77":{"start":{"line":167,"column":4},"end":{"line":183,"column":36}},"78":{"start":{"line":168,"column":23},"end":{"line":168,"column":74}},"79":{"start":{"line":169,"column":6},"end":{"line":169,"column":106}},"80":{"start":{"line":169,"column":21},"end":{"line":169,"column":106}},"81":{"start":{"line":171,"column":6},"end":{"line":173,"column":7}},"82":{"start":{"line":172,"column":8},"end":{"line":172,"column":117}},"83":{"start":{"line":175,"column":22},"end":{"line":175,"column":79}},"84":{"start":{"line":176,"column":6},"end":{"line":176,"column":110}},"85":{"start":{"line":178,"column":6},"end":{"line":182,"column":9}},"86":{"start":{"line":183,"column":22},"end":{"line":183,"column":34}},"87":{"start":{"line":188,"column":4},"end":{"line":192,"column":36}},"88":{"start":{"line":189,"column":22},"end":{"line":189,"column":82}},"89":{"start":{"line":190,"column":6},"end":{"line":190,"column":105}},"90":{"start":{"line":190,"column":20},"end":{"line":190,"column":105}},"91":{"start":{"line":191,"column":6},"end":{"line":191,"column":49}},"92":{"start":{"line":192,"column":22},"end":{"line":192,"column":34}},"93":{"start":{"line":196,"column":4},"end":{"line":200,"column":36}},"94":{"start":{"line":197,"column":21},"end":{"line":197,"column":70}},"95":{"start":{"line":198,"column":6},"end":{"line":198,"column":117}},"96":{"start":{"line":198,"column":32},"end":{"line":198,"column":117}},"97":{"start":{"line":199,"column":6},"end":{"line":199,"column":72}},"98":{"start":{"line":200,"column":22},"end":{"line":200,"column":34}},"99":{"start":{"line":204,"column":4},"end":{"line":209,"column":36}},"100":{"start":{"line":205,"column":20},"end":{"line":205,"column":29}},"101":{"start":{"line":206,"column":6},"end":{"line":206,"column":75}},"102":{"start":{"line":206,"column":30},"end":{"line":206,"column":75}},"103":{"start":{"line":207,"column":22},"end":{"line":207,"column":59}},"104":{"start":{"line":208,"column":6},"end":{"line":208,"column":49}},"105":{"start":{"line":209,"column":22},"end":{"line":209,"column":34}},"106":{"start":{"line":213,"column":0},"end":{"line":213,"column":36}}},"fnMap":{"0":{"name":"(anonymous_0)","decl":{"start":{"line":8,"column":2},"end":{"line":8,"column":3}},"loc":{"start":{"line":8,"column":31},"end":{"line":40,"column":3}},"line":8},"1":{"name":"(anonymous_1)","decl":{"start":{"line":42,"column":2},"end":{"line":42,"column":3}},"loc":{"start":{"line":42,"column":31},"end":{"line":48,"column":3}},"line":42},"2":{"name":"(anonymous_2)","decl":{"start":{"line":50,"column":2},"end":{"line":50,"column":3}},"loc":{"start":{"line":50,"column":32},"end":{"line":56,"column":3}},"line":50},"3":{"name":"(anonymous_3)","decl":{"start":{"line":58,"column":2},"end":{"line":58,"column":3}},"loc":{"start":{"line":58,"column":34},"end":{"line":86,"column":3}},"line":58},"4":{"name":"(anonymous_4)","decl":{"start":{"line":88,"column":2},"end":{"line":88,"column":3}},"loc":{"start":{"line":88,"column":31},"end":{"line":101,"column":3}},"line":88},"5":{"name":"(anonymous_5)","decl":{"start":{"line":103,"column":2},"end":{"line":103,"column":3}},"loc":{"start":{"line":103,"column":37},"end":{"line":119,"column":3}},"line":103},"6":{"name":"(anonymous_6)","decl":{"start":{"line":122,"column":2},"end":{"line":122,"column":3}},"loc":{"start":{"line":122,"column":39},"end":{"line":163,"column":3}},"line":122},"7":{"name":"(anonymous_7)","decl":{"start":{"line":166,"column":2},"end":{"line":166,"column":3}},"loc":{"start":{"line":166,"column":39},"end":{"line":184,"column":3}},"line":166},"8":{"name":"(anonymous_8)","decl":{"start":{"line":187,"column":2},"end":{"line":187,"column":3}},"loc":{"start":{"line":187,"column":42},"end":{"line":193,"column":3}},"line":187},"9":{"name":"(anonymous_9)","decl":{"start":{"line":195,"column":2},"end":{"line":195,"column":3}},"loc":{"start":{"line":195,"column":31},"end":{"line":201,"column":3}},"line":195},"10":{"name":"(anonymous_10)","decl":{"start":{"line":203,"column":2},"end":{"line":203,"column":3}},"loc":{"start":{"line":203,"column":31},"end":{"line":210,"column":3}},"line":203}},"branchMap":{"0":{"loc":{"start":{"line":13,"column":6},"end":{"line":19,"column":7}},"type":"if","locations":[{"start":{"line":13,"column":6},"end":{"line":19,"column":7}},{"start":{},"end":{}}],"line":13},"1":{"loc":{"start":{"line":14,"column":23},"end":{"line":16,"column":66}},"type":"cond-expr","locations":[{"start":{"line":15,"column":13},"end":{"line":15,"column":62}},{"start":{"line":16,"column":13},"end":{"line":16,"column":65}}],"line":14},"2":{"loc":{"start":{"line":15,"column":13},"end":{"line":15,"column":62}},"type":"cond-expr","locations":[{"start":{"line":15,"column":49},"end":{"line":15,"column":54}},{"start":{"line":15,"column":57},"end":{"line":15,"column":62}}],"line":15},"3":{"loc":{"start":{"line":16,"column":13},"end":{"line":16,"column":65}},"type":"cond-expr","locations":[{"start":{"line":16,"column":49},"end":{"line":16,"column":55}},{"start":{"line":16,"column":58},"end":{"line":16,"column":65}}],"line":16},"4":{"loc":{"start":{"line":21,"column":6},"end":{"line":23,"column":7}},"type":"if","locations":[{"start":{"line":21,"column":6},"end":{"line":23,"column":7}},{"start":{},"end":{}}],"line":21},"5":{"loc":{"start":{"line":21,"column":10},"end":{"line":21,"column":101}},"type":"binary-expr","locations":[{"start":{"line":21,"column":10},"end":{"line":21,"column":42}},{"start":{"line":21,"column":46},"end":{"line":21,"column":64}},{"start":{"line":21,"column":68},"end":{"line":21,"column":101}}],"line":21},"6":{"loc":{"start":{"line":29,"column":6},"end":{"line":31,"column":7}},"type":"if","locations":[{"start":{"line":29,"column":6},"end":{"line":31,"column":7}},{"start":{},"end":{}}],"line":29},"7":{"loc":{"start":{"line":29,"column":10},"end":{"line":29,"column":68}},"type":"binary-expr","locations":[{"start":{"line":29,"column":10},"end":{"line":29,"column":42}},{"start":{"line":29,"column":46},"end":{"line":29,"column":68}}],"line":29},"8":{"loc":{"start":{"line":35,"column":6},"end":{"line":37,"column":7}},"type":"if","locations":[{"start":{"line":35,"column":6},"end":{"line":37,"column":7}},{"start":{},"end":{}}],"line":35},"9":{"loc":{"start":{"line":53,"column":6},"end":{"line":53,"column":101}},"type":"if","locations":[{"start":{"line":53,"column":6},"end":{"line":53,"column":101}},{"start":{},"end":{}}],"line":53},"10":{"loc":{"start":{"line":61,"column":6},"end":{"line":61,"column":118}},"type":"if","locations":[{"start":{"line":61,"column":6},"end":{"line":61,"column":118}},{"start":{},"end":{}}],"line":61},"11":{"loc":{"start":{"line":91,"column":6},"end":{"line":91,"column":106}},"type":"if","locations":[{"start":{"line":91,"column":6},"end":{"line":91,"column":106}},{"start":{},"end":{}}],"line":91},"12":{"loc":{"start":{"line":93,"column":6},"end":{"line":95,"column":7}},"type":"if","locations":[{"start":{"line":93,"column":6},"end":{"line":95,"column":7}},{"start":{},"end":{}}],"line":93},"13":{"loc":{"start":{"line":93,"column":10},"end":{"line":93,"column":66}},"type":"binary-expr","locations":[{"start":{"line":93,"column":10},"end":{"line":93,"column":36}},{"start":{"line":93,"column":40},"end":{"line":93,"column":66}}],"line":93},"14":{"loc":{"start":{"line":107,"column":6},"end":{"line":107,"column":106}},"type":"if","locations":[{"start":{"line":107,"column":6},"end":{"line":107,"column":106}},{"start":{},"end":{}}],"line":107},"15":{"loc":{"start":{"line":113,"column":6},"end":{"line":115,"column":7}},"type":"if","locations":[{"start":{"line":113,"column":6},"end":{"line":115,"column":7}},{"start":{},"end":{}}],"line":113},"16":{"loc":{"start":{"line":113,"column":10},"end":{"line":113,"column":67}},"type":"binary-expr","locations":[{"start":{"line":113,"column":10},"end":{"line":113,"column":27}},{"start":{"line":113,"column":31},"end":{"line":113,"column":67}}],"line":113},"17":{"loc":{"start":{"line":126,"column":6},"end":{"line":126,"column":106}},"type":"if","locations":[{"start":{"line":126,"column":6},"end":{"line":126,"column":106}},{"start":{},"end":{}}],"line":126},"18":{"loc":{"start":{"line":128,"column":6},"end":{"line":130,"column":7}},"type":"if","locations":[{"start":{"line":128,"column":6},"end":{"line":130,"column":7}},{"start":{},"end":{}}],"line":128},"19":{"loc":{"start":{"line":131,"column":6},"end":{"line":133,"column":7}},"type":"if","locations":[{"start":{"line":131,"column":6},"end":{"line":133,"column":7}},{"start":{},"end":{}}],"line":131},"20":{"loc":{"start":{"line":142,"column":24},"end":{"line":142,"column":52}},"type":"binary-expr","locations":[{"start":{"line":142,"column":24},"end":{"line":142,"column":38}},{"start":{"line":142,"column":42},"end":{"line":142,"column":52}}],"line":142},"21":{"loc":{"start":{"line":143,"column":22},"end":{"line":143,"column":76}},"type":"binary-expr","locations":[{"start":{"line":143,"column":22},"end":{"line":143,"column":34}},{"start":{"line":143,"column":38},"end":{"line":143,"column":76}}],"line":143},"22":{"loc":{"start":{"line":144,"column":15},"end":{"line":144,"column":70}},"type":"binary-expr","locations":[{"start":{"line":144,"column":15},"end":{"line":144,"column":20}},{"start":{"line":144,"column":24},"end":{"line":144,"column":70}}],"line":144},"23":{"loc":{"start":{"line":151,"column":30},"end":{"line":151,"column":154}},"type":"cond-expr","locations":[{"start":{"line":151,"column":70},"end":{"line":151,"column":112}},{"start":{"line":151,"column":115},"end":{"line":151,"column":154}}],"line":151},"24":{"loc":{"start":{"line":153,"column":26},"end":{"line":155,"column":86}},"type":"cond-expr","locations":[{"start":{"line":154,"column":10},"end":{"line":154,"column":66}},{"start":{"line":155,"column":10},"end":{"line":155,"column":86}}],"line":153},"25":{"loc":{"start":{"line":169,"column":6},"end":{"line":169,"column":106}},"type":"if","locations":[{"start":{"line":169,"column":6},"end":{"line":169,"column":106}},{"start":{},"end":{}}],"line":169},"26":{"loc":{"start":{"line":171,"column":6},"end":{"line":173,"column":7}},"type":"if","locations":[{"start":{"line":171,"column":6},"end":{"line":173,"column":7}},{"start":{},"end":{}}],"line":171},"27":{"loc":{"start":{"line":190,"column":6},"end":{"line":190,"column":105}},"type":"if","locations":[{"start":{"line":190,"column":6},"end":{"line":190,"column":105}},{"start":{},"end":{}}],"line":190},"28":{"loc":{"start":{"line":198,"column":6},"end":{"line":198,"column":117}},"type":"if","locations":[{"start":{"line":198,"column":6},"end":{"line":198,"column":117}},{"start":{},"end":{}}],"line":198},"29":{"loc":{"start":{"line":206,"column":6},"end":{"line":206,"column":75}},"type":"if","locations":[{"start":{"line":206,"column":6},"end":{"line":206,"column":75}},{"start":{},"end":{}}],"line":206},"30":{"loc":{"start":{"line":206,"column":10},"end":{"line":206,"column":28}},"type":"binary-expr","locations":[{"start":{"line":206,"column":10},"end":{"line":206,"column":12}},{"start":{"line":206,"column":16},"end":{"line":206,"column":28}}],"line":206}},"s":{"0":8,"1":8,"2":8,"3":8,"4":8,"5":8,"6":5,"7":5,"8":5,"9":5,"10":5,"11":5,"12":5,"13":4,"14":5,"15":5,"16":5,"17":0,"18":5,"19":0,"20":0,"21":0,"22":5,"23":5,"24":5,"25":5,"26":0,"27":3,"28":3,"29":3,"30":1,"31":2,"32":0,"33":0,"34":0,"35":0,"36":0,"37":0,"38":0,"39":0,"40":2,"41":2,"42":2,"43":0,"44":2,"45":1,"46":1,"47":1,"48":1,"49":0,"50":2,"51":2,"52":2,"53":2,"54":0,"55":2,"56":2,"57":2,"58":2,"59":2,"60":0,"61":18,"62":18,"63":18,"64":18,"65":1,"66":17,"67":1,"68":16,"69":1,"70":15,"71":15,"72":15,"73":15,"74":15,"75":15,"76":0,"77":4,"78":4,"79":4,"80":0,"81":4,"82":1,"83":3,"84":3,"85":3,"86":0,"87":4,"88":4,"89":4,"90":1,"91":3,"92":0,"93":2,"94":2,"95":2,"96":1,"97":1,"98":0,"99":1,"100":1,"101":1,"102":0,"103":1,"104":1,"105":0,"106":8},"f":{"0":5,"1":5,"2":3,"3":0,"4":2,"5":2,"6":18,"7":4,"8":4,"9":2,"10":1},"b":{"0":[5,0],"1":[1,4],"2":[0,1],"3":[4,0],"4":[4,1],"5":[5,4,4],"6":[0,5],"7":[5,4],"8":[0,0],"9":[1,2],"10":[0,0],"11":[0,2],"12":[1,1],"13":[2,1],"14":[0,2],"15":[2,0],"16":[2,2],"17":[1,17],"18":[1,16],"19":[1,15],"20":[15,0],"21":[15,15],"22":[15,15],"23":[12,3],"24":[12,3],"25":[0,4],"26":[1,3],"27":[1,3],"28":[1,1],"29":[0,1],"30":[1,1]},"_coverageSchema":"1a1c01bbd47fc00a2c39e90264f33305004495a9","hash":"7a41b38d49e2367c07d09a90b8b5376fa769a80f"}
,"C:\\Users\\bhisma\\.gemini\\antigravity\\sistem_voice\\server\\controllers\\paymentController.js": {"path":"C:\\Users\\bhisma\\.gemini\\antigravity\\sistem_voice\\server\\controllers\\paymentController.js","statementMap":{"0":{"start":{"line":1,"column":23},"end":{"line":1,"column":49}},"1":{"start":{"line":2,"column":17},"end":{"line":2,"column":46}},"2":{"start":{"line":3,"column":16},"end":{"line":3,"column":44}},"3":{"start":{"line":4,"column":20},"end":{"line":4,"column":49}},"4":{"start":{"line":7,"column":11},"end":{"line":11,"column":2}},"5":{"start":{"line":13,"column":26},"end":{"line":99,"column":1}},"6":{"start":{"line":15,"column":4},"end":{"line":27,"column":5}},"7":{"start":{"line":16,"column":30},"end":{"line":16,"column":38}},"8":{"start":{"line":17,"column":18},"end":{"line":17,"column":67}},"9":{"start":{"line":19,"column":6},"end":{"line":21,"column":7}},"10":{"start":{"line":20,"column":8},"end":{"line":20,"column":93}},"11":{"start":{"line":23,"column":26},"end":{"line":23,"column":62}},"12":{"start":{"line":24,"column":6},"end":{"line":24,"column":53}},"13":{"start":{"line":26,"column":6},"end":{"line":26,"column":18}},"14":{"start":{"line":31,"column":4},"end":{"line":45,"column":5}},"15":{"start":{"line":32,"column":31},"end":{"line":32,"column":39}},"16":{"start":{"line":33,"column":6},"end":{"line":33,"column":108}},"17":{"start":{"line":33,"column":25},"end":{"line":33,"column":108}},"18":{"start":{"line":35,"column":18},"end":{"line":35,"column":64}},"19":{"start":{"line":37,"column":6},"end":{"line":39,"column":7}},"20":{"start":{"line":38,"column":8},"end":{"line":38,"column":89}},"21":{"start":{"line":41,"column":26},"end":{"line":41,"column":62}},"22":{"start":{"line":42,"column":6},"end":{"line":42,"column":53}},"23":{"start":{"line":44,"column":6},"end":{"line":44,"column":18}},"24":{"start":{"line":49,"column":4},"end":{"line":74,"column":5}},"25":{"start":{"line":50,"column":29},"end":{"line":50,"column":74}},"26":{"start":{"line":51,"column":22},"end":{"line":51,"column":45}},"27":{"start":{"line":52,"column":32},"end":{"line":52,"column":65}},"28":{"start":{"line":53,"column":26},"end":{"line":53,"column":53}},"29":{"start":{"line":56,"column":20},"end":{"line":56,"column":38}},"30":{"start":{"line":57,"column":6},"end":{"line":57,"column":76}},"31":{"start":{"line":57,"column":28},"end":{"line":57,"column":76}},"32":{"start":{"line":58,"column":20},"end":{"line":58,"column":38}},"33":{"start":{"line":60,"column":6},"end":{"line":67,"column":7}},"34":{"start":{"line":61,"column":8},"end":{"line":63,"column":9}},"35":{"start":{"line":62,"column":10},"end":{"line":62,"column":92}},"36":{"start":{"line":65,"column":13},"end":{"line":67,"column":7}},"37":{"start":{"line":66,"column":8},"end":{"line":66,"column":90}},"38":{"start":{"line":70,"column":6},"end":{"line":70,"column":46}},"39":{"start":{"line":72,"column":6},"end":{"line":72,"column":45}},"40":{"start":{"line":73,"column":6},"end":{"line":73,"column":47}},"41":{"start":{"line":78,"column":4},"end":{"line":97,"column":5}},"42":{"start":{"line":79,"column":26},"end":{"line":79,"column":36}},"43":{"start":{"line":80,"column":29},"end":{"line":80,"column":67}},"44":{"start":{"line":83,"column":6},"end":{"line":89,"column":7}},"45":{"start":{"line":84,"column":22},"end":{"line":84,"column":40}},"46":{"start":{"line":85,"column":8},"end":{"line":88,"column":9}},"47":{"start":{"line":86,"column":24},"end":{"line":86,"column":42}},"48":{"start":{"line":87,"column":10},"end":{"line":87,"column":92}},"49":{"start":{"line":91,"column":6},"end":{"line":91,"column":56}},"50":{"start":{"line":93,"column":6},"end":{"line":95,"column":7}},"51":{"start":{"line":94,"column":8},"end":{"line":94,"column":83}},"52":{"start":{"line":96,"column":6},"end":{"line":96,"column":18}},"53":{"start":{"line":102,"column":2},"end":{"line":104,"column":3}},"54":{"start":{"line":103,"column":4},"end":{"line":103,"column":44}},"55":{"start":{"line":108,"column":2},"end":{"line":110,"column":3}},"56":{"start":{"line":109,"column":4},"end":{"line":109,"column":55}},"57":{"start":{"line":113,"column":16},"end":{"line":118,"column":5}},"58":{"start":{"line":113,"column":39},"end":{"line":118,"column":3}},"59":{"start":{"line":121,"column":2},"end":{"line":128,"column":3}},"60":{"start":{"line":122,"column":4},"end":{"line":127,"column":7}},"61":{"start":{"line":131,"column":2},"end":{"line":138,"column":3}},"62":{"start":{"line":132,"column":4},"end":{"line":137,"column":7}},"63":{"start":{"line":140,"column":22},"end":{"line":140,"column":43}},"64":{"start":{"line":141,"column":21},"end":{"line":141,"column":87}},"65":{"start":{"line":141,"column":49},"end":{"line":141,"column":83}},"66":{"start":{"line":142,"column":15},"end":{"line":142,"column":39}},"67":{"start":{"line":145,"column":2},"end":{"line":152,"column":3}},"68":{"start":{"line":146,"column":4},"end":{"line":151,"column":7}},"69":{"start":{"line":154,"column":20},"end":{"line":164,"column":3}},"70":{"start":{"line":166,"column":22},"end":{"line":166,"column":61}},"71":{"start":{"line":169,"column":15},"end":{"line":169,"column":24}},"72":{"start":{"line":170,"column":2},"end":{"line":170,"column":106}},"73":{"start":{"line":172,"column":2},"end":{"line":172,"column":78}},"74":{"start":{"line":176,"column":15},"end":{"line":176,"column":24}},"75":{"start":{"line":177,"column":17},"end":{"line":177,"column":84}},"76":{"start":{"line":178,"column":14},"end":{"line":178,"column":21}},"77":{"start":{"line":179,"column":2},"end":{"line":189,"column":3}},"78":{"start":{"line":180,"column":4},"end":{"line":188,"column":7}},"79":{"start":{"line":192,"column":0},"end":{"line":192,"column":35}}},"fnMap":{"0":{"name":"(anonymous_0)","decl":{"start":{"line":14,"column":2},"end":{"line":14,"column":3}},"loc":{"start":{"line":14,"column":37},"end":{"line":28,"column":3}},"line":14},"1":{"name":"(anonymous_1)","decl":{"start":{"line":30,"column":2},"end":{"line":30,"column":3}},"loc":{"start":{"line":30,"column":43},"end":{"line":46,"column":3}},"line":30},"2":{"name":"(anonymous_2)","decl":{"start":{"line":48,"column":2},"end":{"line":48,"column":3}},"loc":{"start":{"line":48,"column":32},"end":{"line":75,"column":3}},"line":48},"3":{"name":"(anonymous_3)","decl":{"start":{"line":77,"column":2},"end":{"line":77,"column":3}},"loc":{"start":{"line":77,"column":34},"end":{"line":98,"column":3}},"line":77},"4":{"name":"createMidtransTransaction","decl":{"start":{"line":101,"column":15},"end":{"line":101,"column":40}},"loc":{"start":{"line":101,"column":46},"end":{"line":173,"column":1}},"line":101},"5":{"name":"(anonymous_5)","decl":{"start":{"line":113,"column":30},"end":{"line":113,"column":31}},"loc":{"start":{"line":113,"column":39},"end":{"line":118,"column":3}},"line":113},"6":{"name":"(anonymous_6)","decl":{"start":{"line":141,"column":34},"end":{"line":141,"column":35}},"loc":{"start":{"line":141,"column":49},"end":{"line":141,"column":83}},"line":141},"7":{"name":"markAsPaid","decl":{"start":{"line":175,"column":15},"end":{"line":175,"column":25}},"loc":{"start":{"line":175,"column":56},"end":{"line":190,"column":1}},"line":175}},"branchMap":{"0":{"loc":{"start":{"line":19,"column":6},"end":{"line":21,"column":7}},"type":"if","locations":[{"start":{"line":19,"column":6},"end":{"line":21,"column":7}},{"start":{},"end":{}}],"line":19},"1":{"loc":{"start":{"line":33,"column":6},"end":{"line":33,"column":108}},"type":"if","locations":[{"start":{"line":33,"column":6},"end":{"line":33,"column":108}},{"start":{},"end":{}}],"line":33},"2":{"loc":{"start":{"line":37,"column":6},"end":{"line":39,"column":7}},"type":"if","locations":[{"start":{"line":37,"column":6},"end":{"line":39,"column":7}},{"start":{},"end":{}}],"line":37},"3":{"loc":{"start":{"line":57,"column":6},"end":{"line":57,"column":76}},"type":"if","locations":[{"start":{"line":57,"column":6},"end":{"line":57,"column":76}},{"start":{},"end":{}}],"line":57},"4":{"loc":{"start":{"line":60,"column":6},"end":{"line":67,"column":7}},"type":"if","locations":[{"start":{"line":60,"column":6},"end":{"line":67,"column":7}},{"start":{"line":65,"column":13},"end":{"line":67,"column":7}}],"line":60},"5":{"loc":{"start":{"line":61,"column":8},"end":{"line":63,"column":9}},"type":"if","locations":[{"start":{"line":61,"column":8},"end":{"line":63,"column":9}},{"start":{},"end":{}}],"line":61},"6":{"loc":{"start":{"line":65,"column":13},"end":{"line":67,"column":7}},"type":"if","locations":[{"start":{"line":65,"column":13},"end":{"line":67,"column":7}},{"start":{},"end":{}}],"line":65},"7":{"loc":{"start":{"line":83,"column":6},"end":{"line":89,"column":7}},"type":"if","locations":[{"start":{"line":83,"column":6},"end":{"line":89,"column":7}},{"start":{},"end":{}}],"line":83},"8":{"loc":{"start":{"line":83,"column":10},"end":{"line":83,"column":111}},"type":"binary-expr","locations":[{"start":{"line":83,"column":10},"end":{"line":83,"column":60}},{"start":{"line":83,"column":64},"end":{"line":83,"column":111}}],"line":83},"9":{"loc":{"start":{"line":85,"column":8},"end":{"line":88,"column":9}},"type":"if","locations":[{"start":{"line":85,"column":8},"end":{"line":88,"column":9}},{"start":{},"end":{}}],"line":85},"10":{"loc":{"start":{"line":93,"column":6},"end":{"line":95,"column":7}},"type":"if","locations":[{"start":{"line":93,"column":6},"end":{"line":95,"column":7}},{"start":{},"end":{}}],"line":93},"11":{"loc":{"start":{"line":102,"column":2},"end":{"line":104,"column":3}},"type":"if","locations":[{"start":{"line":102,"column":2},"end":{"line":104,"column":3}},{"start":{},"end":{}}],"line":102},"12":{"loc":{"start":{"line":108,"column":2},"end":{"line":110,"column":3}},"type":"if","locations":[{"start":{"line":108,"column":2},"end":{"line":110,"column":3}},{"start":{},"end":{}}],"line":108},"13":{"loc":{"start":{"line":116,"column":14},"end":{"line":116,"column":44}},"type":"binary-expr","locations":[{"start":{"line":116,"column":14},"end":{"line":116,"column":39}},{"start":{"line":116,"column":43},"end":{"line":116,"column":44}}],"line":116},"14":{"loc":{"start":{"line":121,"column":2},"end":{"line":128,"column":3}},"type":"if","locations":[{"start":{"line":121,"column":2},"end":{"line":128,"column":3}},{"start":{},"end":{}}],"line":121},"15":{"loc":{"start":{"line":121,"column":6},"end":{"line":121,"column":54}},"type":"binary-expr","locations":[{"start":{"line":121,"column":6},"end":{"line":121,"column":20}},{"start":{"line":121,"column":24},"end":{"line":121,"column":54}}],"line":121},"16":{"loc":{"start":{"line":131,"column":2},"end":{"line":138,"column":3}},"type":"if","locations":[{"start":{"line":131,"column":2},"end":{"line":138,"column":3}},{"start":{},"end":{}}],"line":131},"17":{"loc":{"start":{"line":131,"column":6},"end":{"line":131,"column":64}},"type":"binary-expr","locations":[{"start":{"line":131,"column":6},"end":{"line":131,"column":25}},{"start":{"line":131,"column":29},"end":{"line":131,"column":64}}],"line":131},"18":{"loc":{"start":{"line":145,"column":2},"end":{"line":152,"column":3}},"type":"if","locations":[{"start":{"line":145,"column":2},"end":{"line":152,"column":3}},{"start":{},"end":{}}],"line":145},"19":{"loc":{"start":{"line":160,"column":18},"end":{"line":160,"column":48}},"type":"binary-expr","locations":[{"start":{"line":160,"column":18},"end":{"line":160,"column":34}},{"start":{"line":160,"column":38},"end":{"line":160,"column":48}}],"line":160},"20":{"loc":{"start":{"line":161,"column":13},"end":{"line":161,"column":56}},"type":"binary-expr","locations":[{"start":{"line":161,"column":13},"end":{"line":161,"column":30}},{"start":{"line":161,"column":34},"end":{"line":161,"column":56}}],"line":161},"21":{"loc":{"start":{"line":179,"column":2},"end":{"line":189,"column":3}},"type":"if","locations":[{"start":{"line":179,"column":2},"end":{"line":189,"column":3}},{"start":{},"end":{}}],"line":179},"22":{"loc":{"start":{"line":179,"column":6},"end":{"line":179,"column":34}},"type":"binary-expr","locations":[{"start":{"line":179,"column":6},"end":{"line":179,"column":9}},{"start":{"line":179,"column":13},"end":{"line":179,"column":34}}],"line":179},"23":{"loc":{"start":{"line":185,"column":22},"end":{"line":185,"column":49}},"type":"binary-expr","locations":[{"start":{"line":185,"column":22},"end":{"line":185,"column":35}},{"start":{"line":185,"column":39},"end":{"line":185,"column":49}}],"line":185}},"s":{"0":8,"1":8,"2":8,"3":8,"4":8,"5":8,"6":0,"7":0,"8":0,"9":0,"10":0,"11":0,"12":0,"13":0,"14":0,"15":0,"16":0,"17":0,"18":0,"19":0,"20":0,"21":0,"22":0,"23":0,"24":0,"25":0,"26":0,"27":0,"28":0,"29":0,"30":0,"31":0,"32":0,"33":0,"34":0,"35":0,"36":0,"37":0,"38":0,"39":0,"40":0,"41":0,"42":0,"43":0,"44":0,"45":0,"46":0,"47":0,"48":0,"49":0,"50":0,"51":0,"52":0,"53":0,"54":0,"55":0,"56":0,"57":0,"58":0,"59":0,"60":0,"61":0,"62":0,"63":0,"64":0,"65":0,"66":0,"67":0,"68":0,"69":0,"70":0,"71":0,"72":0,"73":0,"74":0,"75":0,"76":0,"77":0,"78":0,"79":8},"f":{"0":0,"1":0,"2":0,"3":0,"4":0,"5":0,"6":0,"7":0},"b":{"0":[0,0],"1":[0,0],"2":[0,0],"3":[0,0],"4":[0,0],"5":[0,0],"6":[0,0],"7":[0,0],"8":[0,0],"9":[0,0],"10":[0,0],"11":[0,0],"12":[0,0],"13":[0,0],"14":[0,0],"15":[0,0],"16":[0,0],"17":[0,0],"18":[0,0],"19":[0,0],"20":[0,0],"21":[0,0],"22":[0,0],"23":[0,0]},"_coverageSchema":"1a1c01bbd47fc00a2c39e90264f33305004495a9","hash":"d1c9faaa5abed8b65f4fc12a2115337c956bd80e"}
,"C:\\Users\\bhisma\\.gemini\\antigravity\\sistem_voice\\server\\controllers\\productController.js": {"path":"C:\\Users\\bhisma\\.gemini\\antigravity\\sistem_voice\\server\\controllers\\productController.js","statementMap":{"0":{"start":{"line":1,"column":16},"end":{"line":1,"column":44}},"1":{"start":{"line":3,"column":26},"end":{"line":37,"column":1}},"2":{"start":{"line":5,"column":4},"end":{"line":8,"column":36}},"3":{"start":{"line":6,"column":21},"end":{"line":6,"column":66}},"4":{"start":{"line":7,"column":6},"end":{"line":7,"column":155}},"5":{"start":{"line":8,"column":22},"end":{"line":8,"column":34}},"6":{"start":{"line":11,"column":4},"end":{"line":15,"column":36}},"7":{"start":{"line":12,"column":22},"end":{"line":12,"column":72}},"8":{"start":{"line":13,"column":6},"end":{"line":13,"column":104}},"9":{"start":{"line":13,"column":20},"end":{"line":13,"column":104}},"10":{"start":{"line":14,"column":6},"end":{"line":14,"column":49}},"11":{"start":{"line":15,"column":22},"end":{"line":15,"column":34}},"12":{"start":{"line":18,"column":4},"end":{"line":21,"column":36}},"13":{"start":{"line":19,"column":22},"end":{"line":19,"column":81}},"14":{"start":{"line":20,"column":6},"end":{"line":20,"column":102}},"15":{"start":{"line":21,"column":22},"end":{"line":21,"column":34}},"16":{"start":{"line":24,"column":4},"end":{"line":28,"column":36}},"17":{"start":{"line":25,"column":22},"end":{"line":25,"column":80}},"18":{"start":{"line":26,"column":6},"end":{"line":26,"column":104}},"19":{"start":{"line":26,"column":20},"end":{"line":26,"column":104}},"20":{"start":{"line":27,"column":6},"end":{"line":27,"column":87}},"21":{"start":{"line":28,"column":22},"end":{"line":28,"column":34}},"22":{"start":{"line":31,"column":4},"end":{"line":35,"column":36}},"23":{"start":{"line":32,"column":21},"end":{"line":32,"column":69}},"24":{"start":{"line":33,"column":6},"end":{"line":33,"column":116}},"25":{"start":{"line":33,"column":32},"end":{"line":33,"column":116}},"26":{"start":{"line":34,"column":6},"end":{"line":34,"column":71}},"27":{"start":{"line":35,"column":22},"end":{"line":35,"column":34}},"28":{"start":{"line":39,"column":0},"end":{"line":39,"column":35}}},"fnMap":{"0":{"name":"(anonymous_0)","decl":{"start":{"line":4,"column":2},"end":{"line":4,"column":3}},"loc":{"start":{"line":4,"column":29},"end":{"line":9,"column":3}},"line":4},"1":{"name":"(anonymous_1)","decl":{"start":{"line":10,"column":2},"end":{"line":10,"column":3}},"loc":{"start":{"line":10,"column":28},"end":{"line":16,"column":3}},"line":10},"2":{"name":"(anonymous_2)","decl":{"start":{"line":17,"column":2},"end":{"line":17,"column":3}},"loc":{"start":{"line":17,"column":31},"end":{"line":22,"column":3}},"line":17},"3":{"name":"(anonymous_3)","decl":{"start":{"line":23,"column":2},"end":{"line":23,"column":3}},"loc":{"start":{"line":23,"column":31},"end":{"line":29,"column":3}},"line":23},"4":{"name":"(anonymous_4)","decl":{"start":{"line":30,"column":2},"end":{"line":30,"column":3}},"loc":{"start":{"line":30,"column":31},"end":{"line":36,"column":3}},"line":30}},"branchMap":{"0":{"loc":{"start":{"line":13,"column":6},"end":{"line":13,"column":104}},"type":"if","locations":[{"start":{"line":13,"column":6},"end":{"line":13,"column":104}},{"start":{},"end":{}}],"line":13},"1":{"loc":{"start":{"line":26,"column":6},"end":{"line":26,"column":104}},"type":"if","locations":[{"start":{"line":26,"column":6},"end":{"line":26,"column":104}},{"start":{},"end":{}}],"line":26},"2":{"loc":{"start":{"line":33,"column":6},"end":{"line":33,"column":116}},"type":"if","locations":[{"start":{"line":33,"column":6},"end":{"line":33,"column":116}},{"start":{},"end":{}}],"line":33}},"s":{"0":8,"1":8,"2":4,"3":4,"4":4,"5":0,"6":3,"7":3,"8":3,"9":2,"10":1,"11":0,"12":1,"13":1,"14":1,"15":0,"16":2,"17":2,"18":2,"19":0,"20":2,"21":0,"22":2,"23":2,"24":2,"25":1,"26":1,"27":0,"28":8},"f":{"0":4,"1":3,"2":1,"3":2,"4":2},"b":{"0":[2,1],"1":[0,2],"2":[1,1]},"_coverageSchema":"1a1c01bbd47fc00a2c39e90264f33305004495a9","hash":"0e3dc5bfe8c17b5a4c4557ba92ce622667e9867f"}
,"C:\\Users\\bhisma\\.gemini\\antigravity\\sistem_voice\\server\\controllers\\receiptController.js": {"path":"C:\\Users\\bhisma\\.gemini\\antigravity\\sistem_voice\\server\\controllers\\receiptController.js","statementMap":{"0":{"start":{"line":1,"column":16},"end":{"line":1,"column":44}},"1":{"start":{"line":2,"column":20},"end":{"line":2,"column":52}},"2":{"start":{"line":4,"column":26},"end":{"line":49,"column":1}},"3":{"start":{"line":6,"column":4},"end":{"line":23,"column":5}},"4":{"start":{"line":7,"column":19},"end":{"line":7,"column":56}},"5":{"start":{"line":9,"column":6},"end":{"line":12,"column":7}},"6":{"start":{"line":10,"column":26},"end":{"line":10,"column":103}},"7":{"start":{"line":11,"column":8},"end":{"line":11,"column":92}},"8":{"start":{"line":14,"column":22},"end":{"line":14,"column":48}},"9":{"start":{"line":15,"column":6},"end":{"line":15,"column":133}},"10":{"start":{"line":17,"column":6},"end":{"line":17,"column":99}},"11":{"start":{"line":19,"column":6},"end":{"line":21,"column":7}},"12":{"start":{"line":20,"column":8},"end":{"line":20,"column":100}},"13":{"start":{"line":22,"column":6},"end":{"line":22,"column":18}},"14":{"start":{"line":27,"column":4},"end":{"line":31,"column":36}},"15":{"start":{"line":28,"column":82},"end":{"line":28,"column":91}},"16":{"start":{"line":29,"column":21},"end":{"line":29,"column":124}},"17":{"start":{"line":30,"column":6},"end":{"line":30,"column":45}},"18":{"start":{"line":31,"column":22},"end":{"line":31,"column":34}},"19":{"start":{"line":35,"column":4},"end":{"line":39,"column":36}},"20":{"start":{"line":36,"column":22},"end":{"line":36,"column":72}},"21":{"start":{"line":37,"column":6},"end":{"line":37,"column":106}},"22":{"start":{"line":37,"column":20},"end":{"line":37,"column":106}},"23":{"start":{"line":38,"column":6},"end":{"line":38,"column":49}},"24":{"start":{"line":39,"column":22},"end":{"line":39,"column":34}},"25":{"start":{"line":43,"column":4},"end":{"line":47,"column":36}},"26":{"start":{"line":44,"column":21},"end":{"line":44,"column":69}},"27":{"start":{"line":45,"column":6},"end":{"line":45,"column":118}},"28":{"start":{"line":45,"column":32},"end":{"line":45,"column":118}},"29":{"start":{"line":46,"column":6},"end":{"line":46,"column":73}},"30":{"start":{"line":47,"column":22},"end":{"line":47,"column":34}},"31":{"start":{"line":51,"column":0},"end":{"line":51,"column":35}}},"fnMap":{"0":{"name":"(anonymous_0)","decl":{"start":{"line":5,"column":2},"end":{"line":5,"column":3}},"loc":{"start":{"line":5,"column":31},"end":{"line":24,"column":3}},"line":5},"1":{"name":"(anonymous_1)","decl":{"start":{"line":26,"column":2},"end":{"line":26,"column":3}},"loc":{"start":{"line":26,"column":31},"end":{"line":32,"column":3}},"line":26},"2":{"name":"(anonymous_2)","decl":{"start":{"line":34,"column":2},"end":{"line":34,"column":3}},"loc":{"start":{"line":34,"column":32},"end":{"line":40,"column":3}},"line":34},"3":{"name":"(anonymous_3)","decl":{"start":{"line":42,"column":2},"end":{"line":42,"column":
[...]
{"line":11,"column":3}},"line":4},"1":{"name":"(anonymous_1)","decl":{"start":{"line":13,"column":2},"end":{"line":13,"column":3}},"loc":{"start":{"line":13,"column":21},"end":{"line":23,"column":3}},"line":13},"2":{"name":"(anonymous_2)","decl":{"start":{"line":25,"column":2},"end":{"line":25,"column":3}},"loc":{"start":{"line":25,"column":27},"end":{"line":29,"column":3}},"line":25},"3":{"name":"(anonymous_3)","decl":{"start":{"line":31,"column":2},"end":{"line":31,"column":3}},"loc":{"start":{"line":31,"column":25},"end":{"line":49,"column":3}},"line":31},"4":{"name":"(anonymous_4)","decl":{"start":{"line":51,"column":2},"end":{"line":51,"column":3}},"loc":{"start":{"line":51,"column":36},"end":{"line":56,"column":3}},"line":51},"5":{"name":"(anonymous_5)","decl":{"start":{"line":58,"column":2},"end":{"line":58,"column":3}},"loc":{"start":{"line":58,"column":34},"end":{"line":61,"column":3}},"line":58},"6":{"name":"(anonymous_6)","decl":{"start":{"line":66,"column":2},"end":{"line":66,"column":3}},"loc":{"start":{"line":66,"column":41},"end":{"line":69,"column":3}},"line":66},"7":{"name":"(anonymous_7)","decl":{"start":{"line":70,"column":2},"end":{"line":70,"column":3}},"loc":{"start":{"line":70,"column":20},"end":{"line":74,"column":3}},"line":70},"8":{"name":"(anonymous_8)","decl":{"start":{"line":75,"column":2},"end":{"line":75,"column":3}},"loc":{"start":{"line":75,"column":22},"end":{"line":78,"column":3}},"line":75},"9":{"name":"(anonymous_9)","decl":{"start":{"line":79,"column":2},"end":{"line":79,"column":3}},"loc":{"start":{"line":79,"column":33},"end":{"line":82,"column":3}},"line":79}},"branchMap":{"0":{"loc":{"start":{"line":8,"column":20},"end":{"line":8,"column":31}},"type":"binary-expr","locations":[{"start":{"line":8,"column":20},"end":{"line":8,"column":25}},{"start":{"line":8,"column":29},"end":{"line":8,"column":31}}],"line":8},"1":{"loc":{"start":{"line":22,"column":11},"end":{"line":22,"column":26}},"type":"binary-expr","locations":[{"start":{"line":22,"column":11},"end":{"line":22,"column":18}},{"start":{"line":22,"column":22},"end":{"line":22,"column":26}}],"line":22},"2":{"loc":{"start":{"line":28,"column":11},"end":{"line":28,"column":26}},"type":"binary-expr","locations":[{"start":{"line":28,"column":11},"end":{"line":28,"column":18}},{"start":{"line":28,"column":22},"end":{"line":28,"column":26}}],"line":28},"3":{"loc":{"start":{"line":39,"column":6},"end":{"line":42,"column":7}},"type":"if","locations":[{"start":{"line":39,"column":6},"end":{"line":42,"column":7}},{"start":{},"end":{}}],"line":39},"4":{"loc":{"start":{"line":44,"column":4},"end":{"line":44,"column":54}},"type":"if","locations":[{"start":{"line":44,"column":4},"end":{"line":44,"column":54}},{"start":{},"end":{}}],"line":44},"5":{"loc":{"start":{"line":73,"column":11},"end":{"line":73,"column":26}},"type":"binary-expr","locations":[{"start":{"line":73,"column":11},"end":{"line":73,"column":18}},{"start":{"line":73,"column":22},"end":{"line":73,"column":26}}],"line":73}},"s":{"0":8,"1":8,"2":5,"3":5,"4":5,"5":12,"6":12,"7":12,"8":9,"9":9,"10":9,"11":2,"12":2,"13":2,"14":2,"15":2,"16":16,"17":5,"18":5,"19":2,"20":0,"21":2,"22":2,"23":2,"24":0,"25":0,"26":0,"27":0,"28":0,"29":0,"30":8,"31":6,"32":6,"33":3,"34":3,"35":3,"36":2,"37":2,"38":0,"39":0,"40":8},"f":{"0":5,"1":12,"2":9,"3":2,"4":0,"5":0,"6":6,"7":3,"8":2,"9":0},"b":{"0":[5,0],"1":[12,0],"2":[9,6],"3":[5,11],"4":[0,2],"5":[3,2]},"_coverageSchema":"1a1c01bbd47fc00a2c39e90264f33305004495a9","hash":"aa1815d288f8a06ed76de997ff8058cc60eb9a34"}
,"C:\\Users\\bhisma\\.gemini\\antigravity\\sistem_voice\\server\\routes\\auth.js": {"path":"C:\\Users\\bhisma\\.gemini\\antigravity\\sistem_voice\\server\\routes\\auth.js","statementMap":{"0":{"start":{"line":1,"column":16},"end":{"line":1,"column":34}},"1":{"start":{"line":2,"column":17},"end":{"line":2,"column":45}},"2":{"start":{"line":3,"column":21},"end":{"line":3,"column":54}},"3":{"start":{"line":4,"column":23},"end":{"line":4,"column":63}},"4":{"start":{"line":5,"column":25},"end":{"line":5,"column":54}},"5":{"start":{"line":7,"column":15},"end":{"line":7,"column":31}},"6":{"start":{"line":9,"column":0},"end":{"line":14,"column":38}},"7":{"start":{"line":16,"column":0},"end":{"line":19,"column":35}},"8":{"start":{"line":21,"column":0},"end":{"line":21,"column":51}},"9":{"start":{"line":23,"column":0},"end":{"line":23,"column":48}},"10":{"start":{"line":24,"column":0},"end":{"line":24,"column":60}},"11":{"start":{"line":25,"column":0},"end":{"line":25,"column":51}},"12":{"start":{"line":27,"column":0},"end":{"line":27,"column":24}}},"fnMap":{},"branchMap":{},"s":{"0":8,"1":8,"2":8,"3":8,"4":8,"5":8,"6":8,"7":8,"8":8,"9":8,"10":8,"11":8,"12":8},"f":{},"b":{},"_coverageSchema":"1a1c01bbd47fc00a2c39e90264f33305004495a9","hash":"9a87551ce3747eb3f4a2a41790c873a03179e409"}
,"C:\\Users\\bhisma\\.gemini\\antigravity\\sistem_voice\\server\\routes\\contacts.js": {"path":"C:\\Users\\bhisma\\.gemini\\antigravity\\sistem_voice\\server\\routes\\contacts.js","statementMap":{"0":{"start":{"line":1,"column":16},"end":{"line":1,"column":34}},"1":{"start":{"line":2,"column":17},"end":{"line":2,"column":45}},"2":{"start":{"line":3,"column":21},"end":{"line":3,"column":54}},"3":{"start":{"line":4,"column":26},"end":{"line":4,"column":69}},"4":{"start":{"line":6,"column":15},"end":{"line":6,"column":31}},"5":{"start":{"line":8,"column":0},"end":{"line":8,"column":40}},"6":{"start":{"line":9,"column":0},"end":{"line":9,"column":42}},"7":{"start":{"line":10,"column":0},"end":{"line":13,"column":39}},"8":{"start":{"line":14,"column":0},"end":{"line":14,"column":45}},"9":{"start":{"line":15,"column":0},"end":{"line":15,"column":48}},"10":{"start":{"line":17,"column":0},"end":{"line":17,"column":24}}},"fnMap":{},"branchMap":{},"s":{"0":8,"1":8,"2":8,"3":8,"4":8,"5":8,"6":8,"7":8,"8":8,"9":8,"10":8},"f":{},"b":{},"_coverageSchema":"1a1c01bbd47fc00a2c39e90264f33305004495a9","hash":"57788f25026b4a75cee354ad3e9de0c678c22749"}
,"C:\\Users\\bhisma\\.gemini\\antigravity\\sistem_voice\\server\\routes\\dashboard.js": {"path":"C:\\Users\\bhisma\\.gemini\\antigravity\\sistem_voice\\server\\routes\\dashboard.js","statementMap":{"0":{"start":{"line":1,"column":16},"end":{"line":1,"column":34}},"1":{"start":{"line":2,"column":70},"end":{"line":2,"column":115}},"2":{"start":{"line":4,"column":24},"end":{"line":4,"column":40}},"3":{"start":{"line":5,"column":0},"end":{"line":5,"column":60}},"4":{"start":{"line":6,"column":0},"end":{"line":6,"column":60}},"5":{"start":{"line":7,"column":0},"end":{"line":7,"column":62}},"6":{"start":{"line":9,"column":21},"end":{"line":9,"column":37}},"7":{"start":{"line":10,"column":0},"end":{"line":10,"column":51}},"8":{"start":{"line":11,"column":0},"end":{"line":11,"column":62}},"9":{"start":{"line":12,"column":0},"end":{"line":12,"column":57}},"10":{"start":{"line":14,"column":23},"end":{"line":14,"column":39}},"11":{"start":{"line":15,"column":0},"end":{"line":15,"column":48}},"12":{"start":{"line":16,"column":0},"end":{"line":16,"column":51}},"13":{"start":{"line":18,"column":0},"end":{"line":18,"column":67}}},"fnMap":{},"branchMap":{},"s":{"0":8,"1":8,"2":8,"3":8,"4":8,"5":8,"6":8,"7":8,"8":8,"9":8,"10":8,"11":8,"12":8,"13":8},"f":{},"b":{},"_coverageSchema":"1a1c01bbd47fc00a2c39e90264f33305004495a9","hash":"c07c8622c0e15f2702d6820f374f12d5ecc07726"}
,"C:\\Users\\bhisma\\.gemini\\antigravity\\sistem_voice\\server\\routes\\debts.js": {"path":"C:\\Users\\bhisma\\.gemini\\antigravity\\sistem_voice\\server\\routes\\debts.js","statementMap":{"0":{"start":{"line":1,"column":16},"end":{"line":1,"column":34}},"1":{"start":{"line":2,"column":23},"end":{"line":2,"column":63}},"2":{"start":{"line":4,"column":15},"end":{"line":4,"column":31}},"3":{"start":{"line":6,"column":0},"end":{"line":6,"column":50}},"4":{"start":{"line":7,"column":0},"end":{"line":7,"column":54}},"5":{"start":{"line":8,"column":0},"end":{"line":8,"column":71}},"6":{"start":{"line":9,"column":0},"end":{"line":9,"column":57}},"7":{"start":{"line":10,"column":0},"end":{"line":10,"column":61}},"8":{"start":{"line":11,"column":0},"end":{"line":11,"column":63}},"9":{"start":{"line":12,"column":0},"end":{"line":12,"column":62}},"10":{"start":{"line":14,"column":0},"end":{"line":14,"column":24}}},"fnMap":{},"branchMap":{},"s":{"0":8,"1":8,"2":8,"3":8,"4":8,"5":8,"6":8,"7":8,"8":8,"9":8,"10":8},"f":{},"b":{},"_coverageSchema":"1a1c01bbd47fc00a2c39e90264f33305004495a9","hash":"50d046f3df2074f8d2b20425e9803ca7c4111e05"}
,"C:\\Users\\bhisma\\.gemini\\antigravity\\sistem_voice\\server\\routes\\documents.js": {"path":"C:\\Users\\bhisma\\.gemini\\antigravity\\sistem_voice\\server\\routes\\documents.js","statementMap":{"0":{"start":{"line":1,"column":16},"end":{"line":1,"column":34}},"1":{"start":{"line":2,"column":27},"end":{"line":2,"column":71}},"2":{"start":{"line":4,"column":15},"end":{"line":4,"column":31}},"3":{"start":{"line":6,"column":0},"end":{"line":6,"column":44}},"4":{"start":{"line":7,"column":0},"end":{"line":7,"column":43}},"5":{"start":{"line":8,"column":0},"end":{"line":8,"column":65}},"6":{"start":{"line":9,"column":0},"end":{"line":9,"column":59}},"7":{"start":{"line":10,"column":0},"end":{"line":10,"column":62}},"8":{"start":{"line":11,"column":0},"end":{"line":11,"column":61}},"9":{"start":{"line":12,"column":0},"end":{"line":12,"column":47}},"10":{"start":{"line":13,"column":0},"end":{"line":13,"column":46}},"11":{"start":{"line":14,"column":0},"end":{"line":14,"column":49}},"12":{"start":{"line":16,"column":0},"end":{"line":16,"column":24}}},"fnMap":{},"branchMap":{},"s":{"0":8,"1":8,"2":8,"3":8,"4":8,"5":8,"6":8,"7":8,"8":8,"9":8,"10":8,"11":8,"12":8},"f":{},"b":{},"_coverageSchema":"1a1c01bbd47fc00a2c39e90264f33305004495a9","hash":"2f6819b60efaa2197df1629a030530c2db91806c"}
,"C:\\Users\\bhisma\\.gemini\\antigravity\\sistem_voice\\server\\routes\\payments.js": {"path":"C:\\Users\\bhisma\\.gemini\\antigravity\\sistem_voice\\server\\routes\\payments.js","statementMap":{"0":{"start":{"line":1,"column":16},"end":{"line":1,"column":34}},"1":{"start":{"line":2,"column":26},"end":{"line":2,"column":69}},"2":{"start":{"line":3,"column":25},"end":{"line":3,"column":54}},"3":{"start":{"line":5,"column":15},"end":{"line":5,"column":31}},"4":{"start":{"line":7,"column":0},"end":{"line":7,"column":69}},"5":{"start":{"line":8,"column":0},"end":{"line":8,"column":68}},"6":{"start":{"line":9,"column":0},"end":{"line":9,"column":74}},"7":{"start":{"line":10,"column":0},"end":{"line":10,"column":51}},"8":{"start":{"line":12,"column":0},"end":{"line":12,"column":24}}},"fnMap":{},"branchMap":{},"s":{"0":8,"1":8,"2":8,"3":8,"4":8,"5":8,"6":8,"7":8,"8":8},"f":{},"b":{},"_coverageSchema":"1a1c01bbd47fc00a2c39e90264f33305004495a9","hash":"beca3758cd10306509fd428a2b05c0e228c8b0d4"}
,"C:\\Users\\bhisma\\.gemini\\antigravity\\sistem_voice\\server\\routes\\products.js": {"path":"C:\\Users\\bhisma\\.gemini\\antigravity\\sistem_voice\\server\\routes\\products.js","statementMap":{"0":{"start":{"line":1,"column":16},"end":{"line":1,"column":34}},"1":{"start":{"line":2,"column":17},"end":{"line":2,"column":45}},"2":{"start":{"line":3,"column":21},"end":{"line":3,"column":54}},"3":{"start":{"line":4,"column":26},"end":{"line":4,"column":69}},"4":{"start":{"line":6,"column":15},"end":{"line":6,"column":31}},"5":{"start":{"line":8,"column":0},"end":{"line":8,"column":40}},"6":{"start":{"line":9,"column":0},"end":{"line":9,"column":42}},"7":{"start":{"line":10,"column":0},"end":{"line":13,"column":39}},"8":{"start":{"line":14,"column":0},"end":{"line":14,"column":45}},"9":{"start":{"line":15,"column":0},"end":{"line":15,"column":48}},"10":{"start":{"line":17,"column":0},"end":{"line":17,"column":24}}},"fnMap":{},"branchMap":{},"s":{"0":8,"1":8,"2":8,"3":8,"4":8,"5":8,"6":8,"7":8,"8":8,"9":8,"10":8},"f":{},"b":{},"_coverageSchema":"1a1c01bbd47fc00a2c39e90264f33305004495a9","hash":"dc96211303a44239241f5b52066616b70c212bbf"}
,"C:\\Users\\bhisma\\.gemini\\antigravity\\sistem_voice\\server\\routes\\receipts.js": {"path":"C:\\Users\\bhisma\\.gemini\\antigravity\\sistem_voice\\server\\routes\\receipts.js","statementMap":{"0":{"start":{"line":1,"column":16},"end":{"line":1,"column":34}},"1":{"start":{"line":2,"column":26},"end":{"line":2,"column":69}},"2":{"start":{"line":4,"column":15},"end":{"line":4,"column":31}},"3":{"start":{"line":6,"column":0},"end":{"line":6,"column":43}},"4":{"start":{"line":7,"column":0},"end":{"line":7,"column":42}},"5":{"start":{"line":8,"column":0},"end":{"line":8,"column":46}},"6":{"start":{"line":9,"column":0},"end":{"line":9,"column":48}},"7":{"start":{"line":11,"column":0},"end":{"line":11,"column":24}}},"fnMap":{},"branchMap":{},"s":{"0":8,"1":8,"2":8,"3":8,"4":8,"5":8,"6":8,"7":8},"f":{},"b":{},"_coverageSchema":"1a1c01bbd47fc00a2c39e90264f33305004495a9","hash":"52341883639abfb13a9c2e1ff7e4716c1875aba0"}
,"C:\\Users\\bhisma\\.gemini\\antigravity\\sistem_voice\\server\\tests\\helpers.js": {"path":"C:\\Users\\bhisma\\.gemini\\antigravity\\sistem_voice\\server\\tests\\helpers.js","statementMap":{"0":{"start":{"line":4,"column":15},"end":{"line":4,"column":32}},"1":{"start":{"line":5,"column":12},"end":{"line":5,"column":35}},"2":{"start":{"line":6,"column":20},"end":{"line":6,"column":49}},"3":{"start":{"line":8,"column":18},"end":{"line":13,"column":1}},"4":{"start":{"line":15,"column":20},"end":{"line":20,"column":1}},"5":{"start":{"line":26,"column":15},"end":{"line":26,"column":24}},"6":{"start":{"line":27,"column":23},"end":{"line":27,"column":62}},"7":{"start":{"line":28,"column":19},"end":{"line":31,"column":3}},"8":{"start":{"line":32,"column":17},"end":{"line":32,"column":32}},"9":{"start":{"line":34,"column":16},"end":{"line":38,"column":3}},"10":{"start":{"line":39,"column":23},"end":{"line":43,"column":3}},"11":{"start":{"line":46,"column":20},"end":{"line":47,"column":49}},"12":{"start":{"line":48,"column":2},"end":{"line":51,"column":4}},"13":{"start":{"line":53,"column":2},"end":{"line":58,"column":4}},"14":{"start":{"line":65,"column":15},"end":{"line":65,"column":24}},"15":{"start":{"line":66,"column":15},"end":{"line":75,"column":3}},"16":{"start":{"line":76,"column":19},"end":{"line":79,"column":3}},"17":{"start":{"line":80,"column":2},"end":{"line":80,"column":42}},"18":{"start":{"line":87,"column":15},"end":{"line":87,"column":24}},"19":{"start":{"line":88,"column":15},"end":{"line":97,"column":3}},"20":{"start":{"line":98,"column":19},"end":{"line":101,"column":3}},"21":{"start":{"line":102,"column":2},"end":{"line":102,"column":42}},"22":{"start":{"line":109,"column":15},"end":{"line":109,"column":24}},"23":{"start":{"line":110,"column":16},"end":{"line":110,"column":54}},"24":{"start":{"line":111,"column":18},"end":{"line":111,"column":93}},"25":{"start":{"line":113,"column":15},"end":{"line":131,"column":3}},"26":{"start":{"line":133,"column":19},"end":{"line":142,"column":3}},"27":{"start":{"line":145,"column":2},"end":{"line":148,"column":4}},"28":{"start":{"line":150,"column":2},"end":{"line":150,"column":42}},"29":{"start":{"line":157,"column":2},"end":{"line":157,"column":46}},"30":{"start":{"line":160,"column":0},"end":{"line":168,"column":2}}},"fnMap":{"0":{"name":"createTestUser","decl":{"start":{"line":25,"column":15},"end":{"line":25,"column":29}},"loc":{"start":{"line":25,"column":52},"end":{"line":59,"column":1}},"line":25},"1":{"name":"createTestContact","decl":{"start":{"line":64,"column":15},"end":{"line":64,"column":32}},"loc":{"start":{"line":64,"column":57},"end":{"line":81,"column":1}},"line":64},"2":{"name":"createTestProduct","decl":{"start":{"line":86,"column":15},"end":{"line":86,"column":32}},"loc":{"start":{"line":86,"column":57},"end":{"line":103,"column":1}},"line":86},"3":{"name":"createTestDocument","decl":{"start":{"line":108,"column":15},"end":{"line":108,"column":33}},"loc":{"start":{"line":108,"column":58},"end":{"line":151,"column":1}},"line":108},"4":{"name":"authHeader","decl":{"start":{"line":156,"column":9},"end":{"line":156,"column":19}},"loc":{"start":{"line":156,"column":27},"end":{"line":158,"column":1}},"line":156}},"branchMap":{"0":{"loc":{"start":{"line":25,"column":30},"end":{"line":25,"column":50}},"type":"default-arg","locations":[{"start":{"line":25,"column":41},"end":{"line":25,"column":50}}],"line":25},"1":{"loc":{"start":{"line":64,"column":41},"end":{"line":64,"column":55}},"type":"default-arg","locations":[{"start":{"line":64,"column":53},"end":{"line":64,"column":55}}],"line":64},"2":{"loc":{"start":{"line":86,"column":41},"end":{"line":86,"column":55}},"type":"default-arg","locations":[{"start":{"line":86,"column":53},"end":{"line":86,"column":55}}],"line":86},"3":{"loc":{"start":{"line":108,"column":42},"end":{"line":108,"column":56}},"type":"default-arg","locations":[{"start":{"line":108,"column":54},"end":{"line":108,"column":56}}],"line":108}},"s":{"0":8,"1":8,"2":8,"3":8,"4":8,"5":117,"6":117,"7":117,"8":117,"9":117,"10":117,"11":117,"12":117,"13":117,"14":79,"15":79,"16":79,"17":79,"18":11,"19":11,"20":11,"21":11,"22":63,"23":63,"24":63,"25":63,"26":63,"27":63,"28":63,"29":110,"30":8},"f":{"0":117,"1":79,"2":11,"3":63,"4":110},"b":{"0":[113],"1":[67],"2":[3],"3":[3]},"_coverageSchema":"1a1c01bbd47fc00a2c39e90264f33305004495a9","hash":"4f6b568d231c705c75c521a9dd605d1de033698f"}
,"C:\\Users\\bhisma\\.gemini\\antigravity\\sistem_voice\\server\\tests\\setup.js": {"path":"C:\\Users\\bhisma\\.gemini\\antigravity\\sistem_voice\\server\\tests\\setup.js","statementMap":{"0":{"start":{"line":5,"column":28},"end":{"line":5,"column":57}},"1":{"start":{"line":14,"column":2},"end":{"line":14,"column":66}},"2":{"start":{"line":15,"column":2},"end":{"line":15,"column":55}},"3":{"start":{"line":16,"column":2},"end":{"line":16,"column":71}},"4":{"start":{"line":17,"column":2},"end":{"line":17,"column":36}},"5":{"start":{"line":18,"column":2},"end":{"line":18,"column":44}},"6":{"start":{"line":20,"column":2},"end":{"line":20,"column":24}},"7":{"start":{"line":21,"column":2},"end":{"line":21,"column":14}},"8":{"start":{"line":28,"column":12},"end":{"line":28,"column":21}},"9":{"start":{"line":29,"column":15},"end":{"line":29,"column":38}},"10":{"start":{"line":30,"column":2},"end":{"line":43,"column":3}},"11":{"start":{"line":31,"column":4},"end":{"line":31,"column":53}},"12":{"start":{"line":32,"column":19},"end":{"line":36,"column":5}},"13":{"start":{"line":37,"column":4},"end":{"line":39,"column":5}},"14":{"start":{"line":38,"column":6},"end":{"line":38,"column":52}},"15":{"start":{"line":40,"column":4},"end":{"line":40,"column":53}},"16":{"start":{"line":42,"column":4},"end":{"line":42,"column":19}},"17":{"start":{"line":50,"column":12},"end":{"line":50,"column":21}},"18":{"start":{"line":51,"column":2},"end":{"line":51,"column":16}},"19":{"start":{"line":54,"column":0},"end":{"line":54,"column":58}}},"fnMap":{"0":{"name":"setupTestDB","decl":{"start":{"line":12,"column":15},"end":{"line":12,"column":26}},"loc":{"start":{"line":12,"column":29},"end":{"line":22,"column":1}},"line":12},"1":{"name":"cleanDB","decl":{"start":{"line":27,"column":15},"end":{"line":27,"column":22}},"loc":{"start":{"line":27,"column":25},"end":{"line":44,"column":1}},"line":27},"2":{"name":"teardownTestDB","decl":{"start":{"line":49,"column":15},"end":{"line":49,"column":29}},"loc":{"start":{"line":49,"column":32},"end":{"line":52,"column":1}},"line":49}},"branchMap":{"0":{"loc":{"start":{"line":14,"column":24},"end":{"line":14,"column":65}},"type":"binary-expr","locations":[{"start":{"line":14,"column":24},"end":{"line":14,"column":43}},{"start":{"line":14,"column":47},"end":{"line":14,"column":65}}],"line":14}},"s":{"0":8,"1":8,"2":8,"3":8,"4":8,"5":8,"6":8,"7":8,"8":125,"9":125,"10":125,"11":125,"12":125,"13":125,"14":1125,"15":125,"16":125,"17":8,"18":8,"19":8},"f":{"0":8,"1":125,"2":8},"b":{"0":[8,0]},"_coverageSchema":"1a1c01bbd47fc00a2c39e90264f33305004495a9","hash":"771afa63f4a9c2b6563874a13b92d57bd752a95d"}
}
