TN:
SF:app.js
FN:35,(anonymous_0)
FN:57,(anonymous_1)
FN:78,(anonymous_2)
FN:91,(anonymous_3)
FN:104,(anonymous_4)
FNF:5
FNH:3
FNDA:153,(anonymous_0)
FNDA:1,(anonymous_1)
FNDA:0,(anonymous_2)
FNDA:0,(anonymous_3)
FNDA:1,(anonymous_4)
DA:1,8
DA:2,8
DA:3,8
DA:4,8
DA:5,8
DA:6,8
DA:7,8
DA:10,8
DA:11,8
DA:14,8
DA:15,8
DA:16,8
DA:17,8
DA:18,8
DA:19,8
DA:20,8
DA:21,8
DA:22,8
DA:24,8
DA:27,8
DA:28,8
DA:34,8
DA:35,153
DA:36,8
DA:37,8
DA:39,8
DA:42,8
DA:43,8
DA:46,8
DA:47,8
DA:48,8
DA:53,8
DA:54,8
DA:57,8
DA:58,1
DA:62,8
DA:63,8
DA:64,8
DA:65,8
DA:66,8
DA:67,8
DA:68,8
DA:69,8
DA:70,8
DA:71,8
DA:74,8
DA:75,0
DA:76,0
DA:78,0
DA:79,0
DA:80,0
DA:81,0
DA:82,0
DA:83,0
DA:84,0
DA:87,0
DA:91,0
DA:92,0
DA:93,0
DA:94,0
DA:95,0
DA:96,0
DA:98,0
DA:104,8
DA:105,1
DA:107,8
DA:109,8
LF:67
LH:50
BRDA:29,0,0,8
BRDA:29,0,1,0
BRDA:36,1,0,8
BRDA:36,1,1,0
BRDA:37,2,0,8
BRDA:37,2,1,0
BRDA:46,3,0,8
BRDA:46,3,1,0
BRDA:47,4,0,0
BRDA:47,4,1,8
BRDA:74,5,0,0
BRDA:74,5,1,8
BRDA:83,6,0,0
BRDA:83,6,1,0
BRDA:83,7,0,0
BRDA:83,7,1,0
BRDA:83,7,2,0
BRF:17
BRH:6
end_of_record
TN:
SF:config\database.js
FN:19,initDB
FN:209,getPool
FNF:2
FNH:2
FNDA:8,initDB
FNDA:672,getPool
DA:1,8
DA:2,8
DA:3,8
DA:5,8
DA:21,8
DA:27,8
DA:28,8
DA:31,8
DA:34,8
DA:35,8
DA:36,8
DA:56,8
DA:67,8
DA:83,8
DA:99,8
DA:126,8
DA:140,8
DA:156,8
DA:170,8
DA:171,8
DA:173,8
DA:177,8
DA:178,8
DA:180,8
DA:183,8
DA:201,8
DA:203,8
DA:206,8
DA:210,672
DA:211,672
DA:214,8
LF:31
LH:31
BRDA:6,0,0,8
BRDA:6,0,1,0
BRDA:7,1,0,8
BRDA:7,1,1,0
BRDA:8,2,0,8
BRDA:8,2,1,0
BRDA:9,3,0,8
BRDA:9,3,1,8
BRDA:10,4,0,8
BRDA:10,4,1,0
BRDA:173,5,0,0
BRDA:173,5,1,8
BRDA:180,6,0,0
BRDA:180,6,1,8
BRDA:210,7,0,0
BRDA:210,7,1,672
BRF:16
BRH:9
end_of_record
TN:
SF:controllers\authController.js
FN:5,generateAccessToken
FN:9,generateRefreshToken
FN:14,(anonymous_2)
FN:34,(anonymous_3)
FN:57,(anonymous_4)
FN:90,(anonymous_5)
FN:113,(anonymous_6)
FN:121,(anonymous_7)
FNF:8
FNH:7
FNDA:7,generateAccessToken
FNDA:6,generateRefreshToken
FNDA:6,(anonymous_2)
FNDA:3,(anonymous_3)
FNDA:0,(anonymous_4)
FNDA:4,(anonymous_5)
FNDA:2,(anonymous_6)
FNDA:1,(anonymous_7)
DA:1,8
DA:2,8
DA:3,8
DA:6,7
DA:10,6
DA:13,8
DA:15,6
DA:16,6
DA:17,6
DA:18,6
DA:19,1
DA:21,5
DA:22,5
DA:23,5
DA:24,5
DA:26,5
DA:27,5
DA:28,5
DA:30,5
DA:31,0
DA:35,3
DA:36,3
DA:37,3
DA:38,3
DA:39,1
DA:41,2
DA:42,2
DA:43,1
DA:45,1
DA:46,1
DA:48,1
DA:49,1
DA:50,1
DA:52,1
DA:53,1
DA:54,0
DA:58,0
DA:59,0
DA:60,0
DA:62,0
DA:63,0
DA:64,0
DA:68,0
DA:69,0
DA:70,0
DA:72,0
DA:73,0
DA:74,0
DA:75,0
DA:78,0
DA:79,0
DA:81,0
DA:82,0
DA:83,0
DA:85,0
DA:86,0
DA:87,0
DA:91,4
DA:92,4
DA:93,4
DA:94,1
DA:96,3
DA:97,3
DA:98,2
DA:100,1
DA:101,1
DA:102,1
DA:103,1
DA:104,1
DA:105,1
DA:107,0
DA:108,0
DA:110,0
DA:114,2
DA:115,2
DA:116,2
DA:117,2
DA:118,0
DA:122,1
DA:123,1
DA:124,1
DA:125,1
DA:126,0
DA:130,8
LF:84
LH:56
BRDA:6,0,0,7
BRDA:6,0,1,0
BRDA:10,1,0,6
BRDA:10,1,1,0
BRDA:18,2,0,1
BRDA:18,2,1,5
BRDA:38,3,0,1
BRDA:38,3,1,2
BRDA:42,4,0,1
BRDA:42,4,1,1
BRDA:60,5,0,0
BRDA:60,5,1,0
BRDA:73,6,0,0
BRDA:73,6,1,0
BRDA:93,7,0,1
BRDA:93,7,1,3
BRDA:97,8,0,2
BRDA:97,8,1,1
BRDA:103,9,0,0
BRDA:103,9,1,1
BRDA:116,10,0,2
BRDA:116,10,1,0
BRDA:124,11,0,0
BRDA:124,11,1,1
BRF:24
BRH:15
end_of_record
TN:
SF:controllers\contactController.js
FN:4,(anonymous_0)
FN:10,(anonymous_1)
FN:17,(anonymous_2)
FN:23,(anonymous_3)
FN:30,(anonymous_4)
FNF:5
FNH:5
FNDA:5,(anonymous_0)
FNDA:3,(anonymous_1)
FNDA:2,(anonymous_2)
FNDA:1,(anonymous_3)
FNDA:2,(anonymous_4)
DA:1,8
DA:3,8
DA:5,5
DA:6,5
DA:7,5
DA:8,0
DA:11,3
DA:12,3
DA:13,3
DA:14,1
DA:15,0
DA:18,2
DA:19,2
DA:20,2
DA:21,0
DA:24,1
DA:25,1
DA:26,1
DA:27,1
DA:28,0
DA:31,2
DA:32,2
DA:33,2
DA:34,1
DA:35,0
DA:39,8
LF:26
LH:21
BRDA:13,0,0,2
BRDA:13,0,1,1
BRDA:26,1,0,0
BRDA:26,1,1,1
BRDA:33,2,0,1
BRDA:33,2,1,1
BRF:6
BRH:5
end_of_record
TN:
SF:controllers\dashboardController.js
FN:5,(anonymous_0)
FN:13,(anonymous_1)
FN:21,(anonymous_2)
FN:30,(anonymous_3)
FN:37,(anonymous_4)
FN:47,(anonymous_5)
FN:57,(anonymous_6)
FN:64,(anonymous_7)
FNF:8
FNH:8
FNDA:1,(anonymous_0)
FNDA:1,(anonymous_1)
FNDA:1,(anonymous_2)
FNDA:1,(anonymous_3)
FNDA:1,(anonymous_4)
FNDA:1,(anonymous_5)
FNDA:2,(anonymous_6)
FNDA:2,(anonymous_7)
DA:1,8
DA:2,8
DA:4,8
DA:6,1
DA:7,1
DA:8,1
DA:9,1
DA:10,0
DA:14,1
DA:15,1
DA:16,1
DA:17,1
DA:18,0
DA:22,1
DA:23,1
DA:24,1
DA:25,0
DA:29,8
DA:31,1
DA:32,1
DA:33,1
DA:34,0
DA:38,1
DA:39,1
DA:40,1
DA:41,1
DA:42,1
DA:43,1
DA:44,0
DA:48,1
DA:49,1
DA:50,1
DA:51,1
DA:52,0
DA:56,8
DA:58,2
DA:59,2
DA:60,2
DA:61,0
DA:65,2
DA:66,2
DA:67,2
DA:68,0
DA:72,8
LF:44
LH:36
BRDA:15,0,0,1
BRDA:15,0,1,1
BRDA:40,1,0,1
BRDA:40,1,1,1
BRDA:41,2,0,1
BRDA:41,2,1,1
BRDA:49,3,0,1
BRDA:49,3,1,1
BRF:8
BRH:8
end_of_record
TN:
SF:controllers\debtController.js
FN:7,(anonymous_0)
FN:15,(anonymous_1)
FN:24,(anonymous_2)
FN:33,(anonymous_3)
FN:56,(anonymous_4)
FN:64,(anonymous_5)
FN:73,(anonymous_6)
FNF:7
FNH:7
FNDA:4,(anonymous_0)
FNDA:3,(anonymous_1)
FNDA:1,(anonymous_2)
FNDA:2,(anonymous_3)
FNDA:1,(anonymous_4)
FNDA:2,(anonymous_5)
FNDA:1,(anonymous_6)
DA:1,8
DA:2,8
DA:3,8
DA:5,8
DA:8,4
DA:9,4
DA:10,4
DA:11,0
DA:16,3
DA:17,3
DA:18,3
DA:19,3
DA:20,0
DA:25,1
DA:26,1
DA:27,1
DA:28,1
DA:29,0
DA:34,2
DA:35,2
DA:38,2
DA:39,2
DA:41,1
DA:50,1
DA:51,1
DA:52,0
DA:57,1
DA:58,1
DA:59,1
DA:60,0
DA:65,2
DA:66,2
DA:67,2
DA:68,1
DA:69,0
DA:74,1
DA:75,1
DA:76,1
DA:77,1
DA:78,0
DA:82,8
LF:41
LH:34
BRDA:26,0,0,1
BRDA:26,0,1,0
BRDA:39,1,0,1
BRDA:39,1,1,1
BRDA:45,2,0,1
BRDA:45,2,1,0
BRDA:46,3,0,1
BRDA:46,3,1,1
BRDA:47,4,0,1
BRDA:47,4,1,0
BRDA:67,5,0,1
BRDA:67,5,1,1
BRDA:76,6,0,0
BRDA:76,6,1,1
BRF:14
BRH:10
end_of_record
TN:
SF:controllers\documentController.js
FN:8,(anonymous_0)
FN:42,(anonymous_1)
FN:50,(anonymous_2)
FN:58,(anonymous_3)
FN:88,(anonymous_4)
FN:103,(anonymous_5)
FN:122,(anonymous_6)
FN:166,(anonymous_7)
FN:187,(anonymous_8)
FN:195,(anonymous_9)
FN:203,(anonymous_10)
FNF:11
FNH:10
FNDA:5,(anonymous_0)
FNDA:5,(anonymous_1)
FNDA:3,(anonymous_2)
FNDA:0,(anonymous_3)
FNDA:2,(anonymous_4)
FNDA:2,(anonymous_5)
FNDA:18,(anonymous_6)
FNDA:4,(anonymous_7)
FNDA:4,(anonymous_8)
FNDA:2,(anonymous_9)
FNDA:1,(anonymous_10)
DA:1,8
DA:2,8
DA:3,8
DA:4,8
DA:5,8
DA:7,8
DA:9,5
DA:10,5
DA:13,5
DA:14,5
DA:17,5
DA:18,5
DA:21,5
DA:22,4
DA:25,5
DA:26,5
DA:29,5
DA:30,0
DA:33,5
DA:35,0
DA:36,0
DA:38,0
DA:43,5
DA:44,5
DA:45,5
DA:46,5
DA:47,0
DA:51,3
DA:52,3
DA:53,3
DA:54,2
DA:55,0
DA:59,0
DA:60,0
DA:61,0
DA:63,0
DA:84,0
DA:85,0
DA:89,2
DA:90,2
DA:91,2
DA:93,2
DA:94,1
DA:97,1
DA:98,1
DA:99,1
DA:100,0
DA:104,2
DA:105,2
DA:106,2
DA:107,2
DA:109,2
DA:110,2
DA:113,2
DA:114,2
DA:117,2
DA:118,0
DA:123,18
DA:124,18
DA:125,18
DA:126,18
DA:128,17
DA:129,1
DA:131,16
DA:132,1
DA:136,15
DA:137,15
DA:148,15
DA:150,15
DA:153,15
DA:157,15
DA:162,0
DA:167,4
DA:168,4
DA:169,4
DA:171,4
DA:172,1
DA:175,3
DA:176,3
DA:178,3
DA:183,0
DA:188,4
DA:189,4
DA:190,4
DA:191,3
DA:192,0
DA:196,2
DA:197,2
DA:198,2
DA:199,1
DA:200,0
DA:204,1
DA:205,1
DA:206,1
DA:207,1
DA:208,1
DA:209,0
DA:213,8
LF:98
LH:79
BRDA:13,0,0,5
BRDA:13,0,1,0
BRDA:14,1,0,1
BRDA:14,1,1,4
BRDA:15,2,0,0
BRDA:15,2,1,1
BRDA:16,3,0,4
BRDA:16,3,1,0
BRDA:21,4,0,4
BRDA:21,4,1,1
BRDA:21,5,0,5
BRDA:21,5,1,4
BRDA:21,5,2,4
BRDA:29,6,0,0
BRDA:29,6,1,5
BRDA:29,7,0,5
BRDA:29,7,1,4
BRDA:35,8,0,0
BRDA:35,8,1,0
BRDA:53,9,0,1
BRDA:53,9,1,2
BRDA:61,10,0,0
BRDA:61,10,1,0
BRDA:91,11,0,0
BRDA:91,11,1,2
BRDA:93,12,0,1
BRDA:93,12,1,1
BRDA:93,13,0,2
BRDA:93,13,1,1
BRDA:107,14,0,0
BRDA:107,14,1,2
BRDA:113,15,0,2
BRDA:113,15,1,0
BRDA:113,16,0,2
BRDA:113,16,1,2
BRDA:126,17,0,1
BRDA:126,17,1,17
BRDA:128,18,0,1
BRDA:128,18,1,16
BRDA:131,19,0,1
BRDA:131,19,1,15
BRDA:142,20,0,15
BRDA:142,20,1,0
BRDA:143,21,0,15
BRDA:143,21,1,15
BRDA:144,22,0,15
BRDA:144,22,1,15
BRDA:151,23,0,12
BRDA:151,23,1,3
BRDA:153,24,0,12
BRDA:153,24,1,3
BRDA:169,25,0,0
BRDA:169,25,1,4
BRDA:171,26,0,1
BRDA:171,26,1,3
BRDA:190,27,0,1
BRDA:190,27,1,3
BRDA:198,28,0,1
BRDA:198,28,1,1
BRDA:206,29,0,0
BRDA:206,29,1,1
BRDA:206,30,0,1
BRDA:206,30,1,1
BRF:63
BRH:49
end_of_record
TN:
SF:controllers\paymentController.js
FN:14,(anonymous_0)
FN:30,(anonymous_1)
FN:48,(anonymous_2)
FN:77,(anonymous_3)
FN:101,createMidtransTransaction
FN:113,(anonymous_5)
FN:141,(anonymous_6)
FN:175,markAsPaid
FNF:8
FNH:0
FNDA:0,(anonymous_0)
FNDA:0,(anonymous_1)
FNDA:0,(anonymous_2)
FNDA:0,(anonymous_3)
FNDA:0,createMidtransTransaction
FNDA:0,(anonymous_5)
FNDA:0,(anonymous_6)
FNDA:0,markAsPaid
DA:1,8
DA:2,8
DA:3,8
DA:4,8
DA:7,8
DA:13,8
DA:15,0
DA:16,0
DA:17,0
DA:19,0
DA:20,0
DA:23,0
DA:24,0
DA:26,0
DA:31,0
DA:32,0
DA:33,0
DA:35,0
DA:37,0
DA:38,0
DA:41,0
DA:42,0
DA:44,0
DA:49,0
DA:50,0
DA:51,0
DA:52,0
DA:53,0
DA:56,0
DA:57,0
DA:58,0
DA:60,0
DA:61,0
DA:62,0
DA:65,0
DA:66,0
DA:70,0
DA:72,0
DA:73,0
DA:78,0
DA:79,0
DA:80,0
DA:83,0
DA:84,0
DA:85,0
DA:86,0
DA:87,0
DA:91,0
DA:93,0
DA:94,0
DA:96,0
DA:102,0
DA:103,0
DA:108,0
DA:109,0
DA:113,0
DA:121,0
DA:122,0
DA:131,0
DA:132,0
DA:140,0
DA:141,0
DA:142,0
DA:145,0
DA:146,0
DA:154,0
DA:166,0
DA:169,0
DA:170,0
DA:172,0
DA:176,0
DA:177,0
DA:178,0
DA:179,0
DA:180,0
DA:192,8
LF:76
LH:7
BRDA:19,0,0,0
BRDA:19,0,1,0
BRDA:33,1,0,0
BRDA:33,1,1,0
BRDA:37,2,0,0
BRDA:37,2,1,0
BRDA:57,3,0,0
BRDA:57,3,1,0
BRDA:60,4,0,0
BRDA:60,4,1,0
BRDA:61,5,0,0
BRDA:61,5,1,0
BRDA:65,6,0,0
BRDA:65,6,1,0
BRDA:83,7,0,0
BRDA:83,7,1,0
BRDA:83,8,0,0
BRDA:83,8,1,0
BRDA:85,9,0,0
BRDA:85,9,1,0
BRDA:93,10,0,0
BRDA:93,10,1,0
BRDA:102,11,0,0
BRDA:102,11,1,0
BRDA:108,12,0,0
BRDA:108,12,1,0
BRDA:116,13,0,0
BRDA:116,13,1,0
BRDA:121,14,0,0
BRDA:121,14,1,0
BRDA:121,15,0,0
BRDA:121,15,1,0
BRDA:131,16,0,0
BRDA:131,16,1,0
BRDA:131,17,0,0
BRDA:131,17,1,0
BRDA:145,18,0,0
BRDA:145,18,1,0
BRDA:160,19,0,0
BRDA:160,19,1,0
BRDA:161,20,0,0
BRDA:161,20,1,0
BRDA:179,21,0,0
BRDA:179,21,1,0
BRDA:179,22,0,0
BRDA:179,22,1,0
BRDA:185,23,0,0
BRDA:185,23,1,0
BRF:48
BRH:0
end_of_record
TN:
SF:controllers\productController.js
FN:4,(anonymous_0)
FN:10,(anonymous_1)
FN:17,(anonymous_2)
FN:23,(anonymous_3)
FN:30,(anonymous_4)
FNF:5
FNH:5
FNDA:4,(anonymous_0)
FNDA:3,(anonymous_1)
FNDA:1,(anonymous_2)
FNDA:2,(anonymous_3)
FNDA:2,(anonymous_4)
DA:1,8
DA:3,8
DA:5,4
DA:6,4
DA:7,4
DA:8,0
DA:11,3
DA:12,3
DA:13,3
DA:14,1
DA:15,0
DA:18,1
DA:19,1
DA:20,1
DA:21,0
DA:24,2
DA:25,2
DA:26,2
DA:27,2
DA:28,0
DA:31,2
DA:32,2
DA:33,2
DA:34,1
DA:35,0
DA:39,8
LF:26
LH:21
BRDA:13,0,0,2
BRDA:13,0,1,1
BRDA:26,1,0,0
BRDA:26,1,1,2
BRDA:33,2,0,1
BRDA:33,2,1,1
BRF:6
BRH:5
end_of_record
TN:
SF:controllers\receiptController.js
FN:5,(anonymous_0)
FN:26,(anonymous_1)
FN:34,(anonymous_2)
FN:42,(anonymous_3)
FNF:4
FNH:2
FNDA:2,(anonymous_0)
FNDA:5,(anonymous_1)
FNDA:0,(anonymous_2)
FNDA:0,(anonymous_3)
DA:1,8
DA:2,8
DA:4,8
DA:6,2
DA:7,2
DA:9,2
DA:10,0
DA:11,0
DA:14,2
DA:15,2
DA:17,2
DA:19,0
DA:20,0
DA:22,0
DA:27,5
DA:28,5
DA:29,5
DA:30,5
DA:31,0
DA:35,0
DA:36,0
DA:37,0
DA:38,0
DA:39,0
DA:43,0
DA:44,0
DA:45,0
DA:46,0
DA:47,0
DA:51,8
LF:30
LH:14
BRDA:9,0,0,0
BRDA:9,0,1,2
BRDA:19,1,0,0
BRDA:19,1,1,0
BRDA:37,2,0,0
BRDA:37,2,1,0
BRDA:45,3,0,0
BRDA:45,3,1,0
BRF:8
BRH:1
end_of_record
TN:
SF:middleware\auth.js
FN:7,authenticate
FN:41,optionalAuth
FNF:2
FNH:1
FNDA:116,authenticate
FNDA:0,optionalAuth
DA:1,8
DA:8,116
DA:10,116
DA:11,6
DA:17,110
DA:19,110
DA:20,110
DA:21,109
DA:22,109
DA:24,1
DA:25,0
DA:31,1
DA:42,0
DA:43,0
DA:44,0
DA:45,0
DA:46,0
DA:47,0
DA:52,0
DA:55,8
LF:20
LH:12
BRDA:10,0,0,6
BRDA:10,0,1,110
BRDA:10,1,0,116
BRDA:10,1,1,110
BRDA:24,2,0,0
BRDA:24,2,1,1
BRDA:43,3,0,0
BRDA:43,3,1,0
BRDA:43,4,0,0
BRDA:43,4,1,0
BRF:10
BRH:5
end_of_record
TN:
SF:middleware\errorHandler.js
FN:4,errorHandler
FNF:1
FNH:0
FNDA:0,errorHandler
DA:5,0
DA:6,0
DA:9,0
DA:10,0
DA:17,0
DA:18,0
DA:26,0
DA:27,0
DA:34,0
DA:41,8
LF:10
LH:1
BRDA:9,0,0,0
BRDA:9,0,1,0
BRDA:9,1,0,0
BRDA:9,1,1,0
BRDA:17,2,0,0
BRDA:17,2,1,0
BRDA:17,3,0,0
BRDA:17,3,1,0
BRDA:26,4,0,0
BRDA:26,4,1,0
BRDA:34,5,0,0
BRDA:34,5,1,0
BRDA:36,6,0,0
BRDA:36,6,1,0
BRDA:37,7,0,0
BRDA:37,7,1,0
BRF:16
BRH:0
end_of_record
TN:
SF:middleware\validate.js
FN:6,validate
FN:12,(anonymous_1)
FNF:2
FNH:2
FNDA:18,validate
FNDA:7,(anonymous_1)
DA:1,8
DA:7,18
DA:8,18
DA:9,6
DA:12,7
DA:18,12
DA:21,8
LF:7
LH:7
BRDA:8,0,0,6
BRDA:8,0,1,12
BRF:2
BRH:2
end_of_record
TN:
SF:models\ActivityLog.js
FN:4,(anonymous_0)
FN:12,(anonymous_1)
FN:16,(anonymous_2)
FN:30,(anonymous_3)
FNF:4
FNH:2
FNDA:29,(anonymous_0)
FNDA:29,(anonymous_1)
FNDA:0,(anonymous_2)
FNDA:0,(anonymous_3)
DA:1,8
DA:3,8
DA:5,29
DA:6,29
DA:13,29
DA:17,0
DA:18,0
DA:27,0
DA:31,0
DA:32,0
DA:33,0
DA:34,0
DA:38,0
DA:42,8
LF:14
LH:6
BRDA:8,0,0,29
BRDA:8,0,1,0
BRDA:8,1,0,29
BRDA:8,1,1,29
BRDA:12,2,0,29
BRDA:16,3,0,0
BRDA:33,4,0,0
BRDA:33,4,1,0
BRF:8
BRH:4
end_of_record
TN:
SF:models\Contact.js
FN:4,(anonymous_0)
FN:13,(anonymous_1)
FN:19,(anonymous_2)
FN:60,(anonymous_3)
FN:74,(anonymous_4)
FNF:5
FNH:5
FNDA:2,(anonymous_0)
FNDA:6,(anonymous_1)
FNDA:5,(anonymous_2)
FNDA:1,(anonymous_3)
FNDA:2,(anonymous_4)
DA:1,8
DA:3,8
DA:5,2
DA:6,2
DA:10,2
DA:14,6
DA:15,6
DA:16,6
DA:20,5
DA:21,5
DA:22,5
DA:24,5
DA:25,5
DA:27,5
DA:28,5
DA:29,5
DA:31,5
DA:32,5
DA:33,5
DA:34,5
DA:36,5
DA:39,5
DA:40,6
DA:47,6
DA:48,6
DA:49,6
DA:50,0
DA:51,0
DA:53,6
DA:57,5
DA:61,1
DA:62,1
DA:63,1
DA:64,1
DA:65,1
DA:66,6
DA:68,1
DA:69,1
DA:70,1
DA:71,1
DA:75,2
DA:76,2
DA:77,2
DA:81,8
LF:44
LH:42
BRDA:8,0,0,2
BRDA:8,0,1,0
BRDA:8,1,0,2
BRDA:8,1,1,1
BRDA:8,2,0,2
BRDA:8,2,1,2
BRDA:8,3,0,2
BRDA:8,3,1,2
BRDA:16,4,0,6
BRDA:16,4,1,2
BRDA:19,5,0,0
BRDA:24,6,0,1
BRDA:24,6,1,4
BRDA:25,7,0,1
BRDA:25,7,1,4
BRDA:31,8,0,5
BRDA:31,8,1,4
BRDA:32,9,0,5
BRDA:32,9,1,4
BRDA:49,10,0,0
BRDA:49,10,1,6
BRDA:66,11,0,2
BRDA:66,11,1,4
BRDA:68,12,0,0
BRDA:68,12,1,1
BRF:25
BRH:21
end_of_record
TN:
SF:models\Document.js
FN:4,(anonymous_0)
FN:59,(anonymous_1)
FN:84,(anonymous_2)
FN:111,(anonymous_3)
FN:159,(anonymous_4)
FN:193,(anonymous_5)
FN:207,(anonymous_6)
FN:213,(anonymous_7)
FN:238,(anonymous_8)
FN:253,(anonymous_9)
FN:263,(anonymous_10)
FN:283,(anonymous_11)
FN:300,(anonymous_12)
FN:310,(anonymous_13)
FN:327,(anonymous_14)
FNF:15
FNH:13
FNDA:5,(anonymous_0)
FNDA:62,(anonymous_1)
FNDA:0,(anonymous_2)
FNDA:5,(anonymous_3)
FNDA:1,(anonymous_4)
FNDA:2,(anonymous_5)
FNDA:2,(anonymous_6)
FNDA:1,(anonymous_7)
FNDA:1,(anonymous_8)
FNDA:3,(anonymous_9)
FNDA:0,(anonymous_10)
FNDA:2,(anonymous_11)
FNDA:3,(anonymous_12)
FNDA:5,(anonymous_13)
FNDA:1,(anonymous_14)
DA:1,8
DA:3,8
DA:8,5
DA:9,5
DA:11,5
DA:12,5
DA:14,5
DA:24,5
DA:26,5
DA:27,4
DA:28,4
DA:33,4
DA:34,0
DA:35,0
DA:39,0
DA:40,0
DA:49,5
DA:50,5
DA:52,0
DA:53,0
DA:55,5
DA:60,62
DA:61,62
DA:69,62
DA:70,58
DA:72,58
DA:79,58
DA:81,58
DA:85,0
DA:86,0
DA:96,0
DA:97,0
DA:99,0
DA:106,0
DA:108,0
DA:112,5
DA:113,5
DA:119,5
DA:121,5
DA:122,1
DA:123,1
DA:125,5
DA:126,1
DA:127,1
DA:129,5
DA:130,1
DA:131,1
DA:133,5
DA:134,0
DA:135,0
DA:139,5
DA:140,5
DA:141,5
DA:144,5
DA:145,5
DA:146,5
DA:147,5
DA:148,5
DA:150,5
DA:151,5
DA:152,5
DA:153,5
DA:155,5
DA:156,5
DA:160,1
DA:161,1
DA:162,1
DA:163,1
DA:166,1
DA:167,11
DA:168,2
DA:169,2
DA:172,1
DA:173,0
DA:175,1
DA:177,1
DA:180,1
DA:181,0
DA:182,0
DA:183,0
DA:190,1
DA:194,2
DA:195,2
DA:196,2
DA:197,2
DA:198,0
DA:200,2
DA:201,2
DA:203,2
DA:204,2
DA:208,2
DA:209,2
DA:210,2
DA:214,1
DA:215,1
DA:225,1
DA:226,1
DA:227,0
DA:228,0
DA:230,1
DA:231,1
DA:232,1
DA:234,1
DA:235,1
DA:239,1
DA:240,1
DA:249,1
DA:254,3
DA:255,3
DA:259,3
DA:264,0
DA:265,0
DA:266,0
DA:268,0
DA:269,0
DA:270,0
DA:271,0
DA:273,0
DA:275,0
DA:276,0
DA:278,0
DA:279,0
DA:284,2
DA:285,2
DA:292,2
DA:293,1
DA:294,1
DA:296,2
DA:301,3
DA:302,3
DA:306,3
DA:311,5
DA:312,5
DA:313,5
DA:316,4
DA:322,4
DA:327,4
DA:328,4
DA:329,4
DA:330,4
DA:331,4
DA:333,4
DA:347,8
LF:143
LH:109
BRDA:18,0,0,5
BRDA:18,0,1,3
BRDA:19,1,0,5
BRDA:19,1,1,5
BRDA:20,2,0,5
BRDA:20,2,1,1
BRDA:20,3,0,5
BRDA:20,3,1,5
BRDA:20,4,0,5
BRDA:20,4,1,5
BRDA:21,5,0,5
BRDA:21,5,1,3
BRDA:21,6,0,5
BRDA:21,6,1,3
BRDA:21,7,0,5
BRDA:21,7,1,1
BRDA:22,8,0,5
BRDA:22,8,1,5
BRDA:22,9,0,5
BRDA:22,9,1,1
BRDA:26,10,0,4
BRDA:26,10,1,1
BRDA:26,11,0,5
BRDA:26,11,1,5
BRDA:30,12,0,4
BRDA:30,12,1,4
BRDA:33,13,0,0
BRDA:33,13,1,4
BRDA:34,14,0,0
BRDA:34,14,1,0
BRDA:39,15,0,0
BRDA:39,15,1,0
BRDA:69,16,0,4
BRDA:69,16,1,58
BRDA:96,17,0,0
BRDA:96,17,1,0
BRDA:111,18,0,0
BRDA:121,19,0,1
BRDA:121,19,1,4
BRDA:125,20,0,1
BRDA:125,20,1,4
BRDA:129,21,0,1
BRDA:129,21,1,4
BRDA:129,22,0,5
BRDA:129,22,1,1
BRDA:133,23,0,0
BRDA:133,23,1,5
BRDA:144,24,0,5
BRDA:144,24,1,5
BRDA:145,25,0,0
BRDA:145,25,1,5
BRDA:147,26,0,5
BRDA:147,26,1,0
BRDA:150,27,0,5
BRDA:150,27,1,5
BRDA:151,28,0,5
BRDA:151,28,1,5
BRDA:167,29,0,2
BRDA:167,29,1,9
BRDA:172,30,0,0
BRDA:172,30,1,1
BRDA:180,31,0,0
BRDA:180,31,1,1
BRDA:185,32,0,0
BRDA:185,32,1,0
BRDA:197,33,0,0
BRDA:197,33,1,2
BRDA:226,34,0,0
BRDA:226,34,1,1
BRDA:230,35,0,1
BRDA:230,35,1,0
BRDA:268,36,0,0
BRDA:268,36,1,0
BRDA:270,37,0,0
BRDA:270,37,1,0
BRDA:313,38,0,1
BRDA:313,38,1,4
BRDA:340,39,0,4
BRDA:340,39,1,1
BRDA:342,40,0,4
BRDA:342,40,1,0
BRF:81
BRH:58
end_of_record
TN:
SF:models\PaymentReminder.js
FN:4,(anonymous_0)
FN:13,(anonymous_1)
FN:27,(anonymous_2)
FN:64,(anonymous_3)
FN:81,(anonymous_4)
FN:117,(anonymous_5)
FN:126,(anonymous_6)
FN:134,(anonymous_7)
FN:141,(anonymous_8)
FN:177,(anonymous_9)
FNF:10
FNH:9
FNDA:1,(anonymous_0)
FNDA:1,(anonymous_1)
FNDA:3,(anonymous_2)
FNDA:1,(anonymous_3)
FNDA:4,(anonymous_4)
FNDA:0,(anonymous_5)
FNDA:1,(anonymous_6)
FNDA:2,(anonymous_7)
FNDA:5,(anonymous_8)
FNDA:2,(anonymous_9)
DA:1,8
DA:3,8
DA:5,1
DA:6,1
DA:10,1
DA:14,1
DA:15,1
DA:24,1
DA:28,3
DA:29,3
DA:37,3
DA:39,3
DA:40,0
DA:41,0
DA:43,3
DA:44,0
DA:45,3
DA:46,0
DA:49,3
DA:50,3
DA:51,3
DA:53,3
DA:54,3
DA:55,3
DA:56,3
DA:57,3
DA:59,3
DA:60,3
DA:65,1
DA:66,1
DA:77,1
DA:82,4
DA:83,4
DA:96,4
DA:101,4
DA:102,3
DA:103,3
DA:104,3
DA:106,3
DA:107,1
DA:108,1
DA:110,2
DA:114,4
DA:118,0
DA:119,0
DA:123,0
DA:127,1
DA:128,1
DA:135,2
DA:136,2
DA:137,2
DA:142,5
DA:143,5
DA:144,5
DA:146,5
DA:147,5
DA:149,5
DA:155,5
DA:156,15
DA:157,15
DA:160,15
DA:162,15
DA:166,15
DA:167,12
DA:178,2
DA:179,2
DA:187,2
DA:188,1
DA:193,2
DA:197,8
LF:70
LH:63
BRDA:8,0,0,1
BRDA:8,0,1,0
BRDA:8,1,0,1
BRDA:8,1,1,1
BRDA:8,2,0,1
BRDA:8,2,1,0
BRDA:24,3,0,1
BRDA:24,3,1,0
BRDA:27,4,0,0
BRDA:39,5,0,0
BRDA:39,5,1,3
BRDA:43,6,0,0
BRDA:43,6,1,3
BRDA:45,7,0,0
BRDA:45,7,1,3
BRDA:54,8,0,3
BRDA:54,8,1,2
BRDA:55,9,0,3
BRDA:55,9,1,2
BRDA:64,10,0,0
BRDA:106,11,0,1
BRDA:106,11,1,2
BRDA:144,12,0,0
BRDA:144,12,1,5
BRDA:160,13,0,15
BRDA:160,13,1,0
BRDA:166,14,0,12
BRDA:166,14,1,3
BRF:28
BRH:18
end_of_record
TN:
SF:models\Product.js
FN:4,(anonymous_0)
FN:13,(anonymous_1)
FN:19,(anonymous_2)
FN:39,(anonymous_3)
FN:53,(anonymous_4)
FNF:5
FNH:5
FNDA:1,(anonymous_0)
FNDA:6,(anonymous_1)
FNDA:4,(anonymous_2)
FNDA:2,(anonymous_3)
FNDA:2,(anonymous_4)
DA:1,8
DA:3,8
DA:5,1
DA:6,1
DA:10,1
DA:14,6
DA:15,6
DA:16,6
DA:20,4
DA:21,4
DA:22,4
DA:23,4
DA:24,4
DA:26,4
DA:27,4
DA:28,4
DA:30,4
DA:31,4
DA:32,4
DA:33,4
DA:35,4
DA:36,4
DA:40,2
DA:41,2
DA:42,2
DA:43,2
DA:44,2
DA:45,12
DA:47,2
DA:48,2
DA:49,2
DA:50,2
DA:54,2
DA:55,2
DA:56,2
DA:60,8
LF:36
LH:36
BRDA:8,0,0,1
BRDA:8,0,1,0
BRDA:8,1,0,1
BRDA:8,1,1,0
BRDA:8,2,0,1
BRDA:8,2,1,0
BRDA:8,3,0,1
BRDA:8,3,1,0
BRDA:16,4,0,6
BRDA:16,4,1,2
BRDA:19,5,0,0
BRDA:23,6,0,1
BRDA:23,6,1,3
BRDA:24,7,0,1
BRDA:24,7,1,3
BRDA:30,8,0,4
BRDA:30,8,1,4
BRDA:31,9,0,4
BRDA:31,9,1,4
BRDA:45,10,0,4
BRDA:45,10,1,8
BRDA:47,11,0,0
BRDA:47,11,1,2
BRF:23
BRH:17
end_of_record
TN:
SF:models\Receipt.js
FN:4,(anonymous_0)
FN:36,(anonymous_1)
FN:48,(anonymous_2)
FN:89,(anonymous_3)
FNF:4
FNH:3
FNDA:17,(anonymous_0)
FNDA:17,(anonymous_1)
FNDA:5,(anonymous_2)
FNDA:0,(anonymous_3)
DA:1,8
DA:3,8
DA:5,17
DA:6,17
DA:8,17
DA:9,17
DA:11,17
DA:17,17
DA:18,17
DA:20,17
DA:21,17
DA:23,0
DA:26,17
DA:27,17
DA:29,0
DA:30,0
DA:32,17
DA:37,17
DA:38,17
DA:45,17
DA:49,5
DA:50,5
DA:57,5
DA:59,5
DA:60,3
DA:61,3
DA:63,5
DA:64,0
DA:65,0
DA:67,5
DA:68,0
DA:69,0
DA:72,5
DA:73,5
DA:74,5
DA:76,5
DA:77,5
DA:78,5
DA:80,5
DA:81,5
DA:82,5
DA:83,5
DA:85,5
DA:86,5
DA:90,0
DA:91,0
DA:92,0
DA:96,8
LF:48
LH:38
BRDA:13,0,0,17
BRDA:13,0,1,0
BRDA:13,1,0,17
BRDA:13,1,1,1
BRDA:20,2,0,17
BRDA:20,2,1,0
BRDA:20,3,0,17
BRDA:20,3,1,17
BRDA:45,4,0,17
BRDA:45,4,1,0
BRDA:48,5,0,0
BRDA:59,6,0,3
BRDA:59,6,1,2
BRDA:63,7,0,0
BRDA:63,7,1,5
BRDA:67,8,0,0
BRDA:67,8,1,5
BRDA:76,9,0,5
BRDA:76,9,1,5
BRDA:77,10,0,0
BRDA:77,10,1,5
BRDA:78,11,0,5
BRDA:78,11,1,0
BRDA:80,12,0,5
BRDA:80,12,1,5
BRDA:81,13,0,5
BRDA:81,13,1,5
BRF:27
BRH:19
end_of_record
TN:
SF:models\Report.js
FN:4,(anonymous_0)
FN:37,(anonymous_1)
FN:52,(anonymous_2)
FN:74,(anonymous_3)
FN:95,(anonymous_4)
FN:114,(anonymous_5)
FNF:6
FNH:6
FNDA:1,(anonymous_0)
FNDA:1,(anonymous_1)
FNDA:1,(anonymous_2)
FNDA:1,(anonymous_3)
FNDA:1,(anonymous_4)
FNDA:1,(anonymous_5)
DA:1,8
DA:3,8
DA:5,1
DA:6,1
DA:20,1
DA:23,1
DA:24,1
DA:25,1
DA:26,1
DA:27,1
DA:28,1
DA:30,1
DA:31,1
DA:32,1
DA:34,1
DA:38,1
DA:39,1
DA:49,1
DA:53,1
DA:54,1
DA:61,1
DA:62,1
DA:63,4
DA:69,4
DA:71,1
DA:75,1
DA:76,1
DA:82,1
DA:88,1
DA:96,1
DA:97,1
DA:104,1
DA:111,1
DA:115,1
DA:116,1
DA:122,1
DA:126,8
LF:37
LH:37
BRDA:23,0,0,1
BRDA:23,0,1,0
BRDA:24,1,0,1
BRDA:24,1,1,1
BRDA:25,2,0,1
BRDA:25,2,1,0
BRDA:26,3,0,1
BRDA:26,3,1,1
BRDA:27,4,0,1
BRDA:27,4,1,1
BRDA:28,5,0,1
BRDA:28,5,1,1
BRDA:37,6,0,0
BRDA:95,7,0,0
BRDA:114,8,0,0
BRF:15
BRH:10
end_of_record
TN:
SF:models\User.js
FN:4,(anonymous_0)
FN:13,(anonymous_1)
FN:25,(anonymous_2)
FN:31,(anonymous_3)
FN:51,(anonymous_4)
FN:58,(anonymous_5)
FN:66,(anonymous_6)
FN:70,(anonymous_7)
FN:75,(anonymous_8)
FN:79,(anonymous_9)
FNF:10
FNH:7
FNDA:5,(anonymous_0)
FNDA:12,(anonymous_1)
FNDA:9,(anonymous_2)
FNDA:2,(anonymous_3)
FNDA:0,(anonymous_4)
FNDA:0,(anonymous_5)
FNDA:6,(anonymous_6)
FNDA:3,(anonymous_7)
FNDA:2,(anonymous_8)
FNDA:0,(anonymous_9)
DA:1,8
DA:3,8
DA:5,5
DA:6,5
DA:10,5
DA:14,12
DA:15,12
DA:22,12
DA:26,9
DA:27,9
DA:28,9
DA:32,2
DA:33,2
DA:34,2
DA:35,2
DA:38,2
DA:39,16
DA:40,5
DA:41,5
DA:44,2
DA:46,2
DA:47,2
DA:48,2
DA:52,0
DA:53,0
DA:54,0
DA:55,0
DA:59,0
DA:60,0
DA:65,8
DA:67,6
DA:68,6
DA:71,3
DA:72,3
DA:73,3
DA:76,2
DA:77,2
DA:80,0
DA:81,0
DA:85,8
LF:40
LH:32
BRDA:8,0,0,5
BRDA:8,0,1,0
BRDA:22,1,0,12
BRDA:22,1,1,0
BRDA:28,2,0,9
BRDA:28,2,1,6
BRDA:39,3,0,5
BRDA:39,3,1,11
BRDA:44,4,0,0
BRDA:44,4,1,2
BRDA:73,5,0,3
BRDA:73,5,1,2
BRF:12
BRH:9
end_of_record
TN:
SF:routes\auth.js
FNF:0
FNH:0
DA:1,8
DA:2,8
DA:3,8
DA:4,8
DA:5,8
DA:7,8
DA:9,8
DA:16,8
DA:21,8
DA:23,8
DA:24,8
DA:25,8
DA:27,8
LF:13
LH:13
BRF:0
BRH:0
end_of_record
TN:
SF:routes\contacts.js
FNF:0
FNH:0
DA:1,8
DA:2,8
DA:3,8
DA:4,8
DA:6,8
DA:8,8
DA:9,8
DA:10,8
DA:14,8
DA:15,8
DA:17,8
LF:11
LH:11
BRF:0
BRH:0
end_of_record
TN:
SF:routes\dashboard.js
FNF:0
FNH:0
DA:1,8
DA:2,8
DA:4,8
DA:5,8
DA:6,8
DA:7,8
DA:9,8
DA:10,8
DA:11,8
DA:12,8
DA:14,8
DA:15,8
DA:16,8
DA:18,8
LF:14
LH:14
BRF:0
BRH:0
end_of_record
TN:
SF:routes\debts.js
FNF:0
FNH:0
DA:1,8
DA:2,8
DA:4,8
DA:6,8
DA:7,8
DA:8,8
DA:9,8
DA:10,8
DA:11,8
DA:12,8
DA:14,8
LF:11
LH:11
BRF:0
BRH:0
end_of_record
TN:
SF:routes\documents.js
FNF:0
FNH:0
DA:1,8
DA:2,8
DA:4,8
DA:6,8
DA:7,8
DA:8,8
DA:9,8
DA:10,8
DA:11,8
DA:12,8
DA:13,8
DA:14,8
DA:16,8
LF:13
LH:13
BRF:0
BRH:0
end_of_record
TN:
SF:routes\payments.js
FNF:0
FNH:0
DA:1,8
DA:2,8
DA:3,8
DA:5,8
DA:7,8
DA:8,8
DA:9,8
DA:10,8
DA:12,8
LF:9
LH:9
BRF:0
BRH:0
end_of_record
TN:
SF:routes\products.js
FNF:0
FNH:0
DA:1,8
DA:2,8
DA:3,8
DA:4,8
DA:6,8
DA:8,8
DA:9,8
DA:10,8
DA:14,8
DA:15,8
DA:17,8
LF:11
LH:11
BRF:0
BRH:0
end_of_record
TN:
SF:routes\receipts.js
FNF:0
FNH:0
DA:1,8
DA:2,8
DA:4,8
DA:6,8
DA:7,8
DA:8,8
DA:9,8
DA:11,8
LF:8
LH:8
BRF:0
BRH:0
end_of_record
TN:
SF:tests\helpers.js
FN:25,createTestUser
FN:64,createTestContact
FN:86,createTestProduct
FN:108,createTestDocument
FN:156,authHeader
FNF:5
FNH:5
FNDA:117,createTestUser
FNDA:79,createTestContact
FNDA:11,createTestProduct
FNDA:63,createTestDocument
FNDA:110,authHeader
DA:4,8
DA:5,8
DA:6,8
DA:8,8
DA:15,8
DA:26,117
DA:27,117
DA:28,117
DA:32,117
DA:34,117
DA:39,117
DA:46,117
DA:48,117
DA:53,117
DA:65,79
DA:66,79
DA:76,79
DA:80,79
DA:87,11
DA:88,11
DA:98,11
DA:102,11
DA:109,63
DA:110,63
DA:111,63
DA:113,63
DA:133,63
DA:145,63
DA:150,63
DA:157,110
DA:160,8
LF:31
LH:31
BRDA:25,0,0,113
BRDA:64,1,0,67
BRDA:86,2,0,3
BRDA:108,3,0,3
BRF:4
BRH:4
end_of_record
TN:
SF:tests\setup.js
FN:12,setupTestDB
FN:27,cleanDB
FN:49,teardownTestDB
FNF:3
FNH:3
FNDA:8,setupTestDB
FNDA:125,cleanDB
FNDA:8,teardownTestDB
DA:5,8
DA:14,8
DA:15,8
DA:16,8
DA:17,8
DA:18,8
DA:20,8
DA:21,8
DA:28,125
DA:29,125
DA:30,125
DA:31,125
DA:32,125
DA:37,125
DA:38,1125
DA:40,125
DA:42,125
DA:50,8
DA:51,8
DA:54,8
LF:20
LH:20
BRDA:14,0,0,8
BRDA:14,0,1,0
BRF:2
BRH:1
end_of_record
